{"C:\\Users\\Dashboard\\EpicMail\\server\\test\\authRegister.js":{"path":"C:\\Users\\Dashboard\\EpicMail\\server\\test\\authRegister.js","statementMap":{"0":{"start":{"line":3,"column":13},"end":{"line":3,"column":29}},"1":{"start":{"line":5,"column":12},"end":{"line":5,"column":27}},"2":{"start":{"line":7,"column":16},"end":{"line":7,"column":36}},"3":{"start":{"line":9,"column":17},"end":{"line":9,"column":50}},"4":{"start":{"line":11,"column":11},"end":{"line":11,"column":28}},"5":{"start":{"line":13,"column":12},"end":{"line":13,"column":40}},"6":{"start":{"line":15,"column":39},"end":{"line":15,"column":93}},"7":{"start":{"line":17,"column":0},"end":{"line":17,"column":35}},"8":{"start":{"line":19,"column":0},"end":{"line":182,"column":3}},"9":{"start":{"line":20,"column":2},"end":{"line":34,"column":5}},"10":{"start":{"line":21,"column":4},"end":{"line":33,"column":7}},"11":{"start":{"line":29,"column":6},"end":{"line":29,"column":83}},"12":{"start":{"line":30,"column":6},"end":{"line":30,"column":42}},"13":{"start":{"line":31,"column":6},"end":{"line":31,"column":42}},"14":{"start":{"line":32,"column":6},"end":{"line":32,"column":16}},"15":{"start":{"line":35,"column":2},"end":{"line":48,"column":5}},"16":{"start":{"line":36,"column":4},"end":{"line":47,"column":7}},"17":{"start":{"line":44,"column":6},"end":{"line":44,"column":152}},"18":{"start":{"line":45,"column":6},"end":{"line":45,"column":42}},"19":{"start":{"line":46,"column":6},"end":{"line":46,"column":16}},"20":{"start":{"line":49,"column":2},"end":{"line":61,"column":5}},"21":{"start":{"line":50,"column":4},"end":{"line":60,"column":7}},"22":{"start":{"line":57,"column":6},"end":{"line":57,"column":140}},"23":{"start":{"line":58,"column":6},"end":{"line":58,"column":42}},"24":{"start":{"line":59,"column":6},"end":{"line":59,"column":16}},"25":{"start":{"line":63,"column":2},"end":{"line":75,"column":5}},"26":{"start":{"line":64,"column":4},"end":{"line":74,"column":7}},"27":{"start":{"line":71,"column":6},"end":{"line":71,"column":89}},"28":{"start":{"line":72,"column":6},"end":{"line":72,"column":42}},"29":{"start":{"line":73,"column":6},"end":{"line":73,"column":16}},"30":{"start":{"line":77,"column":2},"end":{"line":89,"column":5}},"31":{"start":{"line":78,"column":4},"end":{"line":88,"column":7}},"32":{"start":{"line":85,"column":6},"end":{"line":85,"column":83}},"33":{"start":{"line":86,"column":6},"end":{"line":86,"column":42}},"34":{"start":{"line":87,"column":6},"end":{"line":87,"column":16}},"35":{"start":{"line":91,"column":2},"end":{"line":103,"column":5}},"36":{"start":{"line":92,"column":4},"end":{"line":102,"column":7}},"37":{"start":{"line":99,"column":6},"end":{"line":99,"column":97}},"38":{"start":{"line":100,"column":6},"end":{"line":100,"column":42}},"39":{"start":{"line":101,"column":6},"end":{"line":101,"column":16}},"40":{"start":{"line":105,"column":2},"end":{"line":116,"column":5}},"41":{"start":{"line":106,"column":4},"end":{"line":115,"column":7}},"42":{"start":{"line":112,"column":6},"end":{"line":112,"column":152}},"43":{"start":{"line":113,"column":6},"end":{"line":113,"column":42}},"44":{"start":{"line":114,"column":6},"end":{"line":114,"column":16}},"45":{"start":{"line":118,"column":2},"end":{"line":129,"column":5}},"46":{"start":{"line":119,"column":4},"end":{"line":128,"column":7}},"47":{"start":{"line":125,"column":6},"end":{"line":125,"column":140}},"48":{"start":{"line":126,"column":6},"end":{"line":126,"column":42}},"49":{"start":{"line":127,"column":6},"end":{"line":127,"column":16}},"50":{"start":{"line":131,"column":2},"end":{"line":142,"column":5}},"51":{"start":{"line":132,"column":4},"end":{"line":141,"column":7}},"52":{"start":{"line":138,"column":6},"end":{"line":138,"column":89}},"53":{"start":{"line":139,"column":6},"end":{"line":139,"column":42}},"54":{"start":{"line":140,"column":6},"end":{"line":140,"column":16}},"55":{"start":{"line":143,"column":2},"end":{"line":154,"column":5}},"56":{"start":{"line":144,"column":4},"end":{"line":153,"column":7}},"57":{"start":{"line":150,"column":6},"end":{"line":150,"column":83}},"58":{"start":{"line":151,"column":6},"end":{"line":151,"column":42}},"59":{"start":{"line":152,"column":6},"end":{"line":152,"column":16}},"60":{"start":{"line":156,"column":2},"end":{"line":167,"column":5}},"61":{"start":{"line":157,"column":4},"end":{"line":166,"column":7}},"62":{"start":{"line":163,"column":6},"end":{"line":163,"column":97}},"63":{"start":{"line":164,"column":6},"end":{"line":164,"column":42}},"64":{"start":{"line":165,"column":6},"end":{"line":165,"column":16}},"65":{"start":{"line":169,"column":2},"end":{"line":181,"column":5}},"66":{"start":{"line":170,"column":4},"end":{"line":180,"column":7}},"67":{"start":{"line":177,"column":6},"end":{"line":177,"column":109}},"68":{"start":{"line":178,"column":6},"end":{"line":178,"column":42}},"69":{"start":{"line":179,"column":6},"end":{"line":179,"column":16}}},"fnMap":{"0":{"name":"_interopRequireDefault","decl":{"start":{"line":15,"column":9},"end":{"line":15,"column":31}},"loc":{"start":{"line":15,"column":37},"end":{"line":15,"column":95}},"line":15},"1":{"name":"(anonymous_1)","decl":{"start":{"line":19,"column":48},"end":{"line":19,"column":49}},"loc":{"start":{"line":19,"column":60},"end":{"line":182,"column":1}},"line":19},"2":{"name":"(anonymous_2)","decl":{"start":{"line":20,"column":42},"end":{"line":20,"column":43}},"loc":{"start":{"line":20,"column":58},"end":{"line":34,"column":3}},"line":20},"3":{"name":"(anonymous_3)","decl":{"start":{"line":28,"column":11},"end":{"line":28,"column":12}},"loc":{"start":{"line":28,"column":31},"end":{"line":33,"column":5}},"line":28},"4":{"name":"(anonymous_4)","decl":{"start":{"line":35,"column":76},"end":{"line":35,"column":77}},"loc":{"start":{"line":35,"column":92},"end":{"line":48,"column":3}},"line":35},"5":{"name":"(anonymous_5)","decl":{"start":{"line":43,"column":11},"end":{"line":43,"column":12}},"loc":{"start":{"line":43,"column":31},"end":{"line":47,"column":5}},"line":43},"6":{"name":"(anonymous_6)","decl":{"start":{"line":49,"column":75},"end":{"line":49,"column":76}},"loc":{"start":{"line":49,"column":91},"end":{"line":61,"column":3}},"line":49},"7":{"name":"(anonymous_7)","decl":{"start":{"line":56,"column":11},"end":{"line":56,"column":12}},"loc":{"start":{"line":56,"column":31},"end":{"line":60,"column":5}},"line":56},"8":{"name":"(anonymous_8)","decl":{"start":{"line":63,"column":72},"end":{"line":63,"column":73}},"loc":{"start":{"line":63,"column":88},"end":{"line":75,"column":3}},"line":63},"9":{"name":"(anonymous_9)","decl":{"start":{"line":70,"column":11},"end":{"line":70,"column":12}},"loc":{"start":{"line":70,"column":31},"end":{"line":74,"column":5}},"line":70},"10":{"name":"(anonymous_10)","decl":{"start":{"line":77,"column":74},"end":{"line":77,"column":75}},"loc":{"start":{"line":77,"column":90},"end":{"line":89,"column":3}},"line":77},"11":{"name":"(anonymous_11)","decl":{"start":{"line":84,"column":11},"end":{"line":84,"column":12}},"loc":{"start":{"line":84,"column":31},"end":{"line":88,"column":5}},"line":84},"12":{"name":"(anonymous_12)","decl":{"start":{"line":91,"column":81},"end":{"line":91,"column":82}},"loc":{"start":{"line":91,"column":97},"end":{"line":103,"column":3}},"line":91},"13":{"name":"(anonymous_13)","decl":{"start":{"line":98,"column":11},"end":{"line":98,"column":12}},"loc":{"start":{"line":98,"column":31},"end":{"line":102,"column":5}},"line":98},"14":{"name":"(anonymous_14)","decl":{"start":{"line":105,"column":83},"end":{"line":105,"column":84}},"loc":{"start":{"line":105,"column":99},"end":{"line":116,"column":3}},"line":105},"15":{"name":"(anonymous_15)","decl":{"start":{"line":111,"column":11},"end":{"line":111,"column":12}},"loc":{"start":{"line":111,"column":31},"end":{"line":115,"column":5}},"line":111},"16":{"name":"(anonymous_16)","decl":{"start":{"line":118,"column":82},"end":{"line":118,"column":83}},"loc":{"start":{"line":118,"column":98},"end":{"line":129,"column":3}},"line":118},"17":{"name":"(anonymous_17)","decl":{"start":{"line":124,"column":11},"end":{"line":124,"column":12}},"loc":{"start":{"line":124,"column":31},"end":{"line":128,"column":5}},"line":124},"18":{"name":"(anonymous_18)","decl":{"start":{"line":131,"column":79},"end":{"line":131,"column":80}},"loc":{"start":{"line":131,"column":95},"end":{"line":142,"column":3}},"line":131},"19":{"name":"(anonymous_19)","decl":{"start":{"line":137,"column":11},"end":{"line":137,"column":12}},"loc":{"start":{"line":137,"column":31},"end":{"line":141,"column":5}},"line":137},"20":{"name":"(anonymous_20)","decl":{"start":{"line":143,"column":82},"end":{"line":143,"column":83}},"loc":{"start":{"line":143,"column":98},"end":{"line":154,"column":3}},"line":143},"21":{"name":"(anonymous_21)","decl":{"start":{"line":149,"column":11},"end":{"line":149,"column":12}},"loc":{"start":{"line":149,"column":31},"end":{"line":153,"column":5}},"line":149},"22":{"name":"(anonymous_22)","decl":{"start":{"line":156,"column":89},"end":{"line":156,"column":90}},"loc":{"start":{"line":156,"column":105},"end":{"line":167,"column":3}},"line":156},"23":{"name":"(anonymous_23)","decl":{"start":{"line":162,"column":11},"end":{"line":162,"column":12}},"loc":{"start":{"line":162,"column":31},"end":{"line":166,"column":5}},"line":162},"24":{"name":"(anonymous_24)","decl":{"start":{"line":169,"column":102},"end":{"line":169,"column":103}},"loc":{"start":{"line":169,"column":118},"end":{"line":181,"column":3}},"line":169},"25":{"name":"(anonymous_25)","decl":{"start":{"line":176,"column":11},"end":{"line":176,"column":12}},"loc":{"start":{"line":176,"column":31},"end":{"line":180,"column":5}},"line":176}},"branchMap":{"0":{"loc":{"start":{"line":15,"column":46},"end":{"line":15,"column":92}},"type":"cond-expr","locations":[{"start":{"line":15,"column":70},"end":{"line":15,"column":73}},{"start":{"line":15,"column":76},"end":{"line":15,"column":92}}],"line":15},"1":{"loc":{"start":{"line":15,"column":46},"end":{"line":15,"column":67}},"type":"binary-expr","locations":[{"start":{"line":15,"column":46},"end":{"line":15,"column":49}},{"start":{"line":15,"column":53},"end":{"line":15,"column":67}}],"line":15}},"s":{"0":1,"1":1,"2":1,"3":1,"4":1,"5":1,"6":2,"7":1,"8":1,"9":1,"10":1,"11":1,"12":1,"13":1,"14":1,"15":1,"16":1,"17":1,"18":1,"19":1,"20":1,"21":1,"22":1,"23":1,"24":1,"25":1,"26":1,"27":1,"28":1,"29":1,"30":1,"31":1,"32":1,"33":1,"34":1,"35":1,"36":1,"37":1,"38":1,"39":1,"40":1,"41":1,"42":1,"43":1,"44":1,"45":1,"46":1,"47":1,"48":1,"49":1,"50":1,"51":1,"52":1,"53":1,"54":1,"55":1,"56":1,"57":1,"58":1,"59":1,"60":1,"61":1,"62":1,"63":1,"64":1,"65":1,"66":1,"67":1,"68":1,"69":1},"f":{"0":2,"1":1,"2":1,"3":1,"4":1,"5":1,"6":1,"7":1,"8":1,"9":1,"10":1,"11":1,"12":1,"13":1,"14":1,"15":1,"16":1,"17":1,"18":1,"19":1,"20":1,"21":1,"22":1,"23":1,"24":1,"25":1},"b":{"0":[1,1],"1":[2,2]},"_coverageSchema":"43e27e138ebf9cfc5966b082cf9a028302ed4184","hash":"5c32c2069a5a6d812a0c8017dc7f7fa772607b46","contentHash":"170e21813a28fde9b17ebe6adce8b023d7efc5c32b329c96fb0a217b6a9d3fe7"},"C:\\Users\\Dashboard\\EpicMail\\server\\app.js":{"path":"C:\\Users\\Dashboard\\EpicMail\\server\\app.js","statementMap":{"0":{"start":{"line":3,"column":0},"end":{"line":5,"column":3}},"1":{"start":{"line":7,"column":15},"end":{"line":7,"column":33}},"2":{"start":{"line":9,"column":16},"end":{"line":9,"column":48}},"3":{"start":{"line":11,"column":17},"end":{"line":11,"column":45}},"4":{"start":{"line":13,"column":18},"end":{"line":13,"column":52}},"5":{"start":{"line":15,"column":20},"end":{"line":15,"column":51}},"6":{"start":{"line":17,"column":21},"end":{"line":17,"column":58}},"7":{"start":{"line":19,"column":39},"end":{"line":19,"column":93}},"8":{"start":{"line":21,"column":10},"end":{"line":21,"column":34}},"9":{"start":{"line":23,"column":0},"end":{"line":23,"column":30}},"10":{"start":{"line":24,"column":0},"end":{"line":24,"column":29}},"11":{"start":{"line":25,"column":0},"end":{"line":25,"column":32}},"12":{"start":{"line":27,"column":11},"end":{"line":27,"column":35}},"13":{"start":{"line":28,"column":0},"end":{"line":30,"column":3}},"14":{"start":{"line":29,"column":2},"end":{"line":29,"column":47}},"15":{"start":{"line":32,"column":0},"end":{"line":32,"column":22}}},"fnMap":{"0":{"name":"_interopRequireDefault","decl":{"start":{"line":19,"column":9},"end":{"line":19,"column":31}},"loc":{"start":{"line":19,"column":37},"end":{"line":19,"column":95}},"line":19},"1":{"name":"(anonymous_1)","decl":{"start":{"line":28,"column":17},"end":{"line":28,"column":18}},"loc":{"start":{"line":28,"column":29},"end":{"line":30,"column":1}},"line":28}},"branchMap":{"0":{"loc":{"start":{"line":19,"column":46},"end":{"line":19,"column":92}},"type":"cond-expr","locations":[{"start":{"line":19,"column":70},"end":{"line":19,"column":73}},{"start":{"line":19,"column":76},"end":{"line":19,"column":92}}],"line":19},"1":{"loc":{"start":{"line":19,"column":46},"end":{"line":19,"column":67}},"type":"binary-expr","locations":[{"start":{"line":19,"column":46},"end":{"line":19,"column":49}},{"start":{"line":19,"column":53},"end":{"line":19,"column":67}}],"line":19},"2":{"loc":{"start":{"line":27,"column":11},"end":{"line":27,"column":35}},"type":"binary-expr","locations":[{"start":{"line":27,"column":11},"end":{"line":27,"column":27}},{"start":{"line":27,"column":31},"end":{"line":27,"column":35}}],"line":27}},"s":{"0":1,"1":1,"2":1,"3":1,"4":1,"5":1,"6":1,"7":3,"8":1,"9":1,"10":1,"11":1,"12":1,"13":1,"14":1,"15":1},"f":{"0":3,"1":1},"b":{"0":[2,1],"1":[3,3],"2":[1,1]},"_coverageSchema":"43e27e138ebf9cfc5966b082cf9a028302ed4184","hash":"b10a74bdfe915bd3072060d4451824e6f020ebfb","contentHash":"c3eb0a393249c26e55687bbb494213d34a14df9cf28c08ba2d2c623744823927"},"C:\\Users\\Dashboard\\EpicMail\\server\\route\\userRoute.js":{"path":"C:\\Users\\Dashboard\\EpicMail\\server\\route\\userRoute.js","statementMap":{"0":{"start":{"line":3,"column":0},"end":{"line":5,"column":3}},"1":{"start":{"line":7,"column":15},"end":{"line":7,"column":33}},"2":{"start":{"line":9,"column":16},"end":{"line":9,"column":48}},"3":{"start":{"line":11,"column":13},"end":{"line":11,"column":44}},"4":{"start":{"line":13,"column":14},"end":{"line":13,"column":44}},"5":{"start":{"line":15,"column":20},"end":{"line":15,"column":57}},"6":{"start":{"line":17,"column":21},"end":{"line":17,"column":58}},"7":{"start":{"line":19,"column":39},"end":{"line":19,"column":93}},"8":{"start":{"line":21,"column":13},"end":{"line":21,"column":39}},"9":{"start":{"line":23,"column":0},"end":{"line":23,"column":157}},"10":{"start":{"line":25,"column":0},"end":{"line":25,"column":145}},"11":{"start":{"line":27,"column":0},"end":{"line":27,"column":25}}},"fnMap":{"0":{"name":"_interopRequireDefault","decl":{"start":{"line":19,"column":9},"end":{"line":19,"column":31}},"loc":{"start":{"line":19,"column":37},"end":{"line":19,"column":95}},"line":19}},"branchMap":{"0":{"loc":{"start":{"line":19,"column":46},"end":{"line":19,"column":92}},"type":"cond-expr","locations":[{"start":{"line":19,"column":70},"end":{"line":19,"column":73}},{"start":{"line":19,"column":76},"end":{"line":19,"column":92}}],"line":19},"1":{"loc":{"start":{"line":19,"column":46},"end":{"line":19,"column":67}},"type":"binary-expr","locations":[{"start":{"line":19,"column":46},"end":{"line":19,"column":49}},{"start":{"line":19,"column":53},"end":{"line":19,"column":67}}],"line":19}},"s":{"0":1,"1":1,"2":1,"3":1,"4":1,"5":1,"6":1,"7":3,"8":1,"9":1,"10":1,"11":1},"f":{"0":3},"b":{"0":[2,1],"1":[3,3]},"_coverageSchema":"43e27e138ebf9cfc5966b082cf9a028302ed4184","hash":"ec7ce7589bdcb50d9fb8cdef4f2894913642be60","contentHash":"760a3aba9d7909fcaa730b8473274bd3be6ec45fc193cac928df4007112a96d2"},"C:\\Users\\Dashboard\\EpicMail\\server\\controllers\\users.js":{"path":"C:\\Users\\Dashboard\\EpicMail\\server\\controllers\\users.js","statementMap":{"0":{"start":{"line":3,"column":0},"end":{"line":5,"column":3}},"1":{"start":{"line":7,"column":19},"end":{"line":7,"column":563}},"2":{"start":{"line":7,"column":76},"end":{"line":7,"column":347}},"3":{"start":{"line":7,"column":89},"end":{"line":7,"column":90}},"4":{"start":{"line":7,"column":134},"end":{"line":7,"column":142}},"5":{"start":{"line":7,"column":144},"end":{"line":7,"column":199}},"6":{"start":{"line":7,"column":200},"end":{"line":7,"column":231}},"7":{"start":{"line":7,"column":232},"end":{"line":7,"column":286}},"8":{"start":{"line":7,"column":259},"end":{"line":7,"column":286}},"9":{"start":{"line":7,"column":287},"end":{"line":7,"column":345}},"10":{"start":{"line":7,"column":350},"end":{"line":7,"column":559}},"11":{"start":{"line":7,"column":407},"end":{"line":7,"column":475}},"12":{"start":{"line":7,"column":423},"end":{"line":7,"column":475}},"13":{"start":{"line":7,"column":476},"end":{"line":7,"column":536}},"14":{"start":{"line":7,"column":493},"end":{"line":7,"column":536}},"15":{"start":{"line":7,"column":537},"end":{"line":7,"column":556}},"16":{"start":{"line":9,"column":13},"end":{"line":9,"column":38}},"17":{"start":{"line":11,"column":14},"end":{"line":11,"column":44}},"18":{"start":{"line":13,"column":14},"end":{"line":13,"column":40}},"19":{"start":{"line":15,"column":15},"end":{"line":15,"column":46}},"20":{"start":{"line":17,"column":39},"end":{"line":17,"column":93}},"21":{"start":{"line":19,"column":50},"end":{"line":19,"column":151}},"22":{"start":{"line":19,"column":92},"end":{"line":19,"column":149}},"23":{"start":{"line":21,"column":21},"end":{"line":92,"column":3}},"24":{"start":{"line":23,"column":4},"end":{"line":23,"column":42}},"25":{"start":{"line":26,"column":2},"end":{"line":89,"column":6}},"26":{"start":{"line":37,"column":15},"end":{"line":37,"column":41}},"27":{"start":{"line":38,"column":17},"end":{"line":46,"column":7}},"28":{"start":{"line":47,"column":6},"end":{"line":47,"column":33}},"29":{"start":{"line":48,"column":20},"end":{"line":50,"column":8}},"30":{"start":{"line":49,"column":8},"end":{"line":49,"column":27}},"31":{"start":{"line":51,"column":18},"end":{"line":51,"column":50}},"32":{"start":{"line":52,"column":6},"end":{"line":52,"column":28}},"33":{"start":{"line":53,"column":6},"end":{"line":59,"column":9}},"34":{"start":{"line":72,"column":25},"end":{"line":75,"column":7}},"35":{"start":{"line":76,"column":21},"end":{"line":78,"column":8}},"36":{"start":{"line":77,"column":8},"end":{"line":77,"column":49}},"37":{"start":{"line":79,"column":18},"end":{"line":79,"column":50}},"38":{"start":{"line":80,"column":6},"end":{"line":80,"column":29}},"39":{"start":{"line":81,"column":6},"end":{"line":87,"column":9}},"40":{"start":{"line":91,"column":2},"end":{"line":91,"column":24}},"41":{"start":{"line":94,"column":0},"end":{"line":94,"column":33}}},"fnMap":{"0":{"name":"(anonymous_0)","decl":{"start":{"line":7,"column":19},"end":{"line":7,"column":20}},"loc":{"start":{"line":7,"column":31},"end":{"line":7,"column":561}},"line":7},"1":{"name":"defineProperties","decl":{"start":{"line":7,"column":42},"end":{"line":7,"column":58}},"loc":{"start":{"line":7,"column":74},"end":{"line":7,"column":349}},"line":7},"2":{"name":"(anonymous_2)","decl":{"start":{"line":7,"column":357},"end":{"line":7,"column":358}},"loc":{"start":{"line":7,"column":405},"end":{"line":7,"column":558}},"line":7},"3":{"name":"_interopRequireDefault","decl":{"start":{"line":17,"column":9},"end":{"line":17,"column":31}},"loc":{"start":{"line":17,"column":37},"end":{"line":17,"column":95}},"line":17},"4":{"name":"_classCallCheck","decl":{"start":{"line":19,"column":9},"end":{"line":19,"column":24}},"loc":{"start":{"line":19,"column":48},"end":{"line":19,"column":153}},"line":19},"5":{"name":"(anonymous_5)","decl":{"start":{"line":21,"column":21},"end":{"line":21,"column":22}},"loc":{"start":{"line":21,"column":33},"end":{"line":92,"column":1}},"line":21},"6":{"name":"UserController","decl":{"start":{"line":22,"column":11},"end":{"line":22,"column":25}},"loc":{"start":{"line":22,"column":28},"end":{"line":24,"column":3}},"line":22},"7":{"name":"registerUser","decl":{"start":{"line":36,"column":20},"end":{"line":36,"column":32}},"loc":{"start":{"line":36,"column":43},"end":{"line":60,"column":5}},"line":36},"8":{"name":"(anonymous_8)","decl":{"start":{"line":48,"column":41},"end":{"line":48,"column":42}},"loc":{"start":{"line":48,"column":54},"end":{"line":50,"column":7}},"line":48},"9":{"name":"loginUser","decl":{"start":{"line":71,"column":20},"end":{"line":71,"column":29}},"loc":{"start":{"line":71,"column":40},"end":{"line":88,"column":5}},"line":71},"10":{"name":"(anonymous_10)","decl":{"start":{"line":76,"column":42},"end":{"line":76,"column":43}},"loc":{"start":{"line":76,"column":58},"end":{"line":78,"column":7}},"line":76}},"branchMap":{"0":{"loc":{"start":{"line":7,"column":168},"end":{"line":7,"column":198}},"type":"binary-expr","locations":[{"start":{"line":7,"column":168},"end":{"line":7,"column":189}},{"start":{"line":7,"column":193},"end":{"line":7,"column":198}}],"line":7},"1":{"loc":{"start":{"line":7,"column":232},"end":{"line":7,"column":286}},"type":"if","locations":[{"start":{"line":7,"column":232},"end":{"line":7,"column":286}},{"start":{"line":7,"column":232},"end":{"line":7,"column":286}}],"line":7},"2":{"loc":{"start":{"line":7,"column":407},"end":{"line":7,"column":475}},"type":"if","locations":[{"start":{"line":7,"column":407},"end":{"line":7,"column":475}},{"start":{"line":7,"column":407},"end":{"line":7,"column":475}}],"line":7},"3":{"loc":{"start":{"line":7,"column":476},"end":{"line":7,"column":536}},"type":"if","locations":[{"start":{"line":7,"column":476},"end":{"line":7,"column":536}},{"start":{"line":7,"column":476},"end":{"line":7,"column":536}}],"line":7},"4":{"loc":{"start":{"line":17,"column":46},"end":{"line":17,"column":92}},"type":"cond-expr","locations":[{"start":{"line":17,"column":70},"end":{"line":17,"column":73}},{"start":{"line":17,"column":76},"end":{"line":17,"column":92}}],"line":17},"5":{"loc":{"start":{"line":17,"column":46},"end":{"line":17,"column":67}},"type":"binary-expr","locations":[{"start":{"line":17,"column":46},"end":{"line":17,"column":49}},{"start":{"line":17,"column":53},"end":{"line":17,"column":67}}],"line":17},"6":{"loc":{"start":{"line":19,"column":50},"end":{"line":19,"column":151}},"type":"if","locations":[{"start":{"line":19,"column":50},"end":{"line":19,"column":151}},{"start":{"line":19,"column":50},"end":{"line":19,"column":151}}],"line":19}},"s":{"0":1,"1":1,"2":1,"3":1,"4":2,"5":2,"6":2,"7":2,"8":2,"9":2,"10":1,"11":1,"12":0,"13":1,"14":1,"15":1,"16":1,"17":1,"18":1,"19":1,"20":2,"21":0,"22":0,"23":1,"24":0,"25":1,"26":1,"27":1,"28":1,"29":1,"30":3,"31":1,"32":1,"33":1,"34":7,"35":7,"36":7,"37":7,"38":7,"39":7,"40":1,"41":1},"f":{"0":1,"1":1,"2":1,"3":2,"4":0,"5":1,"6":0,"7":1,"8":3,"9":7,"10":7},"b":{"0":[2,2],"1":[2,0],"2":[0,1],"3":[1,0],"4":[2,0],"5":[2,2],"6":[0,0]},"_coverageSchema":"43e27e138ebf9cfc5966b082cf9a028302ed4184","hash":"6bab1ec6e6c5e78c698a0a2f54452da50b179f3e","contentHash":"ea2febb556b1a239cfa5381d36bec40f966f69c2b0c68b52e5e465e44d4e980d"},"C:\\Users\\Dashboard\\EpicMail\\server\\model\\users.js":{"path":"C:\\Users\\Dashboard\\EpicMail\\server\\model\\users.js","statementMap":{"0":{"start":{"line":3,"column":0},"end":{"line":5,"column":3}},"1":{"start":{"line":6,"column":12},"end":{"line":24,"column":2}},"2":{"start":{"line":26,"column":0},"end":{"line":26,"column":24}}},"fnMap":{},"branchMap":{},"s":{"0":1,"1":1,"2":1},"f":{},"b":{},"_coverageSchema":"43e27e138ebf9cfc5966b082cf9a028302ed4184","hash":"8984bb760e83186e0a9e8878f6eb2802bf9c364c","contentHash":"c48953108064e1655d9c76e49eaab6dbb64f5eea6fea183f3bc0aae3c57a85ed"},"C:\\Users\\Dashboard\\EpicMail\\server\\utils\\helper.js":{"path":"C:\\Users\\Dashboard\\EpicMail\\server\\utils\\helper.js","statementMap":{"0":{"start":{"line":3,"column":0},"end":{"line":5,"column":3}},"1":{"start":{"line":7,"column":19},"end":{"line":7,"column":563}},"2":{"start":{"line":7,"column":76},"end":{"line":7,"column":347}},"3":{"start":{"line":7,"column":89},"end":{"line":7,"column":90}},"4":{"start":{"line":7,"column":134},"end":{"line":7,"column":142}},"5":{"start":{"line":7,"column":144},"end":{"line":7,"column":199}},"6":{"start":{"line":7,"column":200},"end":{"line":7,"column":231}},"7":{"start":{"line":7,"column":232},"end":{"line":7,"column":286}},"8":{"start":{"line":7,"column":259},"end":{"line":7,"column":286}},"9":{"start":{"line":7,"column":287},"end":{"line":7,"column":345}},"10":{"start":{"line":7,"column":350},"end":{"line":7,"column":559}},"11":{"start":{"line":7,"column":407},"end":{"line":7,"column":475}},"12":{"start":{"line":7,"column":423},"end":{"line":7,"column":475}},"13":{"start":{"line":7,"column":476},"end":{"line":7,"column":536}},"14":{"start":{"line":7,"column":493},"end":{"line":7,"column":536}},"15":{"start":{"line":7,"column":537},"end":{"line":7,"column":556}},"16":{"start":{"line":9,"column":11},"end":{"line":9,"column":25}},"17":{"start":{"line":11,"column":12},"end":{"line":11,"column":40}},"18":{"start":{"line":13,"column":13},"end":{"line":13,"column":38}},"19":{"start":{"line":15,"column":14},"end":{"line":15,"column":44}},"20":{"start":{"line":17,"column":15},"end":{"line":17,"column":42}},"21":{"start":{"line":19,"column":16},"end":{"line":19,"column":48}},"22":{"start":{"line":21,"column":13},"end":{"line":21,"column":38}},"23":{"start":{"line":23,"column":14},"end":{"line":23,"column":44}},"24":{"start":{"line":25,"column":12},"end":{"line":25,"column":36}},"25":{"start":{"line":27,"column":13},"end":{"line":27,"column":42}},"26":{"start":{"line":29,"column":29},"end":{"line":29,"column":63}},"27":{"start":{"line":31,"column":32},"end":{"line":31,"column":69}},"28":{"start":{"line":33,"column":39},"end":{"line":33,"column":93}},"29":{"start":{"line":35,"column":50},"end":{"line":35,"column":151}},"30":{"start":{"line":35,"column":92},"end":{"line":35,"column":149}},"31":{"start":{"line":37,"column":18},"end":{"line":318,"column":3}},"32":{"start":{"line":39,"column":4},"end":{"line":39,"column":39}},"33":{"start":{"line":42,"column":2},"end":{"line":315,"column":6}},"34":{"start":{"line":54,"column":28},"end":{"line":54,"column":125}},"35":{"start":{"line":55,"column":27},"end":{"line":55,"column":121}},"36":{"start":{"line":56,"column":24},"end":{"line":56,"column":109}},"37":{"start":{"line":57,"column":27},"end":{"line":57,"column":121}},"38":{"start":{"line":58,"column":28},"end":{"line":58,"column":137}},"39":{"start":{"line":59,"column":19},"end":{"line":59,"column":21}},"40":{"start":{"line":60,"column":6},"end":{"line":62,"column":7}},"41":{"start":{"line":61,"column":8},"end":{"line":61,"column":126}},"42":{"start":{"line":64,"column":6},"end":{"line":66,"column":7}},"43":{"start":{"line":65,"column":8},"end":{"line":65,"column":114}},"44":{"start":{"line":68,"column":6},"end":{"line":70,"column":7}},"45":{"start":{"line":69,"column":8},"end":{"line":69,"column":63}},"46":{"start":{"line":71,"column":6},"end":{"line":73,"column":7}},"47":{"start":{"line":72,"column":8},"end":{"line":72,"column":57}},"48":{"start":{"line":74,"column":6},"end":{"line":76,"column":7}},"49":{"start":{"line":75,"column":8},"end":{"line":75,"column":71}},"50":{"start":{"line":77,"column":6},"end":{"line":77,"column":20}},"51":{"start":{"line":90,"column":19},"end":{"line":90,"column":21}},"52":{"start":{"line":91,"column":28},"end":{"line":91,"column":128}},"53":{"start":{"line":92,"column":26},"end":{"line":92,"column":120}},"54":{"start":{"line":93,"column":26},"end":{"line":93,"column":120}},"55":{"start":{"line":94,"column":25},"end":{"line":94,"column":116}},"56":{"start":{"line":95,"column":34},"end":{"line":95,"column":152}},"57":{"start":{"line":96,"column":29},"end":{"line":96,"column":132}},"58":{"start":{"line":97,"column":6},"end":{"line":99,"column":7}},"59":{"start":{"line":98,"column":8},"end":{"line":98,"column":59}},"60":{"start":{"line":100,"column":6},"end":{"line":102,"column":7}},"61":{"start":{"line":101,"column":8},"end":{"line":101,"column":105}},"62":{"start":{"line":103,"column":6},"end":{"line":105,"column":7}},"63":{"start":{"line":104,"column":8},"end":{"line":104,"column":55}},"64":{"start":{"line":107,"column":6},"end":{"line":109,"column":7}},"65":{"start":{"line":108,"column":8},"end":{"line":108,"column":53}},"66":{"start":{"line":111,"column":6},"end":{"line":113,"column":7}},"67":{"start":{"line":112,"column":8},"end":{"line":112,"column":72}},"68":{"start":{"line":115,"column":6},"end":{"line":117,"column":7}},"69":{"start":{"line":116,"column":8},"end":{"line":116,"column":94}},"70":{"start":{"line":118,"column":6},"end":{"line":118,"column":20}},"71":{"start":{"line":131,"column":19},"end":{"line":131,"column":21}},"72":{"start":{"line":132,"column":28},"end":{"line":132,"column":113}},"73":{"start":{"line":133,"column":31},"end":{"line":133,"column":125}},"74":{"start":{"line":134,"column":6},"end":{"line":136,"column":7}},"75":{"start":{"line":135,"column":8},"end":{"line":135,"column":63}},"76":{"start":{"line":137,"column":6},"end":{"line":139,"column":7}},"77":{"start":{"line":138,"column":8},"end":{"line":138,"column":57}},"78":{"start":{"line":140,"column":6},"end":{"line":140,"column":20}},"79":{"start":{"line":153,"column":33},"end":{"line":155,"column":8}},"80":{"start":{"line":154,"column":8},"end":{"line":154,"column":23}},"81":{"start":{"line":156,"column":23},"end":{"line":156,"column":25}},"82":{"start":{"line":157,"column":6},"end":{"line":161,"column":9}},"83":{"start":{"line":158,"column":8},"end":{"line":160,"column":9}},"84":{"start":{"line":159,"column":10},"end":{"line":159,"column":37}},"85":{"start":{"line":162,"column":6},"end":{"line":162,"column":24}},"86":{"start":{"line":175,"column":24},"end":{"line":175,"column":26}},"87":{"start":{"line":176,"column":25},"end":{"line":176,"column":27}},"88":{"start":{"line":177,"column":6},"end":{"line":182,"column":9}},"89":{"start":{"line":178,"column":29},"end":{"line":180,"column":10}},"90":{"start":{"line":179,"column":10},"end":{"line":179,"column":39}},"91":{"start":{"line":181,"column":8},"end":{"line":181,"column":45}},"92":{"start":{"line":183,"column":6},"end":{"line":185,"column":7}},"93":{"start":{"line":183,"column":19},"end":{"line":183,"column":20}},"94":{"start":{"line":184,"column":8},"end":{"line":184,"column":45}},"95":{"start":{"line":186,"column":6},"end":{"line":186,"column":25}},"96":{"start":{"line":199,"column":17},"end":{"line":199,"column":19}},"97":{"start":{"line":200,"column":6},"end":{"line":206,"column":9}},"98":{"start":{"line":201,"column":8},"end":{"line":205,"column":9}},"99":{"start":{"line":202,"column":10},"end":{"line":204,"column":14}},"100":{"start":{"line":203,"column":12},"end":{"line":203,"column":40}},"101":{"start":{"line":207,"column":6},"end":{"line":207,"column":18}},"102":{"start":{"line":220,"column":17},"end":{"line":220,"column":19}},"103":{"start":{"line":221,"column":6},"end":{"line":227,"column":9}},"104":{"start":{"line":222,"column":8},"end":{"line":226,"column":9}},"105":{"start":{"line":223,"column":10},"end":{"line":225,"column":14}},"106":{"start":{"line":224,"column":12},"end":{"line":224,"column":40}},"107":{"start":{"line":228,"column":6},"end":{"line":228,"column":18}},"108":{"start":{"line":233,"column":17},"end":{"line":233,"column":19}},"109":{"start":{"line":234,"column":6},"end":{"line":240,"column":9}},"110":{"start":{"line":235,"column":8},"end":{"line":239,"column":9}},"111":{"start":{"line":236,"column":10},"end":{"line":238,"column":14}},"112":{"start":{"line":237,"column":12},"end":{"line":237,"column":33}},"113":{"start":{"line":241,"column":6},"end":{"line":241,"column":18}},"114":{"start":{"line":254,"column":18},"end":{"line":254,"column":57}},"115":{"start":{"line":255,"column":26},"end":{"line":257,"column":8}},"116":{"start":{"line":256,"column":8},"end":{"line":256,"column":33}},"117":{"start":{"line":258,"column":6},"end":{"line":258,"column":27}},"118":{"start":{"line":270,"column":18},"end":{"line":270,"column":20}},"119":{"start":{"line":271,"column":22},"end":{"line":271,"column":86}},"120":{"start":{"line":272,"column":6},"end":{"line":274,"column":7}},"121":{"start":{"line":272,"column":19},"end":{"line":272,"column":20}},"122":{"start":{"line":273,"column":8},"end":{"line":273,"column":80}},"123":{"start":{"line":275,"column":6},"end":{"line":275,"column":19}},"124":{"start":{"line":290,"column":6},"end":{"line":294,"column":8}},"125":{"start":{"line":309,"column":6},"end":{"line":313,"column":8}},"126":{"start":{"line":317,"column":2},"end":{"line":317,"column":21}},"127":{"start":{"line":320,"column":0},"end":{"line":320,"column":30}}},"fnMap":{"0":{"name":"(anonymous_0)","decl":{"start":{"line":7,"column":19},"end":{"line":7,"column":20}},"loc":{"start":{"line":7,"column":31},"end":{"line":7,"column":561}},"line":7},"1":{"name":"defineProperties","decl":{"start":{"line":7,"column":42},"end":{"line":7,"column":58}},"loc":{"start":{"line":7,"column":74},"end":{"line":7,"column":349}},"line":7},"2":{"name":"(anonymous_2)","decl":{"start":{"line":7,"column":357},"end":{"line":7,"column":358}},"loc":{"start":{"line":7,"column":405},"end":{"line":7,"column":558}},"line":7},"3":{"name":"_interopRequireDefault","decl":{"start":{"line":33,"column":9},"end":{"line":33,"column":31}},"loc":{"start":{"line":33,"column":37},"end":{"line":33,"column":95}},"line":33},"4":{"name":"_classCallCheck","decl":{"start":{"line":35,"column":9},"end":{"line":35,"column":24}},"loc":{"start":{"line":35,"column":48},"end":{"line":35,"column":153}},"line":35},"5":{"name":"(anonymous_5)","decl":{"start":{"line":37,"column":18},"end":{"line":37,"column":19}},"loc":{"start":{"line":37,"column":30},"end":{"line":318,"column":1}},"line":37},"6":{"name":"HelperUtils","decl":{"start":{"line":38,"column":11},"end":{"line":38,"column":22}},"loc":{"start":{"line":38,"column":25},"end":{"line":40,"column":3}},"line":38},"7":{"name":"registerUserValidation","decl":{"start":{"line":53,"column":20},"end":{"line":53,"column":42}},"loc":{"start":{"line":53,"column":48},"end":{"line":78,"column":5}},"line":53},"8":{"name":"messageSchemavalidation","decl":{"start":{"line":89,"column":20},"end":{"line":89,"column":43}},"loc":{"start":{"line":89,"column":49},"end":{"line":119,"column":5}},"line":89},"9":{"name":"loginSchemaValidation","decl":{"start":{"line":130,"column":20},"end":{"line":130,"column":41}},"loc":{"start":{"line":130,"column":47},"end":{"line":141,"column":5}},"line":130},"10":{"name":"validateRecipients","decl":{"start":{"line":152,"column":20},"end":{"line":152,"column":38}},"loc":{"start":{"line":152,"column":55},"end":{"line":163,"column":5}},"line":152},"11":{"name":"(anonymous_11)","decl":{"start":{"line":153,"column":53},"end":{"line":153,"column":54}},"loc":{"start":{"line":153,"column":66},"end":{"line":155,"column":7}},"line":153},"12":{"name":"(anonymous_12)","decl":{"start":{"line":157,"column":29},"end":{"line":157,"column":30}},"loc":{"start":{"line":157,"column":50},"end":{"line":161,"column":7}},"line":157},"13":{"name":"getReceiverIds","decl":{"start":{"line":174,"column":20},"end":{"line":174,"column":34}},"loc":{"start":{"line":174,"column":47},"end":{"line":187,"column":5}},"line":174},"14":{"name":"(anonymous_14)","decl":{"start":{"line":177,"column":25},"end":{"line":177,"column":26}},"loc":{"start":{"line":177,"column":46},"end":{"line":182,"column":7}},"line":177},"15":{"name":"(anonymous_15)","decl":{"start":{"line":178,"column":52},"end":{"line":178,"column":53}},"loc":{"start":{"line":178,"column":65},"end":{"line":180,"column":9}},"line":178},"16":{"name":"getAllReceivedMessages","decl":{"start":{"line":198,"column":20},"end":{"line":198,"column":42}},"loc":{"start":{"line":198,"column":47},"end":{"line":208,"column":5}},"line":198},"17":{"name":"(anonymous_17)","decl":{"start":{"line":200,"column":30},"end":{"line":200,"column":31}},"loc":{"start":{"line":200,"column":43},"end":{"line":206,"column":7}},"line":200},"18":{"name":"(anonymous_18)","decl":{"start":{"line":202,"column":43},"end":{"line":202,"column":44}},"loc":{"start":{"line":202,"column":56},"end":{"line":204,"column":11}},"line":202},"19":{"name":"getAllSentMessages","decl":{"start":{"line":219,"column":20},"end":{"line":219,"column":38}},"loc":{"start":{"line":219,"column":43},"end":{"line":229,"column":5}},"line":219},"20":{"name":"(anonymous_20)","decl":{"start":{"line":221,"column":29},"end":{"line":221,"column":30}},"loc":{"start":{"line":221,"column":42},"end":{"line":227,"column":7}},"line":221},"21":{"name":"(anonymous_21)","decl":{"start":{"line":223,"column":43},"end":{"line":223,"column":44}},"loc":{"start":{"line":223,"column":56},"end":{"line":225,"column":11}},"line":223},"22":{"name":"getAllMessages","decl":{"start":{"line":232,"column":20},"end":{"line":232,"column":34}},"loc":{"start":{"line":232,"column":39},"end":{"line":242,"column":5}},"line":232},"23":{"name":"(anonymous_23)","decl":{"start":{"line":234,"column":32},"end":{"line":234,"column":33}},"loc":{"start":{"line":234,"column":45},"end":{"line":240,"column":7}},"line":234},"24":{"name":"(anonymous_24)","decl":{"start":{"line":236,"column":43},"end":{"line":236,"column":44}},"loc":{"start":{"line":236,"column":56},"end":{"line":238,"column":11}},"line":236},"25":{"name":"getUserInSession","decl":{"start":{"line":253,"column":20},"end":{"line":253,"column":36}},"loc":{"start":{"line":253,"column":42},"end":{"line":259,"column":5}},"line":253},"26":{"name":"(anonymous_26)","decl":{"start":{"line":255,"column":47},"end":{"line":255,"column":48}},"loc":{"start":{"line":255,"column":60},"end":{"line":257,"column":7}},"line":255},"27":{"name":"generateToken","decl":{"start":{"line":269,"column":20},"end":{"line":269,"column":33}},"loc":{"start":{"line":269,"column":36},"end":{"line":276,"column":5}},"line":269},"28":{"name":"createSentBox","decl":{"start":{"line":289,"column":20},"end":{"line":289,"column":33}},"loc":{"start":{"line":289,"column":66},"end":{"line":295,"column":5}},"line":289},"29":{"name":"createInBox","decl":{"start":{"line":308,"column":20},"end":{"line":308,"column":31}},"loc":{"start":{"line":308,"column":66},"end":{"line":314,"column":5}},"line":308}},"branchMap":{"0":{"loc":{"start":{"line":7,"column":168},"end":{"line":7,"column":198}},"type":"binary-expr","locations":[{"start":{"line":7,"column":168},"end":{"line":7,"column":189}},{"start":{"line":7,"column":193},"end":{"line":7,"column":198}}],"line":7},"1":{"loc":{"start":{"line":7,"column":232},"end":{"line":7,"column":286}},"type":"if","locations":[{"start":{"line":7,"column":232},"end":{"line":7,"column":286}},{"start":{"line":7,"column":232},"end":{"line":7,"column":286}}],"line":7},"2":{"loc":{"start":{"line":7,"column":407},"end":{"line":7,"column":475}},"type":"if","locations":[{"start":{"line":7,"column":407},"end":{"line":7,"column":475}},{"start":{"line":7,"column":407},"end":{"line":7,"column":475}}],"line":7},"3":{"loc":{"start":{"line":7,"column":476},"end":{"line":7,"column":536}},"type":"if","locations":[{"start":{"line":7,"column":476},"end":{"line":7,"column":536}},{"start":{"line":7,"column":476},"end":{"line":7,"column":536}}],"line":7},"4":{"loc":{"start":{"line":33,"column":46},"end":{"line":33,"column":92}},"type":"cond-expr","locations":[{"start":{"line":33,"column":70},"end":{"line":33,"column":73}},{"start":{"line":33,"column":76},"end":{"line":33,"column":92}}],"line":33},"5":{"loc":{"start":{"line":33,"column":46},"end":{"line":33,"column":67}},"type":"binary-expr","locations":[{"start":{"line":33,"column":46},"end":{"line":33,"column":49}},{"start":{"line":33,"column":53},"end":{"line":33,"column":67}}],"line":33},"6":{"loc":{"start":{"line":35,"column":50},"end":{"line":35,"column":151}},"type":"if","locations":[{"start":{"line":35,"column":50},"end":{"line":35,"column":151}},{"start":{"line":35,"column":50},"end":{"line":35,"column":151}}],"line":35},"7":{"loc":{"start":{"line":60,"column":6},"end":{"line":62,"column":7}},"type":"if","locations":[{"start":{"line":60,"column":6},"end":{"line":62,"column":7}},{"start":{"line":60,"column":6},"end":{"line":62,"column":7}}],"line":60},"8":{"loc":{"start":{"line":64,"column":6},"end":{"line":66,"column":7}},"type":"if","locations":[{"start":{"line":64,"column":6},"end":{"line":66,"column":7}},{"start":{"line":64,"column":6},"end":{"line":66,"column":7}}],"line":64},"9":{"loc":{"start":{"line":68,"column":6},"end":{"line":70,"column":7}},"type":"if","locations":[{"start":{"line":68,"column":6},"end":{"line":70,"column":7}},{"start":{"line":68,"column":6},"end":{"line":70,"column":7}}],"line":68},"10":{"loc":{"start":{"line":71,"column":6},"end":{"line":73,"column":7}},"type":"if","locations":[{"start":{"line":71,"column":6},"end":{"line":73,"column":7}},{"start":{"line":71,"column":6},"end":{"line":73,"column":7}}],"line":71},"11":{"loc":{"start":{"line":74,"column":6},"end":{"line":76,"column":7}},"type":"if","locations":[{"start":{"line":74,"column":6},"end":{"line":76,"column":7}},{"start":{"line":74,"column":6},"end":{"line":76,"column":7}}],"line":74},"12":{"loc":{"start":{"line":97,"column":6},"end":{"line":99,"column":7}},"type":"if","locations":[{"start":{"line":97,"column":6},"end":{"line":99,"column":7}},{"start":{"line":97,"column":6},"end":{"line":99,"column":7}}],"line":97},"13":{"loc":{"start":{"line":100,"column":6},"end":{"line":102,"column":7}},"type":"if","locations":[{"start":{"line":100,"column":6},"end":{"line":102,"column":7}},{"start":{"line":100,"column":6},"end":{"line":102,"column":7}}],"line":100},"14":{"loc":{"start":{"line":103,"column":6},"end":{"line":105,"column":7}},"type":"if","locations":[{"start":{"line":103,"column":6},"end":{"line":105,"column":7}},{"start":{"line":103,"column":6},"end":{"line":105,"column":7}}],"line":103},"15":{"loc":{"start":{"line":107,"column":6},"end":{"line":109,"column":7}},"type":"if","locations":[{"start":{"line":107,"column":6},"end":{"line":109,"column":7}},{"start":{"line":107,"column":6},"end":{"line":109,"column":7}}],"line":107},"16":{"loc":{"start":{"line":111,"column":6},"end":{"line":113,"column":7}},"type":"if","locations":[{"start":{"line":111,"column":6},"end":{"line":113,"column":7}},{"start":{"line":111,"column":6},"end":{"line":113,"column":7}}],"line":111},"17":{"loc":{"start":{"line":115,"column":6},"end":{"line":117,"column":7}},"type":"if","locations":[{"start":{"line":115,"column":6},"end":{"line":117,"column":7}},{"start":{"line":115,"column":6},"end":{"line":117,"column":7}}],"line":115},"18":{"loc":{"start":{"line":134,"column":6},"end":{"line":136,"column":7}},"type":"if","locations":[{"start":{"line":134,"column":6},"end":{"line":136,"column":7}},{"start":{"line":134,"column":6},"end":{"line":136,"column":7}}],"line":134},"19":{"loc":{"start":{"line":137,"column":6},"end":{"line":139,"column":7}},"type":"if","locations":[{"start":{"line":137,"column":6},"end":{"line":139,"column":7}},{"start":{"line":137,"column":6},"end":{"line":139,"column":7}}],"line":137},"20":{"loc":{"start":{"line":158,"column":8},"end":{"line":160,"column":9}},"type":"if","locations":[{"start":{"line":158,"column":8},"end":{"line":160,"column":9}},{"start":{"line":158,"column":8},"end":{"line":160,"column":9}}],"line":158},"21":{"loc":{"start":{"line":201,"column":8},"end":{"line":205,"column":9}},"type":"if","locations":[{"start":{"line":201,"column":8},"end":{"line":205,"column":9}},{"start":{"line":201,"column":8},"end":{"line":205,"column":9}}],"line":201},"22":{"loc":{"start":{"line":222,"column":8},"end":{"line":226,"column":9}},"type":"if","locations":[{"start":{"line":222,"column":8},"end":{"line":226,"column":9}},{"start":{"line":222,"column":8},"end":{"line":226,"column":9}}],"line":222},"23":{"loc":{"start":{"line":235,"column":8},"end":{"line":239,"column":9}},"type":"if","locations":[{"start":{"line":235,"column":8},"end":{"line":239,"column":9}},{"start":{"line":235,"column":8},"end":{"line":239,"column":9}}],"line":235},"24":{"loc":{"start":{"line":235,"column":12},"end":{"line":235,"column":58}},"type":"binary-expr","locations":[{"start":{"line":235,"column":12},"end":{"line":235,"column":37}},{"start":{"line":235,"column":41},"end":{"line":235,"column":58}}],"line":235}},"s":{"0":1,"1":1,"2":1,"3":1,"4":12,"5":12,"6":12,"7":12,"8":12,"9":12,"10":1,"11":1,"12":0,"13":1,"14":1,"15":1,"16":1,"17":1,"18":1,"19":1,"20":1,"21":1,"22":1,"23":1,"24":1,"25":1,"26":1,"27":1,"28":5,"29":0,"30":0,"31":1,"32":0,"33":1,"34":12,"35":12,"36":12,"37":12,"38":12,"39":12,"40":12,"41":2,"42":12,"43":2,"44":12,"45":2,"46":12,"47":2,"48":12,"49":2,"50":12,"51":14,"52":14,"53":14,"54":14,"55":14,"56":14,"57":14,"58":14,"59":2,"60":14,"61":2,"62":14,"63":2,"64":14,"65":2,"66":14,"67":0,"68":14,"69":2,"70":14,"71":13,"72":13,"73":13,"74":13,"75":2,"76":13,"77":2,"78":13,"79":2,"80":6,"81":2,"82":2,"83":2,"84":1,"85":2,"86":1,"87":1,"88":1,"89":1,"90":3,"91":1,"92":1,"93":1,"94":1,"95":1,"96":5,"97":5,"98":20,"99":10,"100":30,"101":5,"102":3,"103":3,"104":12,"105":9,"106":33,"107":3,"108":0,"109":0,"110":0,"111":0,"112":0,"113":0,"114":8,"115":8,"116":8,"117":8,"118":8,"119":8,"120":8,"121":8,"122":56,"123":8,"124":1,"125":1,"126":1,"127":1},"f":{"0":1,"1":1,"2":1,"3":5,"4":0,"5":1,"6":0,"7":12,"8":14,"9":13,"10":2,"11":6,"12":2,"13":1,"14":1,"15":3,"16":5,"17":20,"18":30,"19":3,"20":12,"21":33,"22":0,"23":0,"24":0,"25":8,"26":8,"27":8,"28":1,"29":1},"b":{"0":[12,12],"1":[12,0],"2":[0,1],"3":[1,0],"4":[4,1],"5":[5,5],"6":[0,0],"7":[2,10],"8":[2,10],"9":[2,10],"10":[2,10],"11":[2,10],"12":[2,12],"13":[2,12],"14":[2,12],"15":[2,12],"16":[0,14],"17":[2,12],"18":[2,11],"19":[2,11],"20":[1,1],"21":[10,10],"22":[9,3],"23":[0,0],"24":[0,0]},"_coverageSchema":"43e27e138ebf9cfc5966b082cf9a028302ed4184","hash":"f345614b91c3860ce065d056b3522d0174933db1","contentHash":"ac74becdcaa91c831e3a137eff9278c3c19075e98a0773166044fe0c0d7734cc"},"C:\\Users\\Dashboard\\EpicMail\\server\\model\\message.js":{"path":"C:\\Users\\Dashboard\\EpicMail\\server\\model\\message.js","statementMap":{"0":{"start":{"line":3,"column":0},"end":{"line":5,"column":3}},"1":{"start":{"line":6,"column":14},"end":{"line":60,"column":2}},"2":{"start":{"line":62,"column":0},"end":{"line":62,"column":26}}},"fnMap":{},"branchMap":{},"s":{"0":1,"1":1,"2":1},"f":{},"b":{},"_coverageSchema":"43e27e138ebf9cfc5966b082cf9a028302ed4184","hash":"659ac4d7ddea2dd16dcabb2fdd13ba02cb22fb7b","contentHash":"1740f03ec796d309845c3597ace3d02b226a2fd35ab04351e702f46c9696a62b"},"C:\\Users\\Dashboard\\EpicMail\\server\\model\\inbox.js":{"path":"C:\\Users\\Dashboard\\EpicMail\\server\\model\\inbox.js","statementMap":{"0":{"start":{"line":3,"column":0},"end":{"line":5,"column":3}},"1":{"start":{"line":6,"column":12},"end":{"line":18,"column":2}},"2":{"start":{"line":19,"column":0},"end":{"line":19,"column":24}}},"fnMap":{},"branchMap":{},"s":{"0":1,"1":1,"2":1},"f":{},"b":{},"_coverageSchema":"43e27e138ebf9cfc5966b082cf9a028302ed4184","hash":"f0e4bb8710c6378424eefbbb63a8a26247947919","contentHash":"311b64f5c5dc181114067cfa7f63b9ee25e9a7d668c15a015be0041531940809"},"C:\\Users\\Dashboard\\EpicMail\\server\\model\\sent.js":{"path":"C:\\Users\\Dashboard\\EpicMail\\server\\model\\sent.js","statementMap":{"0":{"start":{"line":3,"column":0},"end":{"line":5,"column":3}},"1":{"start":{"line":6,"column":11},"end":{"line":18,"column":2}},"2":{"start":{"line":19,"column":0},"end":{"line":19,"column":23}}},"fnMap":{},"branchMap":{},"s":{"0":1,"1":1,"2":1},"f":{},"b":{},"_coverageSchema":"43e27e138ebf9cfc5966b082cf9a028302ed4184","hash":"3277fb35b597594a8f915fb348ceea4529fcbe3a","contentHash":"5c9cc52955cb2e98734c610a35c61470a36456ecae54b733cf7692b55a9f464d"},"C:\\Users\\Dashboard\\EpicMail\\server\\utils\\userValidationSchemas.js":{"path":"C:\\Users\\Dashboard\\EpicMail\\server\\utils\\userValidationSchemas.js","statementMap":{"0":{"start":{"line":3,"column":0},"end":{"line":5,"column":3}},"1":{"start":{"line":6,"column":0},"end":{"line":6,"column":134}},"2":{"start":{"line":8,"column":11},"end":{"line":8,"column":25}},"3":{"start":{"line":10,"column":12},"end":{"line":10,"column":40}},"4":{"start":{"line":12,"column":39},"end":{"line":12,"column":93}},"5":{"start":{"line":14,"column":22},"end":{"line":16,"column":1}},"6":{"start":{"line":17,"column":21},"end":{"line":19,"column":1}},"7":{"start":{"line":20,"column":18},"end":{"line":22,"column":1}},"8":{"start":{"line":23,"column":21},"end":{"line":25,"column":1}},"9":{"start":{"line":26,"column":22},"end":{"line":28,"column":1}}},"fnMap":{"0":{"name":"_interopRequireDefault","decl":{"start":{"line":12,"column":9},"end":{"line":12,"column":31}},"loc":{"start":{"line":12,"column":37},"end":{"line":12,"column":95}},"line":12}},"branchMap":{"0":{"loc":{"start":{"line":12,"column":46},"end":{"line":12,"column":92}},"type":"cond-expr","locations":[{"start":{"line":12,"column":70},"end":{"line":12,"column":73}},{"start":{"line":12,"column":76},"end":{"line":12,"column":92}}],"line":12},"1":{"loc":{"start":{"line":12,"column":46},"end":{"line":12,"column":67}},"type":"binary-expr","locations":[{"start":{"line":12,"column":46},"end":{"line":12,"column":49}},{"start":{"line":12,"column":53},"end":{"line":12,"column":67}}],"line":12}},"s":{"0":1,"1":1,"2":1,"3":1,"4":1,"5":1,"6":1,"7":1,"8":1,"9":1},"f":{"0":1},"b":{"0":[0,1],"1":[1,1]},"_coverageSchema":"43e27e138ebf9cfc5966b082cf9a028302ed4184","hash":"1e8a771b9ea7cd246d998f8e4ce169a640a5420f","contentHash":"55fa1fc73c86bdbfcab9dbaa91f266e8c5987f91368d01c8c7dc53138b58d422"},"C:\\Users\\Dashboard\\EpicMail\\server\\utils\\messageValidationSchemas.js":{"path":"C:\\Users\\Dashboard\\EpicMail\\server\\utils\\messageValidationSchemas.js","statementMap":{"0":{"start":{"line":3,"column":0},"end":{"line":5,"column":3}},"1":{"start":{"line":6,"column":0},"end":{"line":6,"column":166}},"2":{"start":{"line":8,"column":11},"end":{"line":8,"column":25}},"3":{"start":{"line":10,"column":12},"end":{"line":10,"column":40}},"4":{"start":{"line":12,"column":39},"end":{"line":12,"column":93}},"5":{"start":{"line":14,"column":22},"end":{"line":16,"column":1}},"6":{"start":{"line":18,"column":20},"end":{"line":20,"column":1}},"7":{"start":{"line":21,"column":20},"end":{"line":23,"column":1}},"8":{"start":{"line":24,"column":19},"end":{"line":26,"column":1}},"9":{"start":{"line":28,"column":28},"end":{"line":30,"column":1}},"10":{"start":{"line":32,"column":23},"end":{"line":34,"column":1}}},"fnMap":{"0":{"name":"_interopRequireDefault","decl":{"start":{"line":12,"column":9},"end":{"line":12,"column":31}},"loc":{"start":{"line":12,"column":37},"end":{"line":12,"column":95}},"line":12}},"branchMap":{"0":{"loc":{"start":{"line":12,"column":46},"end":{"line":12,"column":92}},"type":"cond-expr","locations":[{"start":{"line":12,"column":70},"end":{"line":12,"column":73}},{"start":{"line":12,"column":76},"end":{"line":12,"column":92}}],"line":12},"1":{"loc":{"start":{"line":12,"column":46},"end":{"line":12,"column":67}},"type":"binary-expr","locations":[{"start":{"line":12,"column":46},"end":{"line":12,"column":49}},{"start":{"line":12,"column":53},"end":{"line":12,"column":67}}],"line":12}},"s":{"0":1,"1":1,"2":1,"3":1,"4":1,"5":1,"6":1,"7":1,"8":1,"9":1,"10":1},"f":{"0":1},"b":{"0":[0,1],"1":[1,1]},"_coverageSchema":"43e27e138ebf9cfc5966b082cf9a028302ed4184","hash":"cad0c9c085b34c58b465650879ae676ab63b44cb","contentHash":"0ddebe780aceb38d8b91e275bcd1b2e804d1a8fdc4bdf1c8d285e28407c95caa"},"C:\\Users\\Dashboard\\EpicMail\\server\\middleware\\validateUser.js":{"path":"C:\\Users\\Dashboard\\EpicMail\\server\\middleware\\validateUser.js","statementMap":{"0":{"start":{"line":3,"column":0},"end":{"line":5,"column":3}},"1":{"start":{"line":7,"column":19},"end":{"line":7,"column":563}},"2":{"start":{"line":7,"column":76},"end":{"line":7,"column":347}},"3":{"start":{"line":7,"column":89},"end":{"line":7,"column":90}},"4":{"start":{"line":7,"column":134},"end":{"line":7,"column":142}},"5":{"start":{"line":7,"column":144},"end":{"line":7,"column":199}},"6":{"start":{"line":7,"column":200},"end":{"line":7,"column":231}},"7":{"start":{"line":7,"column":232},"end":{"line":7,"column":286}},"8":{"start":{"line":7,"column":259},"end":{"line":7,"column":286}},"9":{"start":{"line":7,"column":287},"end":{"line":7,"column":345}},"10":{"start":{"line":7,"column":350},"end":{"line":7,"column":559}},"11":{"start":{"line":7,"column":407},"end":{"line":7,"column":475}},"12":{"start":{"line":7,"column":423},"end":{"line":7,"column":475}},"13":{"start":{"line":7,"column":476},"end":{"line":7,"column":536}},"14":{"start":{"line":7,"column":493},"end":{"line":7,"column":536}},"15":{"start":{"line":7,"column":537},"end":{"line":7,"column":556}},"16":{"start":{"line":9,"column":14},"end":{"line":9,"column":40}},"17":{"start":{"line":11,"column":15},"end":{"line":11,"column":46}},"18":{"start":{"line":13,"column":13},"end":{"line":13,"column":38}},"19":{"start":{"line":15,"column":14},"end":{"line":15,"column":44}},"20":{"start":{"line":17,"column":13},"end":{"line":17,"column":38}},"21":{"start":{"line":19,"column":14},"end":{"line":19,"column":44}},"22":{"start":{"line":21,"column":39},"end":{"line":21,"column":93}},"23":{"start":{"line":23,"column":50},"end":{"line":23,"column":151}},"24":{"start":{"line":23,"column":92},"end":{"line":23,"column":149}},"25":{"start":{"line":25,"column":26},"end":{"line":25,"column":61}},"26":{"start":{"line":27,"column":15},"end":{"line":127,"column":3}},"27":{"start":{"line":29,"column":4},"end":{"line":29,"column":36}},"28":{"start":{"line":32,"column":2},"end":{"line":124,"column":6}},"29":{"start":{"line":43,"column":19},"end":{"line":43,"column":63}},"30":{"start":{"line":44,"column":6},"end":{"line":49,"column":7}},"31":{"start":{"line":45,"column":8},"end":{"line":48,"column":11}},"32":{"start":{"line":50,"column":6},"end":{"line":50,"column":20}},"33":{"start":{"line":64,"column":19},"end":{"line":64,"column":62}},"34":{"start":{"line":65,"column":6},"end":{"line":70,"column":7}},"35":{"start":{"line":66,"column":8},"end":{"line":69,"column":11}},"36":{"start":{"line":71,"column":6},"end":{"line":71,"column":20}},"37":{"start":{"line":85,"column":6},"end":{"line":95,"column":7}},"38":{"start":{"line":86,"column":8},"end":{"line":88,"column":9}},"39":{"start":{"line":87,"column":10},"end":{"line":87,"column":87}},"40":{"start":{"line":89,"column":8},"end":{"line":89,"column":22}},"41":{"start":{"line":91,"column":8},"end":{"line":94,"column":11}},"42":{"start":{"line":109,"column":21},"end":{"line":111,"column":8}},"43":{"start":{"line":110,"column":8},"end":{"line":110,"column":45}},"44":{"start":{"line":112,"column":6},"end":{"line":122,"column":7}},"45":{"start":{"line":113,"column":8},"end":{"line":115,"column":9}},"46":{"start":{"line":114,"column":10},"end":{"line":114,"column":69}},"47":{"start":{"line":116,"column":8},"end":{"line":116,"column":22}},"48":{"start":{"line":118,"column":8},"end":{"line":121,"column":11}},"49":{"start":{"line":126,"column":2},"end":{"line":126,"column":18}},"50":{"start":{"line":129,"column":0},"end":{"line":129,"column":27}}},"fnMap":{"0":{"name":"(anonymous_0)","decl":{"start":{"line":7,"column":19},"end":{"line":7,"column":20}},"loc":{"start":{"line":7,"column":31},"end":{"line":7,"column":561}},"line":7},"1":{"name":"defineProperties","decl":{"start":{"line":7,"column":42},"end":{"line":7,"column":58}},"loc":{"start":{"line":7,"column":74},"end":{"line":7,"column":349}},"line":7},"2":{"name":"(anonymous_2)","decl":{"start":{"line":7,"column":357},"end":{"line":7,"column":358}},"loc":{"start":{"line":7,"column":405},"end":{"line":7,"column":558}},"line":7},"3":{"name":"_interopRequireDefault","decl":{"start":{"line":21,"column":9},"end":{"line":21,"column":31}},"loc":{"start":{"line":21,"column":37},"end":{"line":21,"column":95}},"line":21},"4":{"name":"_classCallCheck","decl":{"start":{"line":23,"column":9},"end":{"line":23,"column":24}},"loc":{"start":{"line":23,"column":48},"end":{"line":23,"column":153}},"line":23},"5":{"name":"(anonymous_5)","decl":{"start":{"line":27,"column":15},"end":{"line":27,"column":16}},"loc":{"start":{"line":27,"column":27},"end":{"line":127,"column":1}},"line":27},"6":{"name":"Validate","decl":{"start":{"line":28,"column":11},"end":{"line":28,"column":19}},"loc":{"start":{"line":28,"column":22},"end":{"line":30,"column":3}},"line":28},"7":{"name":"validateUserRegData","decl":{"start":{"line":42,"column":20},"end":{"line":42,"column":39}},"loc":{"start":{"line":42,"column":56},"end":{"line":51,"column":5}},"line":42},"8":{"name":"validateUserLoginData","decl":{"start":{"line":63,"column":20},"end":{"line":63,"column":41}},"loc":{"start":{"line":63,"column":58},"end":{"line":72,"column":5}},"line":63},"9":{"name":"validateUserRegPassword","decl":{"start":{"line":84,"column":20},"end":{"line":84,"column":43}},"loc":{"start":{"line":84,"column":60},"end":{"line":96,"column":5}},"line":84},"10":{"name":"validateLogin","decl":{"start":{"line":108,"column":20},"end":{"line":108,"column":33}},"loc":{"start":{"line":108,"column":50},"end":{"line":123,"column":5}},"line":108},"11":{"name":"(anonymous_11)","decl":{"start":{"line":109,"column":42},"end":{"line":109,"column":43}},"loc":{"start":{"line":109,"column":58},"end":{"line":111,"column":7}},"line":109}},"branchMap":{"0":{"loc":{"start":{"line":7,"column":168},"end":{"line":7,"column":198}},"type":"binary-expr","locations":[{"start":{"line":7,"column":168},"end":{"line":7,"column":189}},{"start":{"line":7,"column":193},"end":{"line":7,"column":198}}],"line":7},"1":{"loc":{"start":{"line":7,"column":232},"end":{"line":7,"column":286}},"type":"if","locations":[{"start":{"line":7,"column":232},"end":{"line":7,"column":286}},{"start":{"line":7,"column":232},"end":{"line":7,"column":286}}],"line":7},"2":{"loc":{"start":{"line":7,"column":407},"end":{"line":7,"column":475}},"type":"if","locations":[{"start":{"line":7,"column":407},"end":{"line":7,"column":475}},{"start":{"line":7,"column":407},"end":{"line":7,"column":475}}],"line":7},"3":{"loc":{"start":{"line":7,"column":476},"end":{"line":7,"column":536}},"type":"if","locations":[{"start":{"line":7,"column":476},"end":{"line":7,"column":536}},{"start":{"line":7,"column":476},"end":{"line":7,"column":536}}],"line":7},"4":{"loc":{"start":{"line":21,"column":46},"end":{"line":21,"column":92}},"type":"cond-expr","locations":[{"start":{"line":21,"column":70},"end":{"line":21,"column":73}},{"start":{"line":21,"column":76},"end":{"line":21,"column":92}}],"line":21},"5":{"loc":{"start":{"line":21,"column":46},"end":{"line":21,"column":67}},"type":"binary-expr","locations":[{"start":{"line":21,"column":46},"end":{"line":21,"column":49}},{"start":{"line":21,"column":53},"end":{"line":21,"column":67}}],"line":21},"6":{"loc":{"start":{"line":23,"column":50},"end":{"line":23,"column":151}},"type":"if","locations":[{"start":{"line":23,"column":50},"end":{"line":23,"column":151}},{"start":{"line":23,"column":50},"end":{"line":23,"column":151}}],"line":23},"7":{"loc":{"start":{"line":44,"column":6},"end":{"line":49,"column":7}},"type":"if","locations":[{"start":{"line":44,"column":6},"end":{"line":49,"column":7}},{"start":{"line":44,"column":6},"end":{"line":49,"column":7}}],"line":44},"8":{"loc":{"start":{"line":44,"column":10},"end":{"line":44,"column":78}},"type":"binary-expr","locations":[{"start":{"line":44,"column":10},"end":{"line":44,"column":45}},{"start":{"line":44,"column":49},"end":{"line":44,"column":78}}],"line":44},"9":{"loc":{"start":{"line":65,"column":6},"end":{"line":70,"column":7}},"type":"if","locations":[{"start":{"line":65,"column":6},"end":{"line":70,"column":7}},{"start":{"line":65,"column":6},"end":{"line":70,"column":7}}],"line":65},"10":{"loc":{"start":{"line":65,"column":10},"end":{"line":65,"column":78}},"type":"binary-expr","locations":[{"start":{"line":65,"column":10},"end":{"line":65,"column":45}},{"start":{"line":65,"column":49},"end":{"line":65,"column":78}}],"line":65},"11":{"loc":{"start":{"line":86,"column":8},"end":{"line":88,"column":9}},"type":"if","locations":[{"start":{"line":86,"column":8},"end":{"line":88,"column":9}},{"start":{"line":86,"column":8},"end":{"line":88,"column":9}}],"line":86},"12":{"loc":{"start":{"line":113,"column":8},"end":{"line":115,"column":9}},"type":"if","locations":[{"start":{"line":113,"column":8},"end":{"line":115,"column":9}},{"start":{"line":113,"column":8},"end":{"line":115,"column":9}}],"line":113},"13":{"loc":{"start":{"line":113,"column":12},"end":{"line":113,"column":77}},"type":"binary-expr","locations":[{"start":{"line":113,"column":12},"end":{"line":113,"column":34}},{"start":{"line":113,"column":38},"end":{"line":113,"column":77}}],"line":113}},"s":{"0":1,"1":1,"2":1,"3":1,"4":4,"5":4,"6":4,"7":4,"8":4,"9":4,"10":1,"11":1,"12":0,"13":1,"14":1,"15":1,"16":1,"17":1,"18":1,"19":1,"20":1,"21":1,"22":3,"23":0,"24":0,"25":1,"26":1,"27":0,"28":1,"29":12,"30":12,"31":10,"32":2,"33":13,"34":13,"35":4,"36":9,"37":2,"38":2,"39":1,"40":1,"41":1,"42":9,"43":13,"44":9,"45":9,"46":2,"47":7,"48":2,"49":1,"50":1},"f":{"0":1,"1":1,"2":1,"3":3,"4":0,"5":1,"6":0,"7":12,"8":13,"9":2,"10":9,"11":13},"b":{"0":[4,4],"1":[4,0],"2":[0,1],"3":[1,0],"4":[3,0],"5":[3,3],"6":[0,0],"7":[10,2],"8":[12,10],"9":[4,9],"10":[13,4],"11":[1,1],"12":[2,7],"13":[9,7]},"_coverageSchema":"43e27e138ebf9cfc5966b082cf9a028302ed4184","hash":"e805b2753b7f2d449dca4bd9d182fbad33f68801","contentHash":"2c431dec892427c467352bd4bc5319019cdffafcfad5b97feba7cb85b6f96eb0"},"C:\\Users\\Dashboard\\EpicMail\\server\\utils\\error.js":{"path":"C:\\Users\\Dashboard\\EpicMail\\server\\utils\\error.js","statementMap":{"0":{"start":{"line":3,"column":0},"end":{"line":5,"column":3}},"1":{"start":{"line":7,"column":50},"end":{"line":7,"column":151}},"2":{"start":{"line":7,"column":92},"end":{"line":7,"column":149}},"3":{"start":{"line":9,"column":20},"end":{"line":14,"column":1}},"4":{"start":{"line":10,"column":2},"end":{"line":10,"column":39}},"5":{"start":{"line":12,"column":2},"end":{"line":12,"column":30}},"6":{"start":{"line":13,"column":2},"end":{"line":13,"column":25}},"7":{"start":{"line":16,"column":22},"end":{"line":21,"column":1}},"8":{"start":{"line":17,"column":2},"end":{"line":17,"column":41}},"9":{"start":{"line":19,"column":2},"end":{"line":19,"column":27}},"10":{"start":{"line":20,"column":2},"end":{"line":20,"column":25}},"11":{"start":{"line":23,"column":26},"end":{"line":28,"column":1}},"12":{"start":{"line":24,"column":2},"end":{"line":24,"column":45}},"13":{"start":{"line":26,"column":2},"end":{"line":26,"column":36}},"14":{"start":{"line":27,"column":2},"end":{"line":27,"column":25}},"15":{"start":{"line":30,"column":24},"end":{"line":35,"column":1}},"16":{"start":{"line":31,"column":2},"end":{"line":31,"column":43}},"17":{"start":{"line":33,"column":2},"end":{"line":33,"column":34}},"18":{"start":{"line":34,"column":2},"end":{"line":34,"column":25}},"19":{"start":{"line":37,"column":0},"end":{"line":37,"column":38}},"20":{"start":{"line":38,"column":0},"end":{"line":38,"column":40}},"21":{"start":{"line":39,"column":0},"end":{"line":39,"column":44}},"22":{"start":{"line":40,"column":0},"end":{"line":40,"column":42}},"23":{"start":{"line":42,"column":0},"end":{"line":47,"column":2}}},"fnMap":{"0":{"name":"_classCallCheck","decl":{"start":{"line":7,"column":9},"end":{"line":7,"column":24}},"loc":{"start":{"line":7,"column":48},"end":{"line":7,"column":153}},"line":7},"1":{"name":"NotFoundError","decl":{"start":{"line":9,"column":29},"end":{"line":9,"column":42}},"loc":{"start":{"line":9,"column":52},"end":{"line":14,"column":1}},"line":9},"2":{"name":"BadRequestError","decl":{"start":{"line":16,"column":31},"end":{"line":16,"column":46}},"loc":{"start":{"line":16,"column":56},"end":{"line":21,"column":1}},"line":16},"3":{"name":"AuthenticationError","decl":{"start":{"line":23,"column":35},"end":{"line":23,"column":54}},"loc":{"start":{"line":23,"column":64},"end":{"line":28,"column":1}},"line":23},"4":{"name":"UnAuthorizedError","decl":{"start":{"line":30,"column":33},"end":{"line":30,"column":50}},"loc":{"start":{"line":30,"column":60},"end":{"line":35,"column":1}},"line":30}},"branchMap":{"0":{"loc":{"start":{"line":7,"column":50},"end":{"line":7,"column":151}},"type":"if","locations":[{"start":{"line":7,"column":50},"end":{"line":7,"column":151}},{"start":{"line":7,"column":50},"end":{"line":7,"column":151}}],"line":7}},"s":{"0":1,"1":16,"2":0,"3":1,"4":1,"5":1,"6":1,"7":1,"8":0,"9":0,"10":0,"11":1,"12":3,"13":3,"14":3,"15":1,"16":12,"17":12,"18":12,"19":1,"20":1,"21":1,"22":1,"23":1},"f":{"0":16,"1":1,"2":0,"3":3,"4":12},"b":{"0":[0,16]},"_coverageSchema":"43e27e138ebf9cfc5966b082cf9a028302ed4184","hash":"f3811aacb917e01f2ae7934f230bfd4671185742","contentHash":"09bc51e757212b9c4bd03329b1121fc2d42f2b15c75949568b1683488bf3b3ef"},"C:\\Users\\Dashboard\\EpicMail\\server\\route\\messageRoute.js":{"path":"C:\\Users\\Dashboard\\EpicMail\\server\\route\\messageRoute.js","statementMap":{"0":{"start":{"line":3,"column":0},"end":{"line":5,"column":3}},"1":{"start":{"line":7,"column":15},"end":{"line":7,"column":33}},"2":{"start":{"line":9,"column":16},"end":{"line":9,"column":48}},"3":{"start":{"line":11,"column":15},"end":{"line":11,"column":48}},"4":{"start":{"line":13,"column":16},"end":{"line":13,"column":48}},"5":{"start":{"line":15,"column":23},"end":{"line":15,"column":63}},"6":{"start":{"line":17,"column":24},"end":{"line":17,"column":64}},"7":{"start":{"line":19,"column":19},"end":{"line":19,"column":55}},"8":{"start":{"line":21,"column":20},"end":{"line":21,"column":56}},"9":{"start":{"line":23,"column":39},"end":{"line":23,"column":93}},"10":{"start":{"line":25,"column":13},"end":{"line":25,"column":39}},"11":{"start":{"line":27,"column":0},"end":{"line":27,"column":147}},"12":{"start":{"line":29,"column":0},"end":{"line":29,"column":105}},"13":{"start":{"line":31,"column":0},"end":{"line":31,"column":110}},"14":{"start":{"line":33,"column":0},"end":{"line":33,"column":106}},"15":{"start":{"line":35,"column":0},"end":{"line":35,"column":101}},"16":{"start":{"line":37,"column":0},"end":{"line":37,"column":107}},"17":{"start":{"line":39,"column":0},"end":{"line":39,"column":25}}},"fnMap":{"0":{"name":"_interopRequireDefault","decl":{"start":{"line":23,"column":9},"end":{"line":23,"column":31}},"loc":{"start":{"line":23,"column":37},"end":{"line":23,"column":95}},"line":23}},"branchMap":{"0":{"loc":{"start":{"line":23,"column":46},"end":{"line":23,"column":92}},"type":"cond-expr","locations":[{"start":{"line":23,"column":70},"end":{"line":23,"column":73}},{"start":{"line":23,"column":76},"end":{"line":23,"column":92}}],"line":23},"1":{"loc":{"start":{"line":23,"column":46},"end":{"line":23,"column":67}},"type":"binary-expr","locations":[{"start":{"line":23,"column":46},"end":{"line":23,"column":49}},{"start":{"line":23,"column":53},"end":{"line":23,"column":67}}],"line":23}},"s":{"0":1,"1":1,"2":1,"3":1,"4":1,"5":1,"6":1,"7":1,"8":1,"9":4,"10":1,"11":1,"12":1,"13":1,"14":1,"15":1,"16":1,"17":1},"f":{"0":4},"b":{"0":[3,1],"1":[4,4]},"_coverageSchema":"43e27e138ebf9cfc5966b082cf9a028302ed4184","hash":"b91ca138937cd87338478d90749c7f9c96f00822","contentHash":"901a9cc8de309193da73f1a007d9d22c8aade18db303a7a797e5a8437edad7b4"},"C:\\Users\\Dashboard\\EpicMail\\server\\controllers\\message.js":{"path":"C:\\Users\\Dashboard\\EpicMail\\server\\controllers\\message.js","statementMap":{"0":{"start":{"line":3,"column":0},"end":{"line":5,"column":3}},"1":{"start":{"line":7,"column":19},"end":{"line":7,"column":563}},"2":{"start":{"line":7,"column":76},"end":{"line":7,"column":347}},"3":{"start":{"line":7,"column":89},"end":{"line":7,"column":90}},"4":{"start":{"line":7,"column":134},"end":{"line":7,"column":142}},"5":{"start":{"line":7,"column":144},"end":{"line":7,"column":199}},"6":{"start":{"line":7,"column":200},"end":{"line":7,"column":231}},"7":{"start":{"line":7,"column":232},"end":{"line":7,"column":286}},"8":{"start":{"line":7,"column":259},"end":{"line":7,"column":286}},"9":{"start":{"line":7,"column":287},"end":{"line":7,"column":345}},"10":{"start":{"line":7,"column":350},"end":{"line":7,"column":559}},"11":{"start":{"line":7,"column":407},"end":{"line":7,"column":475}},"12":{"start":{"line":7,"column":423},"end":{"line":7,"column":475}},"13":{"start":{"line":7,"column":476},"end":{"line":7,"column":536}},"14":{"start":{"line":7,"column":493},"end":{"line":7,"column":536}},"15":{"start":{"line":7,"column":537},"end":{"line":7,"column":556}},"16":{"start":{"line":9,"column":14},"end":{"line":9,"column":40}},"17":{"start":{"line":11,"column":15},"end":{"line":11,"column":46}},"18":{"start":{"line":13,"column":13},"end":{"line":13,"column":38}},"19":{"start":{"line":15,"column":14},"end":{"line":15,"column":44}},"20":{"start":{"line":17,"column":15},"end":{"line":17,"column":42}},"21":{"start":{"line":19,"column":16},"end":{"line":19,"column":48}},"22":{"start":{"line":21,"column":13},"end":{"line":21,"column":38}},"23":{"start":{"line":23,"column":14},"end":{"line":23,"column":44}},"24":{"start":{"line":25,"column":12},"end":{"line":25,"column":36}},"25":{"start":{"line":27,"column":13},"end":{"line":27,"column":42}},"26":{"start":{"line":29,"column":13},"end":{"line":29,"column":38}},"27":{"start":{"line":31,"column":14},"end":{"line":31,"column":44}},"28":{"start":{"line":33,"column":39},"end":{"line":33,"column":93}},"29":{"start":{"line":35,"column":50},"end":{"line":35,"column":151}},"30":{"start":{"line":35,"column":92},"end":{"line":35,"column":149}},"31":{"start":{"line":37,"column":20},"end":{"line":37,"column":49}},"32":{"start":{"line":39,"column":24},"end":{"line":303,"column":3}},"33":{"start":{"line":41,"column":4},"end":{"line":41,"column":45}},"34":{"start":{"line":44,"column":2},"end":{"line":300,"column":6}},"35":{"start":{"line":55,"column":18},"end":{"line":55,"column":57}},"36":{"start":{"line":56,"column":26},"end":{"line":58,"column":8}},"37":{"start":{"line":57,"column":8},"end":{"line":57,"column":33}},"38":{"start":{"line":59,"column":21},"end":{"line":59,"column":37}},"39":{"start":{"line":60,"column":15},"end":{"line":60,"column":43}},"40":{"start":{"line":61,"column":27},"end":{"line":69,"column":7}},"41":{"start":{"line":70,"column":27},"end":{"line":70,"column":89}},"42":{"start":{"line":71,"column":6},"end":{"line":101,"column":7}},"43":{"start":{"line":72,"column":8},"end":{"line":74,"column":9}},"44":{"start":{"line":73,"column":10},"end":{"line":73,"column":75}},"45":{"start":{"line":75,"column":8},"end":{"line":75,"column":47}},"46":{"start":{"line":76,"column":25},"end":{"line":78,"column":10}},"47":{"start":{"line":77,"column":10},"end":{"line":77,"column":29}},"48":{"start":{"line":79,"column":8},"end":{"line":79,"column":80}},"49":{"start":{"line":80,"column":8},"end":{"line":80,"column":35}},"50":{"start":{"line":81,"column":25},"end":{"line":81,"column":46}},"51":{"start":{"line":82,"column":24},"end":{"line":82,"column":44}},"52":{"start":{"line":84,"column":26},"end":{"line":84,"column":103}},"53":{"start":{"line":85,"column":8},"end":{"line":85,"column":41}},"54":{"start":{"line":87,"column":8},"end":{"line":87,"column":37}},"55":{"start":{"line":88,"column":24},"end":{"line":88,"column":90}},"56":{"start":{"line":89,"column":8},"end":{"line":89,"column":40}},"57":{"start":{"line":90,"column":8},"end":{"line":95,"column":11}},"58":{"start":{"line":97,"column":8},"end":{"line":100,"column":11}},"59":{"start":{"line":115,"column":22},"end":{"line":115,"column":60}},"60":{"start":{"line":116,"column":15},"end":{"line":116,"column":27}},"61":{"start":{"line":118,"column":17},"end":{"line":118,"column":60}},"62":{"start":{"line":119,"column":6},"end":{"line":124,"column":7}},"63":{"start":{"line":120,"column":8},"end":{"line":123,"column":11}},"64":{"start":{"line":125,"column":6},"end":{"line":131,"column":9}},"65":{"start":{"line":145,"column":26},"end":{"line":145,"column":64}},"66":{"start":{"line":146,"column":15},"end":{"line":146,"column":31}},"67":{"start":{"line":148,"column":20},"end":{"line":148,"column":63}},"68":{"start":{"line":149,"column":17},"end":{"line":151,"column":8}},"69":{"start":{"line":150,"column":8},"end":{"line":150,"column":38}},"70":{"start":{"line":152,"column":6},"end":{"line":157,"column":7}},"71":{"start":{"line":153,"column":8},"end":{"line":156,"column":11}},"72":{"start":{"line":158,"column":6},"end":{"line":164,"column":9}},"73":{"start":{"line":178,"column":17},"end":{"line":178,"column":55}},"74":{"start":{"line":179,"column":15},"end":{"line":179,"column":22}},"75":{"start":{"line":181,"column":17},"end":{"line":181,"column":56}},"76":{"start":{"line":182,"column":6},"end":{"line":189,"column":7}},"77":{"start":{"line":183,"column":8},"end":{"line":188,"column":11}},"78":{"start":{"line":190,"column":6},"end":{"line":196,"column":9}},"79":{"start":{"line":210,"column":26},"end":{"line":210,"column":64}},"80":{"start":{"line":211,"column":15},"end":{"line":211,"column":31}},"81":{"start":{"line":213,"column":22},"end":{"line":213,"column":65}},"82":{"start":{"line":214,"column":20},"end":{"line":214,"column":59}},"83":{"start":{"line":215,"column":17},"end":{"line":215,"column":23}},"84":{"start":{"line":216,"column":21},"end":{"line":218,"column":8}},"85":{"start":{"line":217,"column":8},"end":{"line":217,"column":52}},"86":{"start":{"line":219,"column":23},"end":{"line":221,"column":8}},"87":{"start":{"line":220,"column":8},"end":{"line":220,"column":52}},"88":{"start":{"line":222,"column":6},"end":{"line":245,"column":7}},"89":{"start":{"line":223,"column":8},"end":{"line":225,"column":9}},"90":{"start":{"line":224,"column":10},"end":{"line":224,"column":63}},"91":{"start":{"line":226,"column":8},"end":{"line":228,"column":9}},"92":{"start":{"line":227,"column":10},"end":{"line":227,"column":26}},"93":{"start":{"line":230,"column":8},"end":{"line":232,"column":9}},"94":{"start":{"line":231,"column":10},"end":{"line":231,"column":28}},"95":{"start":{"line":233,"column":8},"end":{"line":239,"column":11}},"96":{"start":{"line":241,"column":8},"end":{"line":244,"column":11}},"97":{"start":{"line":259,"column":26},"end":{"line":259,"column":64}},"98":{"start":{"line":260,"column":15},"end":{"line":260,"column":31}},"99":{"start":{"line":262,"column":22},"end":{"line":262,"column":28}},"100":{"start":{"line":263,"column":25},"end":{"line":265,"column":8}},"101":{"start":{"line":264,"column":8},"end":{"line":264,"column":59}},"102":{"start":{"line":266,"column":27},"end":{"line":268,"column":8}},"103":{"start":{"line":267,"column":8},"end":{"line":267,"column":59}},"104":{"start":{"line":269,"column":6},"end":{"line":298,"column":7}},"105":{"start":{"line":270,"column":8},"end":{"line":272,"column":9}},"106":{"start":{"line":271,"column":10},"end":{"line":271,"column":63}},"107":{"start":{"line":273,"column":8},"end":{"line":282,"column":9}},"108":{"start":{"line":274,"column":31},"end":{"line":276,"column":12}},"109":{"start":{"line":275,"column":12},"end":{"line":275,"column":29}},"110":{"start":{"line":277,"column":28},"end":{"line":277,"column":51}},"111":{"start":{"line":278,"column":10},"end":{"line":281,"column":11}},"112":{"start":{"line":279,"column":12},"end":{"line":279,"column":60}},"113":{"start":{"line":280,"column":12},"end":{"line":280,"column":45}},"114":{"start":{"line":283,"column":8},"end":{"line":288,"column":9}},"115":{"start":{"line":284,"column":10},"end":{"line":287,"column":11}},"116":{"start":{"line":285,"column":12},"end":{"line":285,"column":63}},"117":{"start":{"line":286,"column":12},"end":{"line":286,"column":48}},"118":{"start":{"line":289,"column":8},"end":{"line":292,"column":11}},"119":{"start":{"line":294,"column":8},"end":{"line":297,"column":11}},"120":{"start":{"line":302,"column":2},"end":{"line":302,"column":27}},"121":{"start":{"line":305,"column":0},"end":{"line":305,"column":36}}},"fnMap":{"0":{"name":"(anonymous_0)","decl":{"start":{"line":7,"column":19},"end":{"line":7,"column":20}},"loc":{"start":{"line":7,"column":31},"end":{"line":7,"column":561}},"line":7},"1":{"name":"defineProperties","decl":{"start":{"line":7,"column":42},"end":{"line":7,"column":58}},"loc":{"start":{"line":7,"column":74},"end":{"line":7,"column":349}},"line":7},"2":{"name":"(anonymous_2)","decl":{"start":{"line":7,"column":357},"end":{"line":7,"column":358}},"loc":{"start":{"line":7,"column":405},"end":{"line":7,"column":558}},"line":7},"3":{"name":"_interopRequireDefault","decl":{"start":{"line":33,"column":9},"end":{"line":33,"column":31}},"loc":{"start":{"line":33,"column":37},"end":{"line":33,"column":95}},"line":33},"4":{"name":"_classCallCheck","decl":{"start":{"line":35,"column":9},"end":{"line":35,"column":24}},"loc":{"start":{"line":35,"column":48},"end":{"line":35,"column":153}},"line":35},"5":{"name":"(anonymous_5)","decl":{"start":{"line":39,"column":24},"end":{"line":39,"column":25}},"loc":{"start":{"line":39,"column":36},"end":{"line":303,"column":1}},"line":39},"6":{"name":"MessageController","decl":{"start":{"line":40,"column":11},"end":{"line":40,"column":28}},"loc":{"start":{"line":40,"column":31},"end":{"line":42,"column":3}},"line":40},"7":{"name":"createMessage","decl":{"start":{"line":54,"column":20},"end":{"line":54,"column":33}},"loc":{"start":{"line":54,"column":44},"end":{"line":102,"column":5}},"line":54},"8":{"name":"(anonymous_8)","decl":{"start":{"line":56,"column":47},"end":{"line":56,"column":48}},"loc":{"start":{"line":56,"column":60},"end":{"line":58,"column":7}},"line":56},"9":{"name":"(anonymous_9)","decl":{"start":{"line":76,"column":48},"end":{"line":76,"column":49}},"loc":{"start":{"line":76,"column":61},"end":{"line":78,"column":9}},"line":76},"10":{"name":"getReceivedMessages","decl":{"start":{"line":114,"column":20},"end":{"line":114,"column":39}},"loc":{"start":{"line":114,"column":50},"end":{"line":132,"column":5}},"line":114},"11":{"name":"getUnreadMessages","decl":{"start":{"line":144,"column":20},"end":{"line":144,"column":37}},"loc":{"start":{"line":144,"column":48},"end":{"line":165,"column":5}},"line":144},"12":{"name":"(anonymous_12)","decl":{"start":{"line":149,"column":32},"end":{"line":149,"column":33}},"loc":{"start":{"line":149,"column":46},"end":{"line":151,"column":7}},"line":149},"13":{"name":"getSentMessages","decl":{"start":{"line":177,"column":20},"end":{"line":177,"column":35}},"loc":{"start":{"line":177,"column":46},"end":{"line":197,"column":5}},"line":177},"14":{"name":"getAMessage","decl":{"start":{"line":209,"column":20},"end":{"line":209,"column":31}},"loc":{"start":{"line":209,"column":42},"end":{"line":246,"column":5}},"line":209},"15":{"name":"(anonymous_15)","decl":{"start":{"line":216,"column":36},"end":{"line":216,"column":37}},"loc":{"start":{"line":216,"column":49},"end":{"line":218,"column":7}},"line":216},"16":{"name":"(anonymous_16)","decl":{"start":{"line":219,"column":36},"end":{"line":219,"column":37}},"loc":{"start":{"line":219,"column":49},"end":{"line":221,"column":7}},"line":219},"17":{"name":"deleteAMessage","decl":{"start":{"line":258,"column":20},"end":{"line":258,"column":34}},"loc":{"start":{"line":258,"column":45},"end":{"line":299,"column":5}},"line":258},"18":{"name":"(anonymous_18)","decl":{"start":{"line":263,"column":46},"end":{"line":263,"column":47}},"loc":{"start":{"line":263,"column":59},"end":{"line":265,"column":7}},"line":263},"19":{"name":"(anonymous_19)","decl":{"start":{"line":266,"column":47},"end":{"line":266,"column":48}},"loc":{"start":{"line":266,"column":60},"end":{"line":268,"column":7}},"line":266},"20":{"name":"(anonymous_20)","decl":{"start":{"line":274,"column":62},"end":{"line":274,"column":63}},"loc":{"start":{"line":274,"column":76},"end":{"line":276,"column":11}},"line":274}},"branchMap":{"0":{"loc":{"sta
[...]
},"line":21},"3":{"name":"(anonymous_3)","decl":{"start":{"line":22,"column":137},"end":{"line":22,"column":138}},"loc":{"start":{"line":22,"column":157},"end":{"line":26,"column":5}},"line":22},"4":{"name":"(anonymous_4)","decl":{"start":{"line":28,"column":73},"end":{"line":28,"column":74}},"loc":{"start":{"line":28,"column":89},"end":{"line":34,"column":3}},"line":28},"5":{"name":"(anonymous_5)","decl":{"start":{"line":29,"column":117},"end":{"line":29,"column":118}},"loc":{"start":{"line":29,"column":137},"end":{"line":33,"column":5}},"line":29},"6":{"name":"(anonymous_6)","decl":{"start":{"line":36,"column":71},"end":{"line":36,"column":72}},"loc":{"start":{"line":36,"column":87},"end":{"line":42,"column":3}},"line":36},"7":{"name":"(anonymous_7)","decl":{"start":{"line":37,"column":66},"end":{"line":37,"column":67}},"loc":{"start":{"line":37,"column":86},"end":{"line":41,"column":5}},"line":37},"8":{"name":"(anonymous_8)","decl":{"start":{"line":43,"column":50},"end":{"line":43,"column":51}},"loc":{"start":{"line":43,"column":66},"end":{"line":50,"column":3}},"line":43},"9":{"name":"(anonymous_9)","decl":{"start":{"line":44,"column":106},"end":{"line":44,"column":107}},"loc":{"start":{"line":44,"column":126},"end":{"line":49,"column":5}},"line":44},"10":{"name":"(anonymous_10)","decl":{"start":{"line":52,"column":60},"end":{"line":52,"column":61}},"loc":{"start":{"line":52,"column":76},"end":{"line":60,"column":3}},"line":52},"11":{"name":"(anonymous_11)","decl":{"start":{"line":53,"column":106},"end":{"line":53,"column":107}},"loc":{"start":{"line":53,"column":126},"end":{"line":59,"column":5}},"line":53}},"branchMap":{"0":{"loc":{"start":{"line":15,"column":46},"end":{"line":15,"column":92}},"type":"cond-expr","locations":[{"start":{"line":15,"column":70},"end":{"line":15,"column":73}},{"start":{"line":15,"column":76},"end":{"line":15,"column":92}}],"line":15},"1":{"loc":{"start":{"line":15,"column":46},"end":{"line":15,"column":67}},"type":"binary-expr","locations":[{"start":{"line":15,"column":46},"end":{"line":15,"column":49}},{"start":{"line":15,"column":53},"end":{"line":15,"column":67}}],"line":15},"2":{"loc":{"start":{"line":54,"column":6},"end":{"line":56,"column":7}},"type":"if","locations":[{"start":{"line":54,"column":6},"end":{"line":56,"column":7}},{"start":{"line":54,"column":6},"end":{"line":56,"column":7}}],"line":54}},"s":{"0":1,"1":1,"2":1,"3":1,"4":1,"5":1,"6":2,"7":1,"8":1,"9":1,"10":1,"11":1,"12":1,"13":1,"14":1,"15":1,"16":1,"17":1,"18":1,"19":1,"20":1,"21":1,"22":1,"23":1,"24":1,"25":1,"26":1,"27":1,"28":1,"29":1,"30":1,"31":1,"32":1,"33":0,"34":1,"35":1},"f":{"0":2,"1":1,"2":1,"3":1,"4":1,"5":1,"6":1,"7":1,"8":1,"9":1,"10":1,"11":1},"b":{"0":[1,1],"1":[2,2],"2":[0,1]},"_coverageSchema":"43e27e138ebf9cfc5966b082cf9a028302ed4184","hash":"2de9f0565ee251c11b7ebba4cf14b519a6c2bf3b","contentHash":"752ed0f13bd48d7b8240659a9a8348397d8ae4ad7994735262be9a955a8b3a4e"},"C:\\Users\\Dashboard\\EpicMail\\server\\test\\getSentMessage.js":{"path":"C:\\Users\\Dashboard\\EpicMail\\server\\test\\getSentMessage.js","statementMap":{"0":{"start":{"line":3,"column":13},"end":{"line":3,"column":29}},"1":{"start":{"line":5,"column":12},"end":{"line":5,"column":27}},"2":{"start":{"line":7,"column":16},"end":{"line":7,"column":36}},"3":{"start":{"line":9,"column":17},"end":{"line":9,"column":50}},"4":{"start":{"line":11,"column":11},"end":{"line":11,"column":28}},"5":{"start":{"line":13,"column":12},"end":{"line":13,"column":40}},"6":{"start":{"line":15,"column":39},"end":{"line":15,"column":93}},"7":{"start":{"line":17,"column":0},"end":{"line":17,"column":35}},"8":{"start":{"line":19,"column":12},"end":{"line":19,"column":18}},"9":{"start":{"line":21,"column":0},"end":{"line":64,"column":3}},"10":{"start":{"line":22,"column":2},"end":{"line":28,"column":5}},"11":{"start":{"line":23,"column":4},"end":{"line":27,"column":7}},"12":{"start":{"line":25,"column":6},"end":{"line":25,"column":37}},"13":{"start":{"line":26,"column":6},"end":{"line":26,"column":16}},"14":{"start":{"line":30,"column":2},"end":{"line":36,"column":5}},"15":{"start":{"line":31,"column":4},"end":{"line":35,"column":7}},"16":{"start":{"line":32,"column":6},"end":{"line":32,"column":42}},"17":{"start":{"line":33,"column":6},"end":{"line":33,"column":82}},"18":{"start":{"line":34,"column":6},"end":{"line":34,"column":16}},"19":{"start":{"line":38,"column":2},"end":{"line":44,"column":5}},"20":{"start":{"line":39,"column":4},"end":{"line":43,"column":7}},"21":{"start":{"line":40,"column":6},"end":{"line":40,"column":42}},"22":{"start":{"line":41,"column":6},"end":{"line":41,"column":92}},"23":{"start":{"line":42,"column":6},"end":{"line":42,"column":16}},"24":{"start":{"line":46,"column":2},"end":{"line":53,"column":5}},"25":{"start":{"line":47,"column":4},"end":{"line":52,"column":7}},"26":{"start":{"line":48,"column":6},"end":{"line":48,"column":50}},"27":{"start":{"line":49,"column":6},"end":{"line":49,"column":78}},"28":{"start":{"line":50,"column":6},"end":{"line":50,"column":42}},"29":{"start":{"line":51,"column":6},"end":{"line":51,"column":16}},"30":{"start":{"line":55,"column":2},"end":{"line":63,"column":5}},"31":{"start":{"line":56,"column":4},"end":{"line":62,"column":7}},"32":{"start":{"line":57,"column":6},"end":{"line":59,"column":7}},"33":{"start":{"line":58,"column":8},"end":{"line":58,"column":78}},"34":{"start":{"line":60,"column":6},"end":{"line":60,"column":42}},"35":{"start":{"line":61,"column":6},"end":{"line":61,"column":16}}},"fnMap":{"0":{"name":"_interopRequireDefault","decl":{"start":{"line":15,"column":9},"end":{"line":15,"column":31}},"loc":{"start":{"line":15,"column":37},"end":{"line":15,"column":95}},"line":15},"1":{"name":"(anonymous_1)","decl":{"start":{"line":21,"column":49},"end":{"line":21,"column":50}},"loc":{"start":{"line":21,"column":61},"end":{"line":64,"column":1}},"line":21},"2":{"name":"(anonymous_2)","decl":{"start":{"line":22,"column":21},"end":{"line":22,"column":22}},"loc":{"start":{"line":22,"column":37},"end":{"line":28,"column":3}},"line":22},"3":{"name":"(anonymous_3)","decl":{"start":{"line":23,"column":137},"end":{"line":23,"column":138}},"loc":{"start":{"line":23,"column":157},"end":{"line":27,"column":5}},"line":23},"4":{"name":"(anonymous_4)","decl":{"start":{"line":30,"column":73},"end":{"line":30,"column":74}},"loc":{"start":{"line":30,"column":89},"end":{"line":36,"column":3}},"line":30},"5":{"name":"(anonymous_5)","decl":{"start":{"line":31,"column":122},"end":{"line":31,"column":123}},"loc":{"start":{"line":31,"column":142},"end":{"line":35,"column":5}},"line":31},"6":{"name":"(anonymous_6)","decl":{"start":{"line":38,"column":71},"end":{"line":38,"column":72}},"loc":{"start":{"line":38,"column":87},"end":{"line":44,"column":3}},"line":38},"7":{"name":"(anonymous_7)","decl":{"start":{"line":39,"column":71},"end":{"line":39,"column":72}},"loc":{"start":{"line":39,"column":91},"end":{"line":43,"column":5}},"line":39},"8":{"name":"(anonymous_8)","decl":{"start":{"line":46,"column":46},"end":{"line":46,"column":47}},"loc":{"start":{"line":46,"column":62},"end":{"line":53,"column":3}},"line":46},"9":{"name":"(anonymous_9)","decl":{"start":{"line":47,"column":111},"end":{"line":47,"column":112}},"loc":{"start":{"line":47,"column":131},"end":{"line":52,"column":5}},"line":47},"10":{"name":"(anonymous_10)","decl":{"start":{"line":55,"column":68},"end":{"line":55,"column":69}},"loc":{"start":{"line":55,"column":84},"end":{"line":63,"column":3}},"line":55},"11":{"name":"(anonymous_11)","decl":{"start":{"line":56,"column":111},"end":{"line":56,"column":112}},"loc":{"start":{"line":56,"column":131},"end":{"line":62,"column":5}},"line":56}},"branchMap":{"0":{"loc":{"start":{"line":15,"column":46},"end":{"line":15,"column":92}},"type":"cond-expr","locations":[{"start":{"line":15,"column":70},"end":{"line":15,"column":73}},{"start":{"line":15,"column":76},"end":{"line":15,"column":92}}],"line":15},"1":{"loc":{"start":{"line":15,"column":46},"end":{"line":15,"column":67}},"type":"binary-expr","locations":[{"start":{"line":15,"column":46},"end":{"line":15,"column":49}},{"start":{"line":15,"column":53},"end":{"line":15,"column":67}}],"line":15},"2":{"loc":{"start":{"line":57,"column":6},"end":{"line":59,"column":7}},"type":"if","locations":[{"start":{"line":57,"column":6},"end":{"line":59,"column":7}},{"start":{"line":57,"column":6},"end":{"line":59,"column":7}}],"line":57}},"s":{"0":1,"1":1,"2":1,"3":1,"4":1,"5":1,"6":2,"7":1,"8":1,"9":1,"10":1,"11":1,"12":1,"13":1,"14":1,"15":1,"16":1,"17":1,"18":1,"19":1,"20":1,"21":1,"22":1,"23":1,"24":1,"25":1,"26":1,"27":1,"28":1,"29":1,"30":1,"31":1,"32":1,"33":0,"34":1,"35":1},"f":{"0":2,"1":1,"2":1,"3":1,"4":1,"5":1,"6":1,"7":1,"8":1,"9":1,"10":1,"11":1},"b":{"0":[1,1],"1":[2,2],"2":[0,1]},"_coverageSchema":"43e27e138ebf9cfc5966b082cf9a028302ed4184","hash":"7730443f7e914c9f4ca027f6b5e0d5f38a5c7095","contentHash":"8a62bb1f8dce46bdead5e9f8400c4c4e4130402370bfbac2e605acf249d9e08e"},"C:\\Users\\Dashboard\\EpicMail\\server\\test\\getUnreadMessage.js":{"path":"C:\\Users\\Dashboard\\EpicMail\\server\\test\\getUnreadMessage.js","statementMap":{"0":{"start":{"line":3,"column":13},"end":{"line":3,"column":29}},"1":{"start":{"line":5,"column":12},"end":{"line":5,"column":27}},"2":{"start":{"line":7,"column":16},"end":{"line":7,"column":36}},"3":{"start":{"line":9,"column":17},"end":{"line":9,"column":50}},"4":{"start":{"line":11,"column":11},"end":{"line":11,"column":28}},"5":{"start":{"line":13,"column":12},"end":{"line":13,"column":40}},"6":{"start":{"line":15,"column":39},"end":{"line":15,"column":93}},"7":{"start":{"line":17,"column":0},"end":{"line":17,"column":35}},"8":{"start":{"line":19,"column":12},"end":{"line":19,"column":18}},"9":{"start":{"line":21,"column":0},"end":{"line":64,"column":3}},"10":{"start":{"line":22,"column":2},"end":{"line":28,"column":5}},"11":{"start":{"line":23,"column":4},"end":{"line":27,"column":7}},"12":{"start":{"line":25,"column":6},"end":{"line":25,"column":37}},"13":{"start":{"line":26,"column":6},"end":{"line":26,"column":16}},"14":{"start":{"line":30,"column":2},"end":{"line":36,"column":5}},"15":{"start":{"line":31,"column":4},"end":{"line":35,"column":7}},"16":{"start":{"line":32,"column":6},"end":{"line":32,"column":42}},"17":{"start":{"line":33,"column":6},"end":{"line":33,"column":82}},"18":{"start":{"line":34,"column":6},"end":{"line":34,"column":16}},"19":{"start":{"line":38,"column":2},"end":{"line":44,"column":5}},"20":{"start":{"line":39,"column":4},"end":{"line":43,"column":7}},"21":{"start":{"line":40,"column":6},"end":{"line":40,"column":42}},"22":{"start":{"line":41,"column":6},"end":{"line":41,"column":92}},"23":{"start":{"line":42,"column":6},"end":{"line":42,"column":16}},"24":{"start":{"line":46,"column":2},"end":{"line":53,"column":5}},"25":{"start":{"line":47,"column":4},"end":{"line":52,"column":7}},"26":{"start":{"line":48,"column":6},"end":{"line":48,"column":50}},"27":{"start":{"line":49,"column":6},"end":{"line":49,"column":80}},"28":{"start":{"line":50,"column":6},"end":{"line":50,"column":42}},"29":{"start":{"line":51,"column":6},"end":{"line":51,"column":16}},"30":{"start":{"line":55,"column":2},"end":{"line":63,"column":5}},"31":{"start":{"line":56,"column":4},"end":{"line":62,"column":7}},"32":{"start":{"line":57,"column":6},"end":{"line":59,"column":7}},"33":{"start":{"line":58,"column":8},"end":{"line":58,"column":66}},"34":{"start":{"line":60,"column":6},"end":{"line":60,"column":42}},"35":{"start":{"line":61,"column":6},"end":{"line":61,"column":16}}},"fnMap":{"0":{"name":"_interopRequireDefault","decl":{"start":{"line":15,"column":9},"end":{"line":15,"column":31}},"loc":{"start":{"line":15,"column":37},"end":{"line":15,"column":95}},"line":15},"1":{"name":"(anonymous_1)","decl":{"start":{"line":21,"column":51},"end":{"line":21,"column":52}},"loc":{"start":{"line":21,"column":63},"end":{"line":64,"column":1}},"line":21},"2":{"name":"(anonymous_2)","decl":{"start":{"line":22,"column":21},"end":{"line":22,"column":22}},"loc":{"start":{"line":22,"column":37},"end":{"line":28,"column":3}},"line":22},"3":{"name":"(anonymous_3)","decl":{"start":{"line":23,"column":137},"end":{"line":23,"column":138}},"loc":{"start":{"line":23,"column":157},"end":{"line":27,"column":5}},"line":23},"4":{"name":"(anonymous_4)","decl":{"start":{"line":30,"column":73},"end":{"line":30,"column":74}},"loc":{"start":{"line":30,"column":89},"end":{"line":36,"column":3}},"line":30},"5":{"name":"(anonymous_5)","decl":{"start":{"line":31,"column":124},"end":{"line":31,"column":125}},"loc":{"start":{"line":31,"column":144},"end":{"line":35,"column":5}},"line":31},"6":{"name":"(anonymous_6)","decl":{"start":{"line":38,"column":71},"end":{"line":38,"column":72}},"loc":{"start":{"line":38,"column":87},"end":{"line":44,"column":3}},"line":38},"7":{"name":"(anonymous_7)","decl":{"start":{"line":39,"column":73},"end":{"line":39,"column":74}},"loc":{"start":{"line":39,"column":93},"end":{"line":43,"column":5}},"line":39},"8":{"name":"(anonymous_8)","decl":{"start":{"line":46,"column":48},"end":{"line":46,"column":49}},"loc":{"start":{"line":46,"column":64},"end":{"line":53,"column":3}},"line":46},"9":{"name":"(anonymous_9)","decl":{"start":{"line":47,"column":113},"end":{"line":47,"column":114}},"loc":{"start":{"line":47,"column":133},"end":{"line":52,"column":5}},"line":47},"10":{"name":"(anonymous_10)","decl":{"start":{"line":55,"column":70},"end":{"line":55,"column":71}},"loc":{"start":{"line":55,"column":86},"end":{"line":63,"column":3}},"line":55},"11":{"name":"(anonymous_11)","decl":{"start":{"line":56,"column":113},"end":{"line":56,"column":114}},"loc":{"start":{"line":56,"column":133},"end":{"line":62,"column":5}},"line":56}},"branchMap":{"0":{"loc":{"start":{"line":15,"column":46},"end":{"line":15,"column":92}},"type":"cond-expr","locations":[{"start":{"line":15,"column":70},"end":{"line":15,"column":73}},{"start":{"line":15,"column":76},"end":{"line":15,"column":92}}],"line":15},"1":{"loc":{"start":{"line":15,"column":46},"end":{"line":15,"column":67}},"type":"binary-expr","locations":[{"start":{"line":15,"column":46},"end":{"line":15,"column":49}},{"start":{"line":15,"column":53},"end":{"line":15,"column":67}}],"line":15},"2":{"loc":{"start":{"line":57,"column":6},"end":{"line":59,"column":7}},"type":"if","locations":[{"start":{"line":57,"column":6},"end":{"line":59,"column":7}},{"start":{"line":57,"column":6},"end":{"line":59,"column":7}}],"line":57}},"s":{"0":1,"1":1,"2":1,"3":1,"4":1,"5":1,"6":2,"7":1,"8":1,"9":1,"10":1,"11":1,"12":1,"13":1,"14":1,"15":1,"16":1,"17":1,"18":1,"19":1,"20":1,"21":1,"22":1,"23":1,"24":1,"25":1,"26":1,"27":1,"28":1,"29":1,"30":1,"31":1,"32":1,"33":0,"34":1,"35":1},"f":{"0":2,"1":1,"2":1,"3":1,"4":1,"5":1,"6":1,"7":1,"8":1,"9":1,"10":1,"11":1},"b":{"0":[1,1],"1":[2,2],"2":[0,1]},"_coverageSchema":"43e27e138ebf9cfc5966b082cf9a028302ed4184","hash":"bc391c038379ec18fbdba1c09f008cc50c4a040d","contentHash":"2555234f6dc6b20473dc3ba09eb791fa00fb0abdf1f73d3e79eca3195472ec2e"},"C:\\Users\\Dashboard\\EpicMail\\server\\test\\messageDelete.js":{"path":"C:\\Users\\Dashboard\\EpicMail\\server\\test\\messageDelete.js","statementMap":{"0":{"start":{"line":3,"column":13},"end":{"line":3,"column":29}},"1":{"start":{"line":5,"column":12},"end":{"line":5,"column":27}},"2":{"start":{"line":7,"column":16},"end":{"line":7,"column":36}},"3":{"start":{"line":9,"column":17},"end":{"line":9,"column":50}},"4":{"start":{"line":11,"column":11},"end":{"line":11,"column":28}},"5":{"start":{"line":13,"column":12},"end":{"line":13,"column":40}},"6":{"start":{"line":15,"column":39},"end":{"line":15,"column":93}},"7":{"start":{"line":17,"column":0},"end":{"line":17,"column":35}},"8":{"start":{"line":18,"column":12},"end":{"line":18,"column":18}},"9":{"start":{"line":20,"column":0},"end":{"line":51,"column":3}},"10":{"start":{"line":21,"column":2},"end":{"line":27,"column":5}},"11":{"start":{"line":22,"column":4},"end":{"line":26,"column":7}},"12":{"start":{"line":24,"column":6},"end":{"line":24,"column":37}},"13":{"start":{"line":25,"column":6},"end":{"line":25,"column":16}},"14":{"start":{"line":28,"column":2},"end":{"line":34,"column":5}},"15":{"start":{"line":29,"column":4},"end":{"line":33,"column":7}},"16":{"start":{"line":30,"column":6},"end":{"line":30,"column":42}},"17":{"start":{"line":31,"column":6},"end":{"line":31,"column":82}},"18":{"start":{"line":32,"column":6},"end":{"line":32,"column":16}},"19":{"start":{"line":36,"column":2},"end":{"line":42,"column":5}},"20":{"start":{"line":37,"column":4},"end":{"line":41,"column":7}},"21":{"start":{"line":38,"column":6},"end":{"line":38,"column":42}},"22":{"start":{"line":39,"column":6},"end":{"line":39,"column":92}},"23":{"start":{"line":40,"column":6},"end":{"line":40,"column":16}},"24":{"start":{"line":44,"column":2},"end":{"line":50,"column":5}},"25":{"start":{"line":45,"column":4},"end":{"line":49,"column":7}},"26":{"start":{"line":46,"column":6},"end":{"line":46,"column":70}},"27":{"start":{"line":47,"column":6},"end":{"line":47,"column":42}},"28":{"start":{"line":48,"column":6},"end":{"line":48,"column":16}}},"fnMap":{"0":{"name":"_interopRequireDefault","decl":{"start":{"line":15,"column":9},"end":{"line":15,"column":31}},"loc":{"start":{"line":15,"column":37},"end":{"line":15,"column":95}},"line":15},"1":{"name":"(anonymous_1)","decl":{"start":{"line":20,"column":48},"end":{"line":20,"column":49}},"loc":{"start":{"line":20,"column":60},"end":{"line":51,"column":1}},"line":20},"2":{"name":"(anonymous_2)","decl":{"start":{"line":21,"column":21},"end":{"line":21,"column":22}},"loc":{"start":{"line":21,"column":37},"end":{"line":27,"column":3}},"line":21},"3":{"name":"(anonymous_3)","decl":{"start":{"line":22,"column":137},"end":{"line":22,"column":138}},"loc":{"start":{"line":22,"column":157},"end":{"line":26,"column":5}},"line":22},"4":{"name":"(anonymous_4)","decl":{"start":{"line":28,"column":73},"end":{"line":28,"column":74}},"loc":{"start":{"line":28,"column":89},"end":{"line":34,"column":3}},"line":28},"5":{"name":"(anonymous_5)","decl":{"start":{"line":29,"column":122},"end":{"line":29,"column":123}},"loc":{"start":{"line":29,"column":142},"end":{"line":33,"column":5}},"line":29},"6":{"name":"(anonymous_6)","decl":{"start":{"line":36,"column":71},"end":{"line":36,"column":72}},"loc":{"start":{"line":36,"column":87},"end":{"line":42,"column":3}},"line":36},"7":{"name":"(anonymous_7)","decl":{"start":{"line":37,"column":71},"end":{"line":37,"column":72}},"loc":{"start":{"line":37,"column":91},"end":{"line":41,"column":5}},"line":37},"8":{"name":"(anonymous_8)","decl":{"start":{"line":44,"column":42},"end":{"line":44,"column":43}},"loc":{"start":{"line":44,"column":58},"end":{"line":50,"column":3}},"line":44},"9":{"name":"(anonymous_9)","decl":{"start":{"line":45,"column":111},"end":{"line":45,"column":112}},"loc":{"start":{"line":45,"column":131},"end":{"line":49,"column":5}},"line":45}},"branchMap":{"0":{"loc":{"start":{"line":15,"column":46},"end":{"line":15,"column":92}},"type":"cond-expr","locations":[{"start":{"line":15,"column":70},"end":{"line":15,"column":73}},{"start":{"line":15,"column":76},"end":{"line":15,"column":92}}],"line":15},"1":{"loc":{"start":{"line":15,"column":46},"end":{"line":15,"column":67}},"type":"binary-expr","locations":[{"start":{"line":15,"column":46},"end":{"line":15,"column":49}},{"start":{"line":15,"column":53},"end":{"line":15,"column":67}}],"line":15}},"s":{"0":1,"1":1,"2":1,"3":1,"4":1,"5":1,"6":2,"7":1,"8":1,"9":1,"10":1,"11":1,"12":1,"13":1,"14":1,"15":1,"16":1,"17":1,"18":1,"19":1,"20":1,"21":1,"22":1,"23":1,"24":1,"25":1,"26":1,"27":1,"28":1},"f":{"0":2,"1":1,"2":1,"3":1,"4":1,"5":1,"6":1,"7":1,"8":1,"9":1},"b":{"0":[1,1],"1":[2,2]},"_coverageSchema":"43e27e138ebf9cfc5966b082cf9a028302ed4184","hash":"9b3ded97c324fb1f7c30f259b9bce3f82dae07cf","contentHash":"4fd45d94b46bf270d7fec861aadd663e26c098f5b9afe420b2f252488b56b6e9"}}