{"C:\\Users\\Dashboard\\bootcamp\\andela\\EpicMail\\server\\test\\authRegister.js":{"path":"C:\\Users\\Dashboard\\bootcamp\\andela\\EpicMail\\server\\test\\authRegister.js","statementMap":{"0":{"start":{"line":3,"column":13},"end":{"line":3,"column":29}},"1":{"start":{"line":5,"column":12},"end":{"line":5,"column":27}},"2":{"start":{"line":7,"column":16},"end":{"line":7,"column":36}},"3":{"start":{"line":9,"column":17},"end":{"line":9,"column":50}},"4":{"start":{"line":11,"column":11},"end":{"line":11,"column":28}},"5":{"start":{"line":13,"column":12},"end":{"line":13,"column":40}},"6":{"start":{"line":15,"column":39},"end":{"line":15,"column":93}},"7":{"start":{"line":17,"column":0},"end":{"line":17,"column":35}},"8":{"start":{"line":19,"column":0},"end":{"line":221,"column":3}},"9":{"start":{"line":20,"column":2},"end":{"line":34,"column":5}},"10":{"start":{"line":21,"column":4},"end":{"line":33,"column":7}},"11":{"start":{"line":29,"column":6},"end":{"line":29,"column":75}},"12":{"start":{"line":30,"column":6},"end":{"line":30,"column":42}},"13":{"start":{"line":31,"column":6},"end":{"line":31,"column":38}},"14":{"start":{"line":32,"column":6},"end":{"line":32,"column":16}},"15":{"start":{"line":35,"column":2},"end":{"line":48,"column":5}},"16":{"start":{"line":36,"column":4},"end":{"line":47,"column":7}},"17":{"start":{"line":44,"column":6},"end":{"line":44,"column":95}},"18":{"start":{"line":45,"column":6},"end":{"line":45,"column":42}},"19":{"start":{"line":46,"column":6},"end":{"line":46,"column":16}},"20":{"start":{"line":49,"column":2},"end":{"line":62,"column":5}},"21":{"start":{"line":50,"column":4},"end":{"line":61,"column":7}},"22":{"start":{"line":58,"column":6},"end":{"line":58,"column":94}},"23":{"start":{"line":59,"column":6},"end":{"line":59,"column":42}},"24":{"start":{"line":60,"column":6},"end":{"line":60,"column":16}},"25":{"start":{"line":64,"column":2},"end":{"line":77,"column":5}},"26":{"start":{"line":65,"column":4},"end":{"line":76,"column":7}},"27":{"start":{"line":73,"column":6},"end":{"line":73,"column":91}},"28":{"start":{"line":74,"column":6},"end":{"line":74,"column":42}},"29":{"start":{"line":75,"column":6},"end":{"line":75,"column":16}},"30":{"start":{"line":79,"column":2},"end":{"line":92,"column":5}},"31":{"start":{"line":80,"column":4},"end":{"line":91,"column":7}},"32":{"start":{"line":88,"column":6},"end":{"line":88,"column":94}},"33":{"start":{"line":89,"column":6},"end":{"line":89,"column":42}},"34":{"start":{"line":90,"column":6},"end":{"line":90,"column":16}},"35":{"start":{"line":94,"column":2},"end":{"line":107,"column":5}},"36":{"start":{"line":95,"column":4},"end":{"line":106,"column":7}},"37":{"start":{"line":103,"column":6},"end":{"line":103,"column":101}},"38":{"start":{"line":104,"column":6},"end":{"line":104,"column":42}},"39":{"start":{"line":105,"column":6},"end":{"line":105,"column":16}},"40":{"start":{"line":109,"column":2},"end":{"line":122,"column":5}},"41":{"start":{"line":110,"column":4},"end":{"line":121,"column":7}},"42":{"start":{"line":118,"column":6},"end":{"line":118,"column":84}},"43":{"start":{"line":119,"column":6},"end":{"line":119,"column":42}},"44":{"start":{"line":120,"column":6},"end":{"line":120,"column":16}},"45":{"start":{"line":124,"column":2},"end":{"line":136,"column":5}},"46":{"start":{"line":125,"column":4},"end":{"line":135,"column":7}},"47":{"start":{"line":132,"column":6},"end":{"line":132,"column":80}},"48":{"start":{"line":133,"column":6},"end":{"line":133,"column":42}},"49":{"start":{"line":134,"column":6},"end":{"line":134,"column":16}},"50":{"start":{"line":138,"column":2},"end":{"line":150,"column":5}},"51":{"start":{"line":139,"column":4},"end":{"line":149,"column":7}},"52":{"start":{"line":146,"column":6},"end":{"line":146,"column":79}},"53":{"start":{"line":147,"column":6},"end":{"line":147,"column":42}},"54":{"start":{"line":148,"column":6},"end":{"line":148,"column":16}},"55":{"start":{"line":152,"column":2},"end":{"line":164,"column":5}},"56":{"start":{"line":153,"column":4},"end":{"line":163,"column":7}},"57":{"start":{"line":160,"column":6},"end":{"line":160,"column":76}},"58":{"start":{"line":161,"column":6},"end":{"line":161,"column":42}},"59":{"start":{"line":162,"column":6},"end":{"line":162,"column":16}},"60":{"start":{"line":165,"column":2},"end":{"line":177,"column":5}},"61":{"start":{"line":166,"column":4},"end":{"line":176,"column":7}},"62":{"start":{"line":173,"column":6},"end":{"line":173,"column":79}},"63":{"start":{"line":174,"column":6},"end":{"line":174,"column":42}},"64":{"start":{"line":175,"column":6},"end":{"line":175,"column":16}},"65":{"start":{"line":179,"column":2},"end":{"line":191,"column":5}},"66":{"start":{"line":180,"column":4},"end":{"line":190,"column":7}},"67":{"start":{"line":187,"column":6},"end":{"line":187,"column":86}},"68":{"start":{"line":188,"column":6},"end":{"line":188,"column":42}},"69":{"start":{"line":189,"column":6},"end":{"line":189,"column":16}},"70":{"start":{"line":193,"column":2},"end":{"line":205,"column":5}},"71":{"start":{"line":194,"column":4},"end":{"line":204,"column":7}},"72":{"start":{"line":201,"column":6},"end":{"line":201,"column":78}},"73":{"start":{"line":202,"column":6},"end":{"line":202,"column":42}},"74":{"start":{"line":203,"column":6},"end":{"line":203,"column":16}},"75":{"start":{"line":207,"column":2},"end":{"line":220,"column":5}},"76":{"start":{"line":208,"column":4},"end":{"line":219,"column":7}},"77":{"start":{"line":216,"column":6},"end":{"line":216,"column":94}},"78":{"start":{"line":217,"column":6},"end":{"line":217,"column":42}},"79":{"start":{"line":218,"column":6},"end":{"line":218,"column":16}}},"fnMap":{"0":{"name":"_interopRequireDefault","decl":{"start":{"line":15,"column":9},"end":{"line":15,"column":31}},"loc":{"start":{"line":15,"column":37},"end":{"line":15,"column":95}},"line":15},"1":{"name":"(anonymous_1)","decl":{"start":{"line":19,"column":48},"end":{"line":19,"column":49}},"loc":{"start":{"line":19,"column":60},"end":{"line":221,"column":1}},"line":19},"2":{"name":"(anonymous_2)","decl":{"start":{"line":20,"column":42},"end":{"line":20,"column":43}},"loc":{"start":{"line":20,"column":58},"end":{"line":34,"column":3}},"line":20},"3":{"name":"(anonymous_3)","decl":{"start":{"line":28,"column":11},"end":{"line":28,"column":12}},"loc":{"start":{"line":28,"column":31},"end":{"line":33,"column":5}},"line":28},"4":{"name":"(anonymous_4)","decl":{"start":{"line":35,"column":76},"end":{"line":35,"column":77}},"loc":{"start":{"line":35,"column":92},"end":{"line":48,"column":3}},"line":35},"5":{"name":"(anonymous_5)","decl":{"start":{"line":43,"column":11},"end":{"line":43,"column":12}},"loc":{"start":{"line":43,"column":31},"end":{"line":47,"column":5}},"line":43},"6":{"name":"(anonymous_6)","decl":{"start":{"line":49,"column":75},"end":{"line":49,"column":76}},"loc":{"start":{"line":49,"column":91},"end":{"line":62,"column":3}},"line":49},"7":{"name":"(anonymous_7)","decl":{"start":{"line":57,"column":11},"end":{"line":57,"column":12}},"loc":{"start":{"line":57,"column":31},"end":{"line":61,"column":5}},"line":57},"8":{"name":"(anonymous_8)","decl":{"start":{"line":64,"column":72},"end":{"line":64,"column":73}},"loc":{"start":{"line":64,"column":88},"end":{"line":77,"column":3}},"line":64},"9":{"name":"(anonymous_9)","decl":{"start":{"line":72,"column":11},"end":{"line":72,"column":12}},"loc":{"start":{"line":72,"column":31},"end":{"line":76,"column":5}},"line":72},"10":{"name":"(anonymous_10)","decl":{"start":{"line":79,"column":74},"end":{"line":79,"column":75}},"loc":{"start":{"line":79,"column":90},"end":{"line":92,"column":3}},"line":79},"11":{"name":"(anonymous_11)","decl":{"start":{"line":87,"column":11},"end":{"line":87,"column":12}},"loc":{"start":{"line":87,"column":31},"end":{"line":91,"column":5}},"line":87},"12":{"name":"(anonymous_12)","decl":{"start":{"line":94,"column":81},"end":{"line":94,"column":82}},"loc":{"start":{"line":94,"column":97},"end":{"line":107,"column":3}},"line":94},"13":{"name":"(anonymous_13)","decl":{"start":{"line":102,"column":11},"end":{"line":102,"column":12}},"loc":{"start":{"line":102,"column":31},"end":{"line":106,"column":5}},"line":102},"14":{"name":"(anonymous_14)","decl":{"start":{"line":109,"column":71},"end":{"line":109,"column":72}},"loc":{"start":{"line":109,"column":87},"end":{"line":122,"column":3}},"line":109},"15":{"name":"(anonymous_15)","decl":{"start":{"line":117,"column":11},"end":{"line":117,"column":12}},"loc":{"start":{"line":117,"column":31},"end":{"line":121,"column":5}},"line":117},"16":{"name":"(anonymous_16)","decl":{"start":{"line":124,"column":83},"end":{"line":124,"column":84}},"loc":{"start":{"line":124,"column":99},"end":{"line":136,"column":3}},"line":124},"17":{"name":"(anonymous_17)","decl":{"start":{"line":131,"column":11},"end":{"line":131,"column":12}},"loc":{"start":{"line":131,"column":31},"end":{"line":135,"column":5}},"line":131},"18":{"name":"(anonymous_18)","decl":{"start":{"line":138,"column":82},"end":{"line":138,"column":83}},"loc":{"start":{"line":138,"column":98},"end":{"line":150,"column":3}},"line":138},"19":{"name":"(anonymous_19)","decl":{"start":{"line":145,"column":11},"end":{"line":145,"column":12}},"loc":{"start":{"line":145,"column":31},"end":{"line":149,"column":5}},"line":145},"20":{"name":"(anonymous_20)","decl":{"start":{"line":152,"column":79},"end":{"line":152,"column":80}},"loc":{"start":{"line":152,"column":95},"end":{"line":164,"column":3}},"line":152},"21":{"name":"(anonymous_21)","decl":{"start":{"line":159,"column":11},"end":{"line":159,"column":12}},"loc":{"start":{"line":159,"column":31},"end":{"line":163,"column":5}},"line":159},"22":{"name":"(anonymous_22)","decl":{"start":{"line":165,"column":82},"end":{"line":165,"column":83}},"loc":{"start":{"line":165,"column":98},"end":{"line":177,"column":3}},"line":165},"23":{"name":"(anonymous_23)","decl":{"start":{"line":172,"column":11},"end":{"line":172,"column":12}},"loc":{"start":{"line":172,"column":31},"end":{"line":176,"column":5}},"line":172},"24":{"name":"(anonymous_24)","decl":{"start":{"line":179,"column":89},"end":{"line":179,"column":90}},"loc":{"start":{"line":179,"column":105},"end":{"line":191,"column":3}},"line":179},"25":{"name":"(anonymous_25)","decl":{"start":{"line":186,"column":11},"end":{"line":186,"column":12}},"loc":{"start":{"line":186,"column":31},"end":{"line":190,"column":5}},"line":186},"26":{"name":"(anonymous_26)","decl":{"start":{"line":193,"column":81},"end":{"line":193,"column":82}},"loc":{"start":{"line":193,"column":97},"end":{"line":205,"column":3}},"line":193},"27":{"name":"(anonymous_27)","decl":{"start":{"line":200,"column":11},"end":{"line":200,"column":12}},"loc":{"start":{"line":200,"column":31},"end":{"line":204,"column":5}},"line":200},"28":{"name":"(anonymous_28)","decl":{"start":{"line":207,"column":102},"end":{"line":207,"column":103}},"loc":{"start":{"line":207,"column":118},"end":{"line":220,"column":3}},"line":207},"29":{"name":"(anonymous_29)","decl":{"start":{"line":215,"column":11},"end":{"line":215,"column":12}},"loc":{"start":{"line":215,"column":31},"end":{"line":219,"column":5}},"line":215}},"branchMap":{"0":{"loc":{"start":{"line":15,"column":46},"end":{"line":15,"column":92}},"type":"cond-expr","locations":[{"start":{"line":15,"column":70},"end":{"line":15,"column":73}},{"start":{"line":15,"column":76},"end":{"line":15,"column":92}}],"line":15},"1":{"loc":{"start":{"line":15,"column":46},"end":{"line":15,"column":67}},"type":"binary-expr","locations":[{"start":{"line":15,"column":46},"end":{"line":15,"column":49}},{"start":{"line":15,"column":53},"end":{"line":15,"column":67}}],"line":15}},"s":{"0":1,"1":1,"2":1,"3":1,"4":1,"5":1,"6":2,"7":1,"8":1,"9":1,"10":1,"11":1,"12":1,"13":1,"14":1,"15":1,"16":1,"17":1,"18":1,"19":1,"20":1,"21":1,"22":1,"23":1,"24":1,"25":1,"26":1,"27":1,"28":1,"29":1,"30":1,"31":1,"32":1,"33":1,"34":1,"35":1,"36":1,"37":1,"38":1,"39":1,"40":1,"41":1,"42":1,"43":1,"44":1,"45":1,"46":1,"47":1,"48":1,"49":1,"50":1,"51":1,"52":1,"53":1,"54":1,"55":1,"56":1,"57":1,"58":1,"59":1,"60":1,"61":1,"62":1,"63":1,"64":1,"65":1,"66":1,"67":1,"68":1,"69":1,"70":1,"71":1,"72":1,"73":1,"74":1,"75":1,"76":1,"77":1,"78":1,"79":1},"f":{"0":2,"1":1,"2":1,"3":1,"4":1,"5":1,"6":1,"7":1,"8":1,"9":1,"10":1,"11":1,"12":1,"13":1,"14":1,"15":1,"16":1,"17":1,"18":1,"19":1,"20":1,"21":1,"22":1,"23":1,"24":1,"25":1,"26":1,"27":1,"28":1,"29":1},"b":{"0":[1,1],"1":[2,2]},"_coverageSchema":"43e27e138ebf9cfc5966b082cf9a028302ed4184","hash":"d3b1432c24a2943f446fa0861d8f15d913581fcb","contentHash":"f0807d7762d2b36ce0bbb8f4cd041d85f19154ecc11de921219d746f39497089"},"C:\\Users\\Dashboard\\bootcamp\\andela\\EpicMail\\server\\app.js":{"path":"C:\\Users\\Dashboard\\bootcamp\\andela\\EpicMail\\server\\app.js","statementMap":{"0":{"start":{"line":3,"column":0},"end":{"line":5,"column":3}},"1":{"start":{"line":7,"column":15},"end":{"line":7,"column":33}},"2":{"start":{"line":9,"column":16},"end":{"line":9,"column":48}},"3":{"start":{"line":11,"column":17},"end":{"line":11,"column":45}},"4":{"start":{"line":13,"column":18},"end":{"line":13,"column":52}},"5":{"start":{"line":15,"column":20},"end":{"line":15,"column":51}},"6":{"start":{"line":17,"column":21},"end":{"line":17,"column":58}},"7":{"start":{"line":19,"column":39},"end":{"line":19,"column":93}},"8":{"start":{"line":21,"column":10},"end":{"line":21,"column":34}},"9":{"start":{"line":23,"column":0},"end":{"line":23,"column":30}},"10":{"start":{"line":24,"column":0},"end":{"line":24,"column":29}},"11":{"start":{"line":25,"column":0},"end":{"line":25,"column":32}},"12":{"start":{"line":27,"column":11},"end":{"line":27,"column":35}},"13":{"start":{"line":28,"column":0},"end":{"line":30,"column":3}},"14":{"start":{"line":29,"column":2},"end":{"line":29,"column":47}},"15":{"start":{"line":32,"column":0},"end":{"line":32,"column":22}}},"fnMap":{"0":{"name":"_interopRequireDefault","decl":{"start":{"line":19,"column":9},"end":{"line":19,"column":31}},"loc":{"start":{"line":19,"column":37},"end":{"line":19,"column":95}},"line":19},"1":{"name":"(anonymous_1)","decl":{"start":{"line":28,"column":17},"end":{"line":28,"column":18}},"loc":{"start":{"line":28,"column":29},"end":{"line":30,"column":1}},"line":28}},"branchMap":{"0":{"loc":{"start":{"line":19,"column":46},"end":{"line":19,"column":92}},"type":"cond-expr","locations":[{"start":{"line":19,"column":70},"end":{"line":19,"column":73}},{"start":{"line":19,"column":76},"end":{"line":19,"column":92}}],"line":19},"1":{"loc":{"start":{"line":19,"column":46},"end":{"line":19,"column":67}},"type":"binary-expr","locations":[{"start":{"line":19,"column":46},"end":{"line":19,"column":49}},{"start":{"line":19,"column":53},"end":{"line":19,"column":67}}],"line":19},"2":{"loc":{"start":{"line":27,"column":11},"end":{"line":27,"column":35}},"type":"binary-expr","locations":[{"start":{"line":27,"column":11},"end":{"line":27,"column":27}},{"start":{"line":27,"column":31},"end":{"line":27,"column":35}}],"line":27}},"s":{"0":1,"1":1,"2":1,"3":1,"4":1,"5":1,"6":1,"7":3,"8":1,"9":1,"10":1,"11":1,"12":1,"13":1,"14":1,"15":1},"f":{"0":3,"1":1},"b":{"0":[2,1],"1":[3,3],"2":[1,1]},"_coverageSchema":"43e27e138ebf9cfc5966b082cf9a028302ed4184","hash":"36cdc0ed5688d41eadf9dbbf1949cdc030c1e8b3","contentHash":"d1224228df7795f48c9c5d3d81870101ff908d9b0c6214dce75597cab6d91ae0"},"C:\\Users\\Dashboard\\bootcamp\\andela\\EpicMail\\server\\route\\userRoute.js":{"path":"C:\\Users\\Dashboard\\bootcamp\\andela\\EpicMail\\server\\route\\userRoute.js","statementMap":{"0":{"start":{"line":3,"column":0},"end":{"line":5,"column":3}},"1":{"start":{"line":7,"column":15},"end":{"line":7,"column":33}},"2":{"start":{"line":9,"column":16},"end":{"line":9,"column":48}},"3":{"start":{"line":11,"column":13},"end":{"line":11,"column":44}},"4":{"start":{"line":13,"column":14},"end":{"line":13,"column":44}},"5":{"start":{"line":15,"column":20},"end":{"line":15,"column":57}},"6":{"start":{"line":17,"column":21},"end":{"line":17,"column":58}},"7":{"start":{"line":19,"column":39},"end":{"line":19,"column":93}},"8":{"start":{"line":21,"column":13},"end":{"line":21,"column":39}},"9":{"start":{"line":23,"column":0},"end":{"line":23,"column":157}},"10":{"start":{"line":25,"column":0},"end":{"line":25,"column":145}},"11":{"start":{"line":27,"column":0},"end":{"line":27,"column":25}}},"fnMap":{"0":{"name":"_interopRequireDefault","decl":{"start":{"line":19,"column":9},"end":{"line":19,"column":31}},"loc":{"start":{"line":19,"column":37},"end":{"line":19,"column":95}},"line":19}},"branchMap":{"0":{"loc":{"start":{"line":19,"column":46},"end":{"line":19,"column":92}},"type":"cond-expr","locations":[{"start":{"line":19,"column":70},"end":{"line":19,"column":73}},{"start":{"line":19,"column":76},"end":{"line":19,"column":92}}],"line":19},"1":{"loc":{"start":{"line":19,"column":46},"end":{"line":19,"column":67}},"type":"binary-expr","locations":[{"start":{"line":19,"column":46},"end":{"line":19,"column":49}},{"start":{"line":19,"column":53},"end":{"line":19,"column":67}}],"line":19}},"s":{"0":1,"1":1,"2":1,"3":1,"4":1,"5":1,"6":1,"7":3,"8":1,"9":1,"10":1,"11":1},"f":{"0":3},"b":{"0":[2,1],"1":[3,3]},"_coverageSchema":"43e27e138ebf9cfc5966b082cf9a028302ed4184","hash":"9f419d772752040f4addb23080d4ffd7625779ed","contentHash":"8a537fa3e95052fc122e95836830c195932aa40b72566eeb351e9de577a44b29"},"C:\\Users\\Dashboard\\bootcamp\\andela\\EpicMail\\server\\controllers\\users.js":{"path":"C:\\Users\\Dashboard\\bootcamp\\andela\\EpicMail\\server\\controllers\\users.js","statementMap":{"0":{"start":{"line":3,"column":0},"end":{"line":5,"column":3}},"1":{"start":{"line":7,"column":19},"end":{"line":7,"column":563}},"2":{"start":{"line":7,"column":76},"end":{"line":7,"column":347}},"3":{"start":{"line":7,"column":89},"end":{"line":7,"column":90}},"4":{"start":{"line":7,"column":134},"end":{"line":7,"column":142}},"5":{"start":{"line":7,"column":144},"end":{"line":7,"column":199}},"6":{"start":{"line":7,"column":200},"end":{"line":7,"column":231}},"7":{"start":{"line":7,"column":232},"end":{"line":7,"column":286}},"8":{"start":{"line":7,"column":259},"end":{"line":7,"column":286}},"9":{"start":{"line":7,"column":287},"end":{"line":7,"column":345}},"10":{"start":{"line":7,"column":350},"end":{"line":7,"column":559}},"11":{"start":{"line":7,"column":407},"end":{"line":7,"column":475}},"12":{"start":{"line":7,"column":423},"end":{"line":7,"column":475}},"13":{"start":{"line":7,"column":476},"end":{"line":7,"column":536}},"14":{"start":{"line":7,"column":493},"end":{"line":7,"column":536}},"15":{"start":{"line":7,"column":537},"end":{"line":7,"column":556}},"16":{"start":{"line":9,"column":13},"end":{"line":9,"column":38}},"17":{"start":{"line":11,"column":14},"end":{"line":11,"column":44}},"18":{"start":{"line":13,"column":14},"end":{"line":13,"column":40}},"19":{"start":{"line":15,"column":15},"end":{"line":15,"column":46}},"20":{"start":{"line":17,"column":39},"end":{"line":17,"column":93}},"21":{"start":{"line":19,"column":50},"end":{"line":19,"column":151}},"22":{"start":{"line":19,"column":92},"end":{"line":19,"column":149}},"23":{"start":{"line":25,"column":21},"end":{"line":92,"column":3}},"24":{"start":{"line":27,"column":4},"end":{"line":27,"column":42}},"25":{"start":{"line":30,"column":2},"end":{"line":89,"column":6}},"26":{"start":{"line":41,"column":15},"end":{"line":41,"column":41}},"27":{"start":{"line":42,"column":17},"end":{"line":49,"column":7}},"28":{"start":{"line":50,"column":6},"end":{"line":50,"column":33}},"29":{"start":{"line":51,"column":20},"end":{"line":53,"column":8}},"30":{"start":{"line":52,"column":8},"end":{"line":52,"column":27}},"31":{"start":{"line":54,"column":18},"end":{"line":54,"column":50}},"32":{"start":{"line":55,"column":6},"end":{"line":55,"column":28}},"33":{"start":{"line":56,"column":6},"end":{"line":60,"column":9}},"34":{"start":{"line":73,"column":25},"end":{"line":76,"column":7}},"35":{"start":{"line":77,"column":21},"end":{"line":79,"column":8}},"36":{"start":{"line":78,"column":8},"end":{"line":78,"column":49}},"37":{"start":{"line":80,"column":18},"end":{"line":80,"column":50}},"38":{"start":{"line":81,"column":6},"end":{"line":81,"column":29}},"39":{"start":{"line":83,"column":6},"end":{"line":87,"column":9}},"40":{"start":{"line":91,"column":2},"end":{"line":91,"column":24}},"41":{"start":{"line":94,"column":0},"end":{"line":94,"column":33}}},"fnMap":{"0":{"name":"(anonymous_0)","decl":{"start":{"line":7,"column":19},"end":{"line":7,"column":20}},"loc":{"start":{"line":7,"column":31},"end":{"line":7,"column":561}},"line":7},"1":{"name":"defineProperties","decl":{"start":{"line":7,"column":42},"end":{"line":7,"column":58}},"loc":{"start":{"line":7,"column":74},"end":{"line":7,"column":349}},"line":7},"2":{"name":"(anonymous_2)","decl":{"start":{"line":7,"column":357},"end":{"line":7,"column":358}},"loc":{"start":{"line":7,"column":405},"end":{"line":7,"column":558}},"line":7},"3":{"name":"_interopRequireDefault","decl":{"start":{"line":17,"column":9},"end":{"line":17,"column":31}},"loc":{"start":{"line":17,"column":37},"end":{"line":17,"column":95}},"line":17},"4":{"name":"_classCallCheck","decl":{"start":{"line":19,"column":9},"end":{"line":19,"column":24}},"loc":{"start":{"line":19,"column":48},"end":{"line":19,"column":153}},"line":19},"5":{"name":"(anonymous_5)","decl":{"start":{"line":25,"column":21},"end":{"line":25,"column":22}},"loc":{"start":{"line":25,"column":33},"end":{"line":92,"column":1}},"line":25},"6":{"name":"UserController","decl":{"start":{"line":26,"column":11},"end":{"line":26,"column":25}},"loc":{"start":{"line":26,"column":28},"end":{"line":28,"column":3}},"line":26},"7":{"name":"registerUser","decl":{"start":{"line":40,"column":20},"end":{"line":40,"column":32}},"loc":{"start":{"line":40,"column":43},"end":{"line":61,"column":5}},"line":40},"8":{"name":"(anonymous_8)","decl":{"start":{"line":51,"column":41},"end":{"line":51,"column":42}},"loc":{"start":{"line":51,"column":54},"end":{"line":53,"column":7}},"line":51},"9":{"name":"loginUser","decl":{"start":{"line":72,"column":20},"end":{"line":72,"column":29}},"loc":{"start":{"line":72,"column":40},"end":{"line":88,"column":5}},"line":72},"10":{"name":"(anonymous_10)","decl":{"start":{"line":77,"column":42},"end":{"line":77,"column":43}},"loc":{"start":{"line":77,"column":58},"end":{"line":79,"column":7}},"line":77}},"branchMap":{"0":{"loc":{"start":{"line":7,"column":168},"end":{"line":7,"column":198}},"type":"binary-expr","locations":[{"start":{"line":7,"column":168},"end":{"line":7,"column":189}},{"start":{"line":7,"column":193},"end":{"line":7,"column":198}}],"line":7},"1":{"loc":{"start":{"line":7,"column":232},"end":{"line":7,"column":286}},"type":"if","locations":[{"start":{"line":7,"column":232},"end":{"line":7,"column":286}},{"start":{"line":7,"column":232},"end":{"line":7,"column":286}}],"line":7},"2":{"loc":{"start":{"line":7,"column":407},"end":{"line":7,"column":475}},"type":"if","locations":[{"start":{"line":7,"column":407},"end":{"line":7,"column":475}},{"start":{"line":7,"column":407},"end":{"line":7,"column":475}}],"line":7},"3":{"loc":{"start":{"line":7,"column":476},"end":{"line":7,"column":536}},"type":"if","locations":[{"start":{"line":7,"column":476},"end":{"line":7,"column":536}},{"start":{"line":7,"column":476},"end":{"line":7,"column":536}}],"line":7},"4":{"loc":{"start":{"line":17,"column":46},"end":{"line":17,"column":92}},"type":"cond-expr","locations":[{"start":{"line":17,"column":70},"end":{"line":17,"column":73}},{"start":{"line":17,"column":76},"end":{"line":17,"column":92}}],"line":17},"5":{"loc":{"start":{"line":17,"column":46},"end":{"line":17,"column":67}},"type":"binary-expr","locations":[{"start":{"line":17,"column":46},"end":{"line":17,"column":49}},{"start":{"line":17,"column":53},"end":{"line":17,"column":67}}],"line":17},"6":{"loc":{"start":{"line":19,"column":50},"end":{"line":19,"column":151}},"type":"if","locations":[{"start":{"line":19,"column":50},"end":{"line":19,"column":151}},{"start":{"line":19,"column":50},"end":{"line":19,"column":151}}],"line":19}},"s":{"0":1,"1":1,"2":1,"3":1,"4":2,"5":2,"6":2,"7":2,"8":2,"9":2,"10":1,"11":1,"12":0,"13":1,"14":1,"15":1,"16":1,"17":1,"18":1,"19":1,"20":2,"21":0,"22":0,"23":1,"24":0,"25":1,"26":1,"27":1,"28":1,"29":1,"30":3,"31":1,"32":1,"33":1,"34":6,"35":6,"36":6,"37":6,"38":6,"39":6,"40":1,"41":1},"f":{"0":1,"1":1,"2":1,"3":2,"4":0,"5":1,"6":0,"7":1,"8":3,"9":6,"10":6},"b":{"0":[2,2],"1":[2,0],"2":[0,1],"3":[1,0],"4":[2,0],"5":[2,2],"6":[0,0]},"_coverageSchema":"43e27e138ebf9cfc5966b082cf9a028302ed4184","hash":"719f045ca8719767de99fca9dd5a7c95d3a1039a","contentHash":"89fcc6aa4e36159374322bf0e6c60c38e7a330ed77ecb4f2a18d0698a524e08f"},"C:\\Users\\Dashboard\\bootcamp\\andela\\EpicMail\\server\\model\\users.js":{"path":"C:\\Users\\Dashboard\\bootcamp\\andela\\EpicMail\\server\\model\\users.js","statementMap":{"0":{"start":{"line":3,"column":0},"end":{"line":5,"column":3}},"1":{"start":{"line":6,"column":12},"end":{"line":24,"column":2}},"2":{"start":{"line":26,"column":0},"end":{"line":26,"column":24}}},"fnMap":{},"branchMap":{},"s":{"0":1,"1":1,"2":1},"f":{},"b":{},"_coverageSchema":"43e27e138ebf9cfc5966b082cf9a028302ed4184","hash":"e4c7ef866679b8e3d718eefe0e2ee529ef058e71","contentHash":"5425faa414e8edd6b9ff509f72a2596577e2c06f72eaf5dea294c43717d269a7"},"C:\\Users\\Dashboard\\bootcamp\\andela\\EpicMail\\server\\utils\\helper.js":{"path":"C:\\Users\\Dashboard\\bootcamp\\andela\\EpicMail\\server\\utils\\helper.js","statementMap":{"0":{"start":{"line":3,"column":0},"end":{"line":5,"column":3}},"1":{"start":{"line":7,"column":19},"end":{"line":7,"column":563}},"2":{"start":{"line":7,"column":76},"end":{"line":7,"column":347}},"3":{"start":{"line":7,"column":89},"end":{"line":7,"column":90}},"4":{"start":{"line":7,"column":134},"end":{"line":7,"column":142}},"5":{"start":{"line":7,"column":144},"end":{"line":7,"column":199}},"6":{"start":{"line":7,"column":200},"end":{"line":7,"column":231}},"7":{"start":{"line":7,"column":232},"end":{"line":7,"column":286}},"8":{"start":{"line":7,"column":259},"end":{"line":7,"column":286}},"9":{"start":{"line":7,"column":287},"end":{"line":7,"column":345}},"10":{"start":{"line":7,"column":350},"end":{"line":7,"column":559}},"11":{"start":{"line":7,"column":407},"end":{"line":7,"column":475}},"12":{"start":{"line":7,"column":423},"end":{"line":7,"column":475}},"13":{"start":{"line":7,"column":476},"end":{"line":7,"column":536}},"14":{"start":{"line":7,"column":493},"end":{"line":7,"column":536}},"15":{"start":{"line":7,"column":537},"end":{"line":7,"column":556}},"16":{"start":{"line":9,"column":11},"end":{"line":9,"column":25}},"17":{"start":{"line":11,"column":12},"end":{"line":11,"column":40}},"18":{"start":{"line":13,"column":13},"end":{"line":13,"column":31}},"19":{"start":{"line":15,"column":14},"end":{"line":15,"column":44}},"20":{"start":{"line":17,"column":13},"end":{"line":17,"column":38}},"21":{"start":{"line":19,"column":14},"end":{"line":19,"column":44}},"22":{"start":{"line":21,"column":15},"end":{"line":21,"column":42}},"23":{"start":{"line":23,"column":16},"end":{"line":23,"column":48}},"24":{"start":{"line":25,"column":13},"end":{"line":25,"column":38}},"25":{"start":{"line":27,"column":14},"end":{"line":27,"column":44}},"26":{"start":{"line":29,"column":12},"end":{"line":29,"column":36}},"27":{"start":{"line":31,"column":13},"end":{"line":31,"column":42}},"28":{"start":{"line":33,"column":39},"end":{"line":33,"column":93}},"29":{"start":{"line":35,"column":50},"end":{"line":35,"column":151}},"30":{"start":{"line":35,"column":92},"end":{"line":35,"column":149}},"31":{"start":{"line":37,"column":22},"end":{"line":37,"column":53}},"32":{"start":{"line":39,"column":18},"end":{"line":193,"column":3}},"33":{"start":{"line":41,"column":4},"end":{"line":41,"column":39}},"34":{"start":{"line":44,"column":2},"end":{"line":190,"column":6}},"35":{"start":{"line":55,"column":19},"end":{"line":55,"column":59}},"36":{"start":{"line":56,"column":6},"end":{"line":66,"column":7}},"37":{"start":{"line":57,"column":8},"end":{"line":59,"column":9}},"38":{"start":{"line":58,"column":10},"end":{"line":58,"column":69}},"39":{"start":{"line":60,"column":8},"end":{"line":60,"column":22}},"40":{"start":{"line":62,"column":8},"end":{"line":65,"column":11}},"41":{"start":{"line":80,"column":33},"end":{"line":82,"column":8}},"42":{"start":{"line":81,"column":8},"end":{"line":81,"column":23}},"43":{"start":{"line":83,"column":23},"end":{"line":83,"column":25}},"44":{"start":{"line":84,"column":6},"end":{"line":88,"column":9}},"45":{"start":{"line":85,"column":8},"end":{"line":87,"column":9}},"46":{"start":{"line":86,"column":10},"end":{"line":86,"column":37}},"47":{"start":{"line":89,"column":6},"end":{"line":89,"column":24}},"48":{"start":{"line":94,"column":24},"end":{"line":94,"column":26}},"49":{"start":{"line":95,"column":25},"end":{"line":95,"column":27}},"50":{"start":{"line":96,"column":6},"end":{"line":101,"column":9}},"51":{"start":{"line":97,"column":29},"end":{"line":99,"column":10}},"52":{"start":{"line":98,"column":10},"end":{"line":98,"column":39}},"53":{"start":{"line":100,"column":8},"end":{"line":100,"column":45}},"54":{"start":{"line":102,"column":6},"end":{"line":104,"column":7}},"55":{"start":{"line":102,"column":19},"end":{"line":102,"column":20}},"56":{"start":{"line":103,"column":8},"end":{"line":103,"column":45}},"57":{"start":{"line":105,"column":6},"end":{"line":105,"column":25}},"58":{"start":{"line":110,"column":17},"end":{"line":110,"column":19}},"59":{"start":{"line":111,"column":6},"end":{"line":117,"column":9}},"60":{"start":{"line":112,"column":8},"end":{"line":116,"column":9}},"61":{"start":{"line":113,"column":10},"end":{"line":115,"column":14}},"62":{"start":{"line":114,"column":12},"end":{"line":114,"column":40}},"63":{"start":{"line":118,"column":6},"end":{"line":118,"column":18}},"64":{"start":{"line":123,"column":17},"end":{"line":123,"column":19}},"65":{"start":{"line":124,"column":6},"end":{"line":130,"column":9}},"66":{"start":{"line":125,"column":8},"end":{"line":129,"column":9}},"67":{"start":{"line":126,"column":10},"end":{"line":128,"column":14}},"68":{"start":{"line":127,"column":12},"end":{"line":127,"column":40}},"69":{"start":{"line":131,"column":6},"end":{"line":131,"column":18}},"70":{"start":{"line":136,"column":17},"end":{"line":136,"column":19}},"71":{"start":{"line":137,"column":6},"end":{"line":143,"column":9}},"72":{"start":{"line":138,"column":8},"end":{"line":142,"column":9}},"73":{"start":{"line":139,"column":10},"end":{"line":141,"column":14}},"74":{"start":{"line":140,"column":12},"end":{"line":140,"column":33}},"75":{"start":{"line":144,"column":6},"end":{"line":144,"column":18}},"76":{"start":{"line":149,"column":18},"end":{"line":149,"column":57}},"77":{"start":{"line":150,"column":26},"end":{"line":152,"column":8}},"78":{"start":{"line":151,"column":8},"end":{"line":151,"column":33}},"79":{"start":{"line":153,"column":6},"end":{"line":153,"column":27}},"80":{"start":{"line":165,"column":18},"end":{"line":165,"column":20}},"81":{"start":{"line":166,"column":22},"end":{"line":166,"column":86}},"82":{"start":{"line":167,"column":6},"end":{"line":169,"column":7}},"83":{"start":{"line":167,"column":19},"end":{"line":167,"column":20}},"84":{"start":{"line":168,"column":8},"end":{"line":168,"column":80}},"85":{"start":{"line":170,"column":6},"end":{"line":170,"column":19}},"86":{"start":{"line":175,"column":6},"end":{"line":179,"column":8}},"87":{"start":{"line":184,"column":6},"end":{"line":188,"column":8}},"88":{"start":{"line":192,"column":2},"end":{"line":192,"column":21}},"89":{"start":{"line":195,"column":0},"end":{"line":195,"column":30}}},"fnMap":{"0":{"name":"(anonymous_0)","decl":{"start":{"line":7,"column":19},"end":{"line":7,"column":20}},"loc":{"start":{"line":7,"column":31},"end":{"line":7,"column":561}},"line":7},"1":{"name":"defineProperties","decl":{"start":{"line":7,"column":42},"end":{"line":7,"column":58}},"loc":{"start":{"line":7,"column":74},"end":{"line":7,"column":349}},"line":7},"2":{"name":"(anonymous_2)","decl":{"start":{"line":7,"column":357},"end":{"line":7,"column":358}},"loc":{"start":{"line":7,"column":405},"end":{"line":7,"column":558}},"line":7},"3":{"name":"_interopRequireDefault","decl":{"start":{"line":33,"column":9},"end":{"line":33,"column":31}},"loc":{"start":{"line":33,"column":37},"end":{"line":33,"column":95}},"line":33},"4":{"name":"_classCallCheck","decl":{"start":{"line":35,"column":9},"end":{"line":35,"column":24}},"loc":{"start":{"line":35,"column":48},"end":{"line":35,"column":153}},"line":35},"5":{"name":"(anonymous_5)","decl":{"start":{"line":39,"column":18},"end":{"line":39,"column":19}},"loc":{"start":{"line":39,"column":30},"end":{"line":193,"column":1}},"line":39},"6":{"name":"HelperUtils","decl":{"start":{"line":40,"column":11},"end":{"line":40,"column":22}},"loc":{"start":{"line":40,"column":25},"end":{"line":42,"column":3}},"line":40},"7":{"name":"schemaValidation","decl":{"start":{"line":54,"column":20},"end":{"line":54,"column":36}},"loc":{"start":{"line":54,"column":61},"end":{"line":67,"column":5}},"line":54},"8":{"name":"validateRecipients","decl":{"start":{"line":79,"column":20},"end":{"line":79,"column":38}},"loc":{"start":{"line":79,"column":55},"end":{"line":90,"column":5}},"line":79},"9":{"name":"(anonymous_9)","decl":{"start":{"line":80,"column":53},"end":{"line":80,"column":54}},"loc":{"start":{"line":80,"column":66},"end":{"line":82,"column":7}},"line":80},"10":{"name":"(anonymous_10)","decl":{"start":{"line":84,"column":29},"end":{"line":84,"column":30}},"loc":{"start":{"line":84,"column":50},"end":{"line":88,"column":7}},"line":84},"11":{"name":"getReceiverIds","decl":{"start":{"line":93,"column":20},"end":{"line":93,"column":34}},"loc":{"start":{"line":93,"column":47},"end":{"line":106,"column":5}},"line":93},"12":{"name":"(anonymous_12)","decl":{"start":{"line":96,"column":25},"end":{"line":96,"column":26}},"loc":{"start":{"line":96,"column":46},"end":{"line":101,"column":7}},"line":96},"13":{"name":"(anonymous_13)","decl":{"start":{"line":97,"column":52},"end":{"line":97,"column":53}},"loc":{"start":{"line":97,"column":65},"end":{"line":99,"column":9}},"line":97},"14":{"name":"getAllReceivedMessages","decl":{"start":{"line":109,"column":20},"end":{"line":109,"column":42}},"loc":{"start":{"line":109,"column":47},"end":{"line":119,"column":5}},"line":109},"15":{"name":"(anonymous_15)","decl":{"start":{"line":111,"column":30},"end":{"line":111,"column":31}},"loc":{"start":{"line":111,"column":43},"end":{"line":117,"column":7}},"line":111},"16":{"name":"(anonymous_16)","decl":{"start":{"line":113,"column":43},"end":{"line":113,"column":44}},"loc":{"start":{"line":113,"column":56},"end":{"line":115,"column":11}},"line":113},"17":{"name":"getAllSentMessages","decl":{"start":{"line":122,"column":20},"end":{"line":122,"column":38}},"loc":{"start":{"line":122,"column":43},"end":{"line":132,"column":5}},"line":122},"18":{"name":"(anonymous_18)","decl":{"start":{"line":124,"column":29},"end":{"line":124,"column":30}},"loc":{"start":{"line":124,"column":42},"end":{"line":130,"column":7}},"line":124},"19":{"name":"(anonymous_19)","decl":{"start":{"line":126,"column":43},"end":{"line":126,"column":44}},"loc":{"start":{"line":126,"column":56},"end":{"line":128,"column":11}},"line":126},"20":{"name":"getAllMessages","decl":{"start":{"line":135,"column":20},"end":{"line":135,"column":34}},"loc":{"start":{"line":135,"column":39},"end":{"line":145,"column":5}},"line":135},"21":{"name":"(anonymous_21)","decl":{"start":{"line":137,"column":32},"end":{"line":137,"column":33}},"loc":{"start":{"line":137,"column":45},"end":{"line":143,"column":7}},"line":137},"22":{"name":"(anonymous_22)","decl":{"start":{"line":139,"column":43},"end":{"line":139,"column":44}},"loc":{"start":{"line":139,"column":56},"end":{"line":141,"column":11}},"line":139},"23":{"name":"getUserInSession","decl":{"start":{"line":148,"column":20},"end":{"line":148,"column":36}},"loc":{"start":{"line":148,"column":42},"end":{"line":154,"column":5}},"line":148},"24":{"name":"(anonymous_24)","decl":{"start":{"line":150,"column":47},"end":{"line":150,"column":48}},"loc":{"start":{"line":150,"column":60},"end":{"line":152,"column":7}},"line":150},"25":{"name":"generateToken","decl":{"start":{"line":164,"column":20},"end":{"line":164,"column":33}},"loc":{"start":{"line":164,"column":36},"end":{"line":171,"column":5}},"line":164},"26":{"name":"createSentBox","decl":{"start":{"line":174,"column":20},"end":{"line":174,"column":33}},"loc":{"start":{"line":174,"column":66},"end":{"line":180,"column":5}},"line":174},"27":{"name":"createInBox","decl":{"start":{"line":183,"column":20},"end":{"line":183,"column":31}},"loc":{"start":{"line":183,"column":66},"end":{"line":189,"column":5}},"line":183}},"branchMap":{"0":{"loc":{"start":{"line":7,"column":168},"end":{"line":7,"column":198}},"type":"binary-expr","locations":[{"start":{"line":7,"column":168},"end":{"line":7,"column":189}},{"start":{"line":7,"column":193},"end":{"line":7,"column":198}}],"line":7},"1":{"loc":{"start":{"line":7,"column":232},"end":{"line":7,"column":286}},"type":"if","locations":[{"start":{"line":7,"column":232},"end":{"line":7,"column":286}},{"start":{"line":7,"column":232},"end":{"line":7,"column":286}}],"line":7},"2":{"loc":{"start":{"line":7,"column":407},"end":{"line":7,"column":475}},"type":"if","locations":[{"start":{"line":7,"column":407},"end":{"line":7,"column":475}},{"start":{"line":7,"column":407},"end":{"line":7,"column":475}}],"line":7},"3":{"loc":{"start":{"line":7,"column":476},"end":{"line":7,"column":536}},"type":"if","locations":[{"start":{"line":7,"column":476},"end":{"line":7,"column":536}},{"start":{"line":7,"column":476},"end":{"line":7,"column":536}}],"line":7},"4":{"loc":{"start":{"line":33,"column":46},"end":{"line":33,"column":92}},"type":"cond-expr","locations":[{"start":{"line":33,"column":70},"end":{"line":33,"column":73}},{"start":{"line":33,"column":76},"end":{"line":33,"column":92}}],"line":33},"5":{"loc":{"start":{"line":33,"column":46},"end":{"line":33,"column":67}},"type":"binary-expr","locations":[{"start":{"line":33,"column":46},"end":{"line":33,"column":49}},{"start":{"line":33,"column":53},"end":{"line":33,"column":67}}],"line":33},"6":{"loc":{"start":{"line":35,"column":50},"end":{"line":35,"column":151}},"type":"if","locations":[{"start":{"line":35,"column":50},"end":{"line":35,"column":151}},{"start":{"line":35,"column":50},"end":{"line":35,"column":151}}],"line":35},"7":{"loc":{"start":{"line":57,"column":8},"end":{"line":59,"column":9}},"type":"if","locations":[{"start":{"line":57,"column":8},"end":{"line":59,"column":9}},{"start":{"line":57,"column":8},"end":{"line":59,"column":9}}],"line":57},"8":{"loc":{"start":{"line":85,"column":8},"end":{"line":87,"column":9}},"type":"if","locations":[{"start":{"line":85,"column":8},"end":{"line":87,"column":9}},{"start":{"line":85,"column":8},"end":{"line":87,"column":9}}],"line":85},"9":{"loc":{"start":{"line":112,"column":8},"end":{"line":116,"column":9}},"type":"if","locations":[{"start":{"line":112,"column":8},"end":{"line":116,"column":9}},{"start":{"line":112,"column":8},"end":{"line":116,"column":9}}],"line":112},"10":{"loc":{"start":{"line":125,"column":8},"end":{"line":129,"column":9}},"type":"if","locations":[{"start":{"line":125,"column":8},"end":{"line":129,"column":9}},{"start":{"line":125,"column":8},"end":{"line":129,"column":9}}],"line":125},"11":{"loc":{"start":{"line":138,"column":8},"end":{"line":142,"column":9}},"type":"if","locations":[{"start":{"line":138,"column":8},"end":{"line":142,"column":9}},{"start":{"line":138,"column":8},"end":{"line":142,"column":9}}],"line":138},"12":{"loc":{"start":{"line":138,"column":12},"end":{"line":138,"column":58}},"type":"binary-expr","locations":[{"start":{"line":138,"column":12},"end":{"line":138,"column":37}},{"start":{"line":138,"column":41},"end":{"line":138,"column":58}}],"line":138}},"s":{"0":1,"1":1,"2":1,"3":1,"4":10,"5":10,"6":10,"7":10,"8":10,"9":10,"10":1,"11":1,"12":0,"13":1,"14":1,"15":1,"16":1,"17":1,"18":1,"19":1,"20":1,"21":1,"22":1,"23":1,"24":1,"25":1,"26":1,"27":1,"28":6,"29":0,"30":0,"31":1,"32":1,"33":0,"34":1,"35":39,"36":39,"37":39,"38":25,"39":14,"40":25,"41":2,"42":6,"43":2,"44":2,"45":2,"46":1,"47":2,"48":1,"49":1,"50":1,"51":1,"52":3,"53":1,"54":1,"55":1,"56":1,"57":1,"58":4,"59":4,"60":16,"61":8,"62":24,"63":4,"64":2,"65":2,"66":8,"67":6,"68":22,"69":2,"70":2,"71":2,"72":14,"73":14,"74":56,"75":2,"76":8,"77":8,"78":8,"79":8,"80":7,"81":7,"82":7,"83":7,"84":49,"85":7,"86":1,"87":1,"88":1,"89":1},"f":{"0":1,"1":1,"2":1,"3":6,"4":0,"5":1,"6":0,"7":39,"8":2,"9":6,"10":2,"11":1,"12":1,"13":3,"14":4,"15":16,"16":24,"17":2,"18":8,"19":22,"20":2,"21":14,"22":56,"23":8,"24":8,"25":7,"26":1,"27":1},"b":{"0":[10,10],"1":[10,0],"2":[0,1],"3":[1,0],"4":[5,1],"5":[6,6],"6":[0,0],"7":[25,14],"8":[1,1],"9":[8,8],"10":[6,2],"11":[14,0],"12":[14,8]},"_coverageSchema":"43e27e138ebf9cfc5966b082cf9a028302ed4184","hash":"aa031c4b821d60ca77129f208c991c3788e01c43","contentHash":"5fe69a3714b744054271dd4d24e51f29ab3e5572974dde9a76a2c145e069250a"},"C:\\Users\\Dashboard\\bootcamp\\andela\\EpicMail\\server\\utils\\error.js":{"path":"C:\\Users\\Dashboard\\bootcamp\\andela\\EpicMail\\server\\utils\\error.js","statementMap":{"0":{"start":{"line":3,"column":0},"end":{"line":5,"column":3}},"1":{"start":{"line":7,"column":50},"end":{"line":7,"column":151}},"2":{"start":{"line":7,"column":92},"end":{"line":7,"column":149}},"3":{"start":{"line":9,"column":20},"end":{"line":14,"column":1}},"4":{"start":{"line":10,"column":2},"end":{"line":10,"column":39}},"5":{"start":{"line":12,"column":2},"end":{"line":12,"column":30}},"6":{"start":{"line":13,"column":2},"end":{"line":13,"column":25}},"7":{"start":{"line":16,"column":22},"end":{"line":21,"column":1}},"8":{"start":{"line":17,"column":2},"end":{"line":17,"column":41}},"9":{"start":{"line":19,"column":2},"end":{"line":19,"column":27}},"10":{"start":{"line":20,"column":2},"end":{"line":20,"column":25}},"11":{"start":{"line":23,"column":26},"end":{"line":28,"column":1}},"12":{"start":{"line":24,"column":2},"end":{"line":24,"column":45}},"13":{"start":{"line":26,"column":2},"end":{"line":26,"column":36}},"14":{"start":{"line":27,"column":2},"end":{"line":27,"column":25}},"15":{"start":{"line":30,"column":24},"end":{"line":35,"column":1}},"16":{"start":{"line":31,"column":2},"end":{"line":31,"column":43}},"17":{"start":{"line":33,"column":2},"end":{"line":33,"column":34}},"18":{"start":{"line":34,"column":2},"end":{"line":34,"column":25}},"19":{"start":{"line":37,"column":0},"end":{"line":37,"column":38}},"20":{"start":{"line":38,"column":0},"end":{"line":38,"column":40}},"21":{"start":{"line":39,"column":0},"end":{"line":39,"column":44}},"22":{"start":{"line":40,"column":0},"end":{"line":40,"column":42}},"23":{"start":{"line":42,"column":0},"end":{"line":47,"column":2}}},"fnMap":{"0":{"name":"_classCallCheck","decl":{"start":{"line":7,"column":9},"end":{"line":7,"column":24}},"loc":{"start":{"line":7,"column":48},"end":{"line":7,"column":153}},"line":7},"1":{"name":"NotFoundError","decl":{"start":{"line":9,"column":29},"end":{"line":9,"column":42}},"loc":{"start":{"line":9,"column":52},"end":{"line":14,"column":1}},"line":9},"2":{"name":"BadRequestError","decl":{"start":{"line":16,"column":31},"end":{"line":16,"column":46}},"loc":{"start":{"line":16,"column":56},"end":{"line":21,"column":1}},"line":16},"3":{"name":"AuthenticationError","decl":{"start":{"line":23,"column":35},"end":{"line":23,"column":54}},"loc":{"start":{"line":23,"column":64},"end":{"line":28,"column":1}},"line":23},"4":{"name":"UnAuthorizedError","decl":{"start":{"line":30,"column":33},"end":{"line":30,"column":50}},"loc":{"start":{"line":30,"column":60},"end":{"line":35,"column":1}},"line":30}},"branchMap":{"0":{"loc":{"start":{"line":7,"column":50},"end":{"line":7,"column":151}},"type":"if","locations":[{"start":{"line":7,"column":50},"end":{"line":7,"column":151}},{"start":{"line":7,"column":50},"end":{"line":7,"column":151}}],"line":7}},"s":{"0":1,"1":39,"2":0,"3":1,"4":1,"5":1,"6":1,"7":1,"8":25,"9":25,"10":25,"11":1,"12":3,"13":3,"14":3,"15":1,"16":10,"17":10,"18":10,"19":1,"20":1,"21":1,"22":1,"23":1},"f":{"0":39,"1":1,"2":25,"3":3,"4":10},"b":{"0":[0,39]},"_coverageSchema":"43e27e138ebf9cfc5966b082cf9a028302ed4184","hash":"269f115b65a344bb484e333e99bfef888f0dd22b","contentHash":"b33225a8d9d0cecf69ca2e7d43f718497acd19f86023a47af0a304bd8c21e3d2"},"C:\\Users\\Dashboard\\bootcamp\\andela\\EpicMail\\server\\model\\message.js":{"path":"C:\\Users\\Dashboard\\bootcamp\\andela\\EpicMail\\server\\model\\message.js","statementMap":{"0":{"start":{"line":3,"column":0},"end":{"line":5,"column":3}},"1":{"start":{"line":6,"column":14},"end":{"line":60,"column":2}},"2":{"start":{"line":62,"column":0},"end":{"line":62,"column":26}}},"fnMap":{},"branchMap":{},"s":{"0":1,"1":1,"2":1},"f":{},"b":{},"_coverageSchema":"43e27e138ebf9cfc5966b082cf9a028302ed4184","hash":"a6b0c119f1b06451dab6c3098e0967d81db7361d","contentHash":"46d21885d51744669d2fcd2bc88ee1753573e42e3d157258c3774c804bfa6f19"},"C:\\Users\\Dashboard\\bootcamp\\andela\\EpicMail\\server\\model\\inbox.js":{"path":"C:\\Users\\Dashboard\\bootcamp\\andela\\EpicMail\\server\\model\\inbox.js","statementMap":{"0":{"start":{"line":3,"column":0},"end":{"line":5,"column":3}},"1":{"start":{"line":6,"column":12},"end":{"line":18,"column":2}},"2":{"start":{"line":19,"column":0},"end":{"line":19,"column":24}}},"fnMap":{},"branchMap":{},"s":{"0":1,"1":1,"2":1},"f":{},"b":{},"_coverageSchema":"43e27e138ebf9cfc5966b082cf9a028302ed4184","hash":"694ce54d2c1952988e49f80afa92de9765a54f9c","contentHash":"632d7301b92e2d064c30bd42a2da59043c942f185e6de507e4290ef55f4d1f05"},"C:\\Users\\Dashboard\\bootcamp\\andela\\EpicMail\\server\\model\\sent.js":{"path":"C:\\Users\\Dashboard\\bootcamp\\andela\\EpicMail\\server\\model\\sent.js","statementMap":{"0":{"start":{"line":3,"column":0},"end":{"line":5,"column":3}},"1":{"start":{"line":6,"column":11},"end":{"line":18,"column":2}},"2":{"start":{"line":19,"column":0},"end":{"line":19,"column":23}}},"fnMap":{},"branchMap":{},"s":{"0":1,"1":1,"2":1},"f":{},"b":{},"_coverageSchema":"43e27e138ebf9cfc5966b082cf9a028302ed4184","hash":"003a94be012d09f3f663fe70db35448887057b24","contentHash":"6caa6305e09b6f0305464a3a5d4e60c47c2d36b9b7ccfee84eeea42bd0f0a591"},"C:\\Users\\Dashboard\\bootcamp\\andela\\EpicMail\\server\\middleware\\validateUser.js":{"path":"C:\\Users\\Dashboard\\bootcamp\\andela\\EpicMail\\server\\middleware\\validateUser.js","statementMap":{"0":{"start":{"line":3,"column":0},"end":{"line":5,"column":3}},"1":{"start":{"line":7,"column":19},"end":{"line":7,"column":563}},"2":{"start":{"line":7,"column":76},"end":{"line":7,"column":347}},"3":{"start":{"line":7,"column":89},"end":{"line":7,"column":90}},"4":{"start":{"line":7,"column":134},"end":{"line":7,"column":142}},"5":{"start":{"line":7,"column":144},"end":{"line":7,"column":199}},"6":{"start":{"line":7,"column":200},"end":{"line":7,"column":231}},"7":{"start":{"line":7,"column":232},"end":{"line":7,"column":286}},"8":{"start":{"line":7,"column":259},"end":{"line":7,"column":286}},"9":{"start":{"line":7,"column":287},"end":{"line":7,"column":345}},"10":{"start":{"line":7,"column":350},"end":{"line":7,"column":559}},"11":{"start":{"line":7,"column":407},"end":{"line":7,"column":475}},"12":{"start":{"line":7,"column":423},"end":{"line":7,"column":475}},"13":{"start":{"line":7,"column":476},"end":{"line":7,"column":536}},"14":{"start":{"line":7,"column":493},"end":{"line":7,"column":536}},"15":{"start":{"line":7,"column":537},"end":{"line":7,"column":556}},"16":{"start":{"line":9,"column":11},"end":{"line":9,"column":25}},"17":{"start":{"line":11,"column":12},"end":{"line":11,"column":40}},"18":{"start":{"line":13,"column":14},"end":{"line":13,"column":40}},"19":{"start":{"line":15,"column":15},"end":{"line":15,"column":46}},"20":{"start":{"line":17,"column":13},"end":{"line":17,"column":38}},"21":{"start":{"line":19,"column":14},"end":{"line":19,"column":44}},"22":{"start":{"line":21,"column":13},"end":{"line":21,"column":38}},"23":{"start":{"line":23,"column":14},"end":{"line":23,"column":44}},"24":{"start":{"line":25,"column":39},"end":{"line":25,"column":93}},"25":{"start":{"line":27,"column":50},"end":{"line":27,"column":151}},"26":{"start":{"line":27,"column":92},"end":{"line":27,"column":149}},"27":{"start":{"line":29,"column":26},"end":{"line":29,"column":61}},"28":{"start":{"line":31,"column":15},"end":{"line":129,"column":3}},"29":{"start":{"line":33,"column":4},"end":{"line":33,"column":36}},"30":{"start":{"line":36,"column":2},"end":{"line":126,"column":6}},"31":{"start":{"line":47,"column":19},"end":{"line":54,"column":7}},"32":{"start":{"line":55,"column":6},"end":{"line":55,"column":64}},"33":{"start":{"line":69,"column":19},"end":{"line":72,"column":7}},"34":{"start":{"line":73,"column":6},"end":{"line":73,"column":64}},"35":{"start":{"line":87,"column":6},"end":{"line":97,"column":7}},"36":{"start":{"line":88,"column":8},"end":{"line":90,"column":9}},"37":{"start":{"line":89,"column":10},"end":{"line":89,"column":72}},"38":{"start":{"line":91,"column":8},"end":{"line":91,"column":22}},"39":{"start":{"line":93,"column":8},"end":{"line":96,"column":11}},"40":{"start":{"line":111,"column":21},"end":{"line":113,"column":8}},"41":{"start":{"line":112,"column":8},"end":{"line":112,"column":45}},"42":{"start":{"line":114,"column":6},"end":{"line":124,"column":7}},"43":{"start":{"line":115,"column":8},"end":{"line":117,"column":9}},"44":{"start":{"line":116,"column":10},"end":{"line":116,"column":69}},"45":{"start":{"line":118,"column":8},"end":{"line":118,"column":22}},"46":{"start":{"line":120,"column":8},"end":{"line":123,"column":11}},"47":{"start":{"line":128,"column":2},"end":{"line":128,"column":18}},"48":{"start":{"line":131,"column":0},"end":{"line":131,"column":27}}},"fnMap":{"0":{"name":"(anonymous_0)","decl":{"start":{"line":7,"column":19},"end":{"line":7,"column":20}},"loc":{"start":{"line":7,"column":31},"end":{"line":7,"column":561}},"line":7},"1":{"name":"defineProperties","decl":{"start":{"line":7,"column":42},"end":{"line":7,"column":58}},"loc":{"start":{"line":7,"column":74},"end":{"line":7,"column":349}},"line":7},"2":{"name":"(anonymous_2)","decl":{"start":{"line":7,"column":357},"end":{"line":7,"column":358}},"loc":{"start":{"line":7,"column":405},"end":{"line":7,"column":558}},"line":7},"3":{"name":"_interopRequireDefault","decl":{"start":{"line":25,"column":9},"end":{"line":25,"column":31}},"loc":{"start":{"line":25,"column":37},"end":{"line":25,"column":95}},"line":25},"4":{"name":"_classCallCheck","decl":{"start":{"line":27,"column":9},"end":{"line":27,"column":24}},"loc":{"start":{"line":27,"column":48},"end":{"line":27,"column":153}},"line":27},"5":{"name":"(anonymous_5)","decl":{"start":{"line":31,"column":15},"end":{"line":31,"column":16}},"loc":{"start":{"line":31,"column":27},"end":{"line":129,"column":1}},"line":31},"6":{"name":"Validate","decl":{"start":{"line":32,"column":11},"end":{"line":32,"column":19}},"loc":{"start":{"line":32,"column":22},"end":{"line":34,"column":3}},"line":32},"7":{"name":"validateUserRegData","decl":{"start":{"line":46,"column":20},"end":{"line":46,"column":39}},"loc":{"start":{"line":46,"column":56},"end":{"line":56,"column":5}},"line":46},"8":{"name":"validateUserLoginData","decl":{"start":{"line":68,"column":20},"end":{"line":68,"column":41}},"loc":{"start":{"line":68,"column":58},"end":{"line":74,"column":5}},"line":68},"9":{"name":"validateUserRegPassword","decl":{"start":{"line":86,"column":20},"end":{"line":86,"column":43}},"loc":{"start":{"line":86,"column":60},"end":{"line":98,"column":5}},"line":86},"10":{"name":"validateLogin","decl":{"start":{"line":110,"column":20},"end":{"line":110,"column":33}},"loc":{"start":{"line":110,"column":50},"end":{"line":125,"column":5}},"line":110},"11":{"name":"(anonymous_11)","decl":{"start":{"line":111,"column":42},"end":{"line":111,"column":43}},"loc":{"start":{"line":111,"column":58},"end":{"line":113,"column":7}},"line":111}},"branchMap":{"0":{"loc":{"start":{"line":7,"column":168},"end":{"line":7,"column":198}},"type":"binary-expr","locations":[{"start":{"line":7,"column":168},"end":{"line":7,"column":189}},{"start":{"line":7,"column":193},"end":{"line":7,"column":198}}],"line":7},"1":{"loc":{"start":{"line":7,"column":232},"end":{"line":7,"column":286}},"type":"if","locations":[{"start":{"line":7,"column":232},"end":{"line":7,"column":286}},{"start":{"line":7,"column":232},"end":{"line":7,"column":286}}],"line":7},"2":{"loc":{"start":{"line":7,"column":407},"end":{"line":7,"column":475}},"type":"if","locations":[{"start":{"line":7,"column":407},"end":{"line":7,"column":475}},{"start":{"line":7,"column":407},"end":{"line":7,"column":475}}],"line":7},"3":{"loc":{"start":{"line":7,"column":476},"end":{"line":7,"column":536}},"type":"if","locations":[{"start":{"line":7,"column":476},"end":{"line":7,"column":536}},{"start":{"line":7,"column":476},"end":{"line":7,"column":536}}],"line":7},"4":{"loc":{"start":{"line":25,"column":46},"end":{"line":25,"column":92}},"type":"cond-expr","locations":[{"start":{"line":25,"column":70},"end":{"line":25,"column":73}},{"start":{"line":25,"column":76},"end":{"line":25,"column":92}}],"line":25},"5":{"loc":{"start":{"line":25,"column":46},"end":{"line":25,"column":67}},"type":"binary-expr","locations":[{"start":{"line":25,"column":46},"end":{"line":25,"column":49}},{"start":{"line":25,"column":53},"end":{"line":25,"column":67}}],"line":25},"6":{"loc":{"start":{"line":27,"column":50},"end":{"line":27,"column":151}},"type":"if","locations":[{"start":{"line":27,"column":50},"end":{"line":27,"column":151}},{"start":{"line":27,"column":50},"end":{"line":27,"column":151}}],"line":27},"7":{"loc":{"start":{"line":88,"column":8},"end":{"line":90,"column":9}},"type":"if","locations":[{"start":{"line":88,"column":8},"end":{"line":90,"column":9}},{"start":{"line":88,"column":8},"end":{"line":90,"column":9}}],"line":88},"8":{"loc":{"start":{"line":115,"column":8},"end":{"line":117,"column":9}},"type":"if","locations":[{"start":{"line":115,"column":8},"end":{"line":117,"column":9}},{"start":{"line":115,"column":8},"end":{"line":117,"column":9}}],"line":115},"9":{"loc":{"start":{"line":115,"column":12},"end":{"line":115,"column":77}},"type":"binary-expr","locations":[{"start":{"line":115,"column":12},"end":{"line":115,"column":34}},{"start":{"line":115,"column":38},"end":{"line":115,"column":77}}],"line":115}},"s":{"0":1,"1":1,"2":1,"3":1,"4":4,"5":4,"6":4,"7":4,"8":4,"9":4,"10":1,"11":1,"12":0,"13":1,"14":1,"15":1,"16":1,"17":1,"18":1,"19":1,"20":1,"21":1,"22":1,"23":1,"24":4,"25":0,"26":0,"27":1,"28":1,"29":0,"30":1,"31":14,"32":14,"33":12,"34":12,"35":2,"36":2,"37":1,"38":1,"39":1,"40":8,"41":12,"42":8,"43":8,"44":2,"45":6,"46":2,"47":1,"48":1},"f":{"0":1,"1":1,"2":1,"3":4,"4":0,"5":1,"6":0,"7":14,"8":12,"9":2,"10":8,"11":12},"b":{"0":[4,4],"1":[4,0],"2":[0,1],"3":[1,0],"4":[3,1],"5":[4,4],"6":[0,0],"7":[1,1],"8":[2,6],"9":[8,6]},"_coverageSchema":"43e27e138ebf9cfc5966b082cf9a028302ed4184","hash":"0ab7bdaf6fd43dab5ae9eea9e325377f5e82774e","contentHash":"cea60187c4af94e0adc578ec49b6a608d2292118fbdfa156b17d4a390aea2e68"},"C:\\Users\\Dashboard\\bootcamp\\andela\\EpicMail\\server\\route\\messageRoute.js":{"path":"C:\\Users\\Dashboard\\bootcamp\\andela\\EpicMail\\server\\route\\messageRoute.js","statementMap":{"0":{"start":{"line":3,"column":0},"end":{"line":5,"column":3}},"1":{"start":{"line":7,"column":15},"end":{"line":7,"column":33}},"2":{"start":{"line":9,"column":16},"end":{"line":9,"column":48}},"3":{"start":{"line":11,"column":15},"end":{"line":11,"column":48}},"4":{"start":{"line":13,"column":16},"end":{"line":13,"column":48}},"5":{"start":{"line":15,"column":23},"end":{"line":15,"column":63}},"6":{"start":{"line":17,"column":24},"end":{"line":17,"column":64}},"7":{"start":{"line":19,"column":19},"end":{"line":19,"column":55}},"8":{"start":{"line":21,"column":20},"end":{"line":21,"column":56}},"9":{"start":{"line":23,"column":39},"end":{"line":23,"column":93}},"10":{"start":{"line":27,"column":13},"end":{"line":27,"column":39}},"11":{"start":{"line":29,"column":0},"end":{"line":29,"column":145}},"12":{"start":{"line":31,"column":0},"end":{"line":31,"column":105}},"13":{"start":{"line":33,"column":0},"end":{"line":33,"column":110}},"14":{"start":{"line":35,"column":0},"end":{"line":35,"column":106}},"15":{"start":{"line":37,"column":0},"end":{"line":37,"column":101}},"16":{"start":{"line":39,"column":0},"end":{"line":39,"column":25}}},"fnMap":{"0":{"name":"_interopRequireDefault","decl":{"start":{"line":23,"column":9},"end":{"line":23,"column":31}},"loc":{"start":{"line":23,"column":37},"end":{"line":23,"column":95}},"line":23}},"branchMap":{"0":{"loc":{"start":{"line":23,"column":46},"end":{"line":23,"column":92}},"type":"cond-expr","locations":[{"start":{"line":23,"column":70},"end":{"line":23,"column":73}},{"start":{"line":23,"column":76},"end":{"line":23,"column":92}}],"line":23},"1":{"loc":{"start":{"line":23,"column":46},"end":{"line":23,"column":67}},"type":"binary-expr","locations":[{"start":{"line":23,"column":46},"end":{"line":23,"column":49}},{"start":{"line":23,"column":53},"end":{"line":23,"column":67}}],"line":23}},"s":{"0":1,"1":1,"2":1,"3":1,"4":1,"5":1,"6":1,"7":1,"8":1,"9":4,"10":1,"11":1,"12":1,"13":1,"14":1,"15":1,"16":1},"f":{"0":4},"b":{"0":[3,1],"1":[4,4]},"_coverageSchema":"43e27e138ebf9cfc5966b082cf9a028302ed4184","hash":"2dd03cdad25b820db7a0419731c5cbb8a4f5fd57","contentHash":"e96ade4d8e409edde1118461483cf61d1671ce2a85e5d66fd4e3c8a4acba4b43"},"C:\\Users\\Dashboard\\bootcamp\\andela\\EpicMail\\server\\controllers\\message.js":{"path":"C:\\Users\\Dashboard\\bootcamp\\andela\\EpicMail\\server\\controllers\\message.js","statementMap":{"0":{"start":{"line":3,"column":0},"end":{"line":5,"column":3}},"1":{"start":{"line":7,"column":19},"end":{"line":7,"column":563}},"2":{"start":{"line":7,"column":76},"end":{"line":7,"column":347}},"3":{"start":{"line":7,"column":89},"end":{"line":7,"column":90}},"4":{"start":{"line":7,"column":134},"end":{"line":7,"column":142}},"5":{"start":{"line":7,"column":144},"end":{"line":7,"column":199}},"6":{"start":{"line":7,"column":200},"end":{"line":7,"column":231}},"7":{"start":{"line":7,"column":232},"end":{"line":7,"column":286}},"8":{"start":{"line":7,"column":259},"end":{"line":7,"column":286}},"9":{"start":{"line":7,"column":287},"end":{"line":7,"column":345}},"10":{"start":{"line":7,"column":350},"end":{"line":7,"column":559}},"11":{"start":{"line":7,"column":407},"end":{"line":7,"column":475}},"12":{"start":{"line":7,"column":423},"end":{"line":7,"column":475}},"13":{"start":{"line":7,"column":476},"end":{"line":7,"column":536}},"14":{"start":{"line":7,"column":493},"end":{"line":7,"column":536}},"15":{"start":{"line":7,"column":537},"end":{"line":7,"column":556}},"16":{"start":{"line":9,"column":14},"end":{"line":9,"column":40}},"17":{"start":{"line":11,"column":15},"end":{"line":11,"column":46}},"18":{"start":{"line":13,"column":13},"end":{"line":13,"column":38}},"19":{"start":{"line":15,"column":14},"end":{"line":15,"column":44}},"20":{"start":{"line":17,"column":15},"end":{"line":17,"column":42}},"21":{"start":{"line":19,"column":16},"end":{"line":19,"column":48}},"22":{"start":{"line":21,"column":13},"end":{"line":21,"column":38}},"23":{"start":{"line":23,"column":14},"end":{"line":23,"column":44}},"24":{"start":{"line":25,"column":12},"end":{"line":25,"column":36}},"25":{"start":{"line":27,"column":13},"end":{"line":27,"column":42}},"26":{"start":{"line":29,"column":13},"end":{"line":29,"column":38}},"27":{"start":{"line":31,"column":14},"end":{"line":31,"column":44}},"28":{"start":{"line":33,"column":39},"end":{"line":33,"column":93}},"29":{"start":{"line":35,"column":50},"end":{"line":35,"column":151}},"30":{"start":{"line":35,"column":92},"end":{"line":35,"column":149}},"31":{"start":{"line":37,"column":20},"end":{"line":37,"column":49}},"32":{"start":{"line":39,"column":24},"end":{"line":182,"column":3}},"33":{"start":{"line":41,"column":4},"end":{"line":41,"column":45}},"34":{"start":{"line":44,"column":2},"end":{"line":179,"column":6}},"35":{"start":{"line":47,"column":18},"end":{"line":47,"column":57}},"36":{"start":{"line":48,"column":26},"end":{"line":50,"column":8}},"37":{"start":{"line":49,"column":8},"end":{"line":49,"column":33}},"38":{"start":{"line":51,"column":21},"end":{"line":51,"column":37}},"39":{"start":{"line":52,"column":15},"end":{"line":52,"column":43}},"40":{"start":{"line":53,"column":27},"end":{"line":61,"column":7}},"41":{"start":{"line":62,"column":27},"end":{"line":62,"column":89}},"42":{"start":{"line":63,"column":6},"end":{"line":91,"column":7}},"43":{"start":{"line":64,"column":8},"end":{"line":66,"column":9}},"44":{"start":{"line":65,"column":10},"end":{"line":65,"column":75}},"45":{"start":{"line":67,"column":8},"end":{"line":67,"column":47}},"46":{"start":{"line":68,"column":25},"end":{"line":70,"column":10}},"47":{"start":{"line":69,"column":10},"end":{"line":69,"column":29}},"48":{"start":{"line":71,"column":8},"end":{"line":71,"column":80}},"49":{"start":{"line":72,"column":8},"end":{"line":72,"column":35}},"50":{"start":{"line":73,"column":25},"end":{"line":73,"column":46}},"51":{"start":{"line":74,"column":24},"end":{"line":74,"column":44}},"52":{"start":{"line":76,"column":26},"end":{"line":76,"column":103}},"53":{"start":{"line":77,"column":8},"end":{"line":77,"column":41}},"54":{"start":{"line":79,"column":8},"end":{"line":79,"column":37}},"55":{"start":{"line":80,"column":24},"end":{"line":80,"column":90}},"56":{"start":{"line":81,"column":8},"end":{"line":81,"column":40}},"57":{"start":{"line":82,"column":8},"end":{"line":85,"column":11}},"58":{"start":{"line":87,"column":8},"end":{"line":90,"column":11}},"59":{"start":{"line":96,"column":26},"end":{"line":96,"column":64}},"60":{"start":{"line":97,"column":15},"end":{"line":97,"column":31}},"61":{"start":{"line":99,"column":17},"end":{"line":99,"column":60}},"62":{"start":{"line":100,"column":6},"end":{"line":105,"column":7}},"63":{"start":{"line":101,"column":8},"end":{"line":104,"column":11}},"64":{"start":{"line":106,"column":6},"end":{"line":110,"column":9}},"65":{"start":{"line":115,"column":26},"end":{"line":115,"column":64}},"66":{"start":{"line":116,"column":15},"end":{"line":116,"column":31}},"67":{"start":{"line":118,"column":20},"end":{"line":118,"column":63}},"68":{"start":{"line":119,"column":17},"end":{"line":121,"column":8}},"69":{"start":{"line":120,"column":8},"end":{"line":120,"column":38}},"70":{"start":{"line":122,"column":6},"end":{"line":127,"column":7}},"71":{"start":{"line":123,"column":8},"end":{"line":126,"column":11}},"72":{"start":{"line":128,"column":6},"end":{"line":132,"column":9}},"73":{"start":{"line":137,"column":26},"end":{"line":137,"column":64}},"74":{"start":{"line":138,"column":15},"end":{"line":138,"column":31}},"75":{"start":{"line":140,"column":17},"end":{"line":140,"column":56}},"76":{"start":{"line":141,"column":6},"end":{"line":146,"column":7}},"77":{"start":{"line":142,"column":8},"end":{"line":145,"column":11}},"78":{"start":{"line":147,"column":6},"end":{"line":151,"column":9}},"79":{"start":{"line":156,"column":26},"end":{"line":156,"column":64}},"80":{"start":{"line":157,"column":15},"end":{"line":157,"column":31}},"81":{"start":{"line":159,"column":16},"end":{"line":159,"column":51}},"82":{"start":{"line":160,"column":17},"end":{"line":162,"column":8}},"83":{"start":{"line":161,"column":8},"end":{"line":161,"column":52}},"84":{"start":{"line":163,"column":6},"end":{"line":177,"column":7}},"85":{"start":{"line":164,"column":8},"end":{"line":166,"column":9}},"86":{"start":{"line":165,"column":10},"end":{"line":165,"column":63}},"87":{"start":{"line":167,"column":8},"end":{"line":171,"column":11}},"88":{"start":{"line":173,"column":8},"end":{"line":176,"column":11}},"89":{"start":{"line":181,"column":2},"end":{"line":181,"column":27}},"90":{"start":{"line":184,"column":0},"end":{"line":184,"column":36}}},"fnMap":{"0":{"name":"(anonymous_0)","decl":{"start":{"line":7,"column":19},"end":{"line":7,"column":20}},"loc":{"start":{"line":7,"column":31},"end":{"line":7,"column":561}},"line":7},"1":{"name":"defineProperties","decl":{"start":{"line":7,"column":42},"end":{"line":7,"column":58}},"loc":{"start":{"line":7,"column":74},"end":{"line":7,"column":349}},"line":7},"2":{"name":"(anonymous_2)","decl":{"start":{"line":7,"column":357},"end":{"line":7,"column":358}},"loc":{"start":{"line":7,"column":405},"end":{"line":7,"column":558}},"line":7},"3":{"name":"_interopRequireDefault","decl":{"start":{"line":33,"column":9},"end":{"line":33,"column":31}},"loc":{"start":{"line":33,"column":37},"end":{"line":33,"column":95}},"line":33},"4":{"name":"_classCallCheck","decl":{"start":{"line":35,"column":9},"end":{"line":35,"column":24}},"loc":{"start":{"line":35,"column":48},"end":{"line":35,"column":153}},"line":35},"5":{"name":"(anonymous_5)","decl":{"start":{"line":39,"column":24},"end":{"line":39,"column":25}},"loc":{"start":{"line":39,"column":36},"end":{"line":182,"column":1}},"line":39},"6":{"name":"MessageController","decl":{"start":{"line":40,"column":11},"end":{"line":40,"column":28}},"loc":{"start":{"line":40,"column":31},"end":{"line":42,"column":3}},"line":40},"7":{"name":"sendMessage","decl":{"start":{"line":46,"column":20},"end":{"line":46,"column":31}},"loc":{"start":{"line":46,"column":42},"end":{"line":92,"column":5}},"line":46},"8":{"name":"(anonymous_8)","decl":{"start":{"line":48,"column":47},"end":{"line":48,"column":48}},"loc":{"start":{"line":48,"column":60},"end":{"line":50,"column":7}},"line":48},"9":{"name":"(anonymous_9)","decl":{"start":{"line":68,"column":48},"end":{"line":68,"column":49}},"loc":{"start":{"line":68,"column":61},"end":{"line":70,"column":9}},"line":68},"10":{"name":"getReceivedMessages","decl":{"start":{"line":95,"column":20},"end":{"line":95,"column":39}},"loc":{"start":{"line":95,"column":50},"end":{"line":111,"column":5}},"line":95},"11":{"name":"getUnreadMessages","decl":{"start":{"line":114,"column":20},"end":{"line":114,"column":37}},"loc":{"start":{"line":114,"column":48},"end":{"line":133,"column":5}},"line":114},"12":{"name":"(anonymous_12)","decl":{"start":{"line":119,"column":32},"end":{"line":119,"column":33}},"loc":{"start":{"line":119,"column":46},"end":{"line":121,"column":7}},"line":119},"13":{"name":"getSentMessages","decl":{"start":{"line":136,"column":20},"end":{"line":136,"column":35}},"loc":{"start":{"line":136,"column":46},"end":{"line":152,"column":5}},"line":136},"14":{"name":"getAMessage","decl":{"start":{"line":155,"column":20},"end":{"line":155,"column":31}},"loc":{"start":{"line":155,"column":42},"end":{"line":178,"column":5}},"line":155},"15":{"name":"(anonymous_15)","decl":{"start":{"line":160,"column":26},"end":{"line":160,"column":27}},"loc":{"start":{"line":160,"column":39},"end":{"line":162,"column":7}},"line":160}},"branchMap":{"0":{"loc":{"start":{"line":7,"column":168},"end":{"line":7,"column":198}},"type":"binary-expr","locations":[{"start":{"line":7,"column":168},"end":{"line":7,"column":189}},{"start":{"line":7,"column":193},"end":{"line":7,"column":198}}],"line":7},"1":{"loc":{"start":{"line":7,"column":232},"end":{"line":7,"column":286}},"type":"if","locations":[{"start":{"line":7,"column":232},"end":{"line":7,"column":286}},{"start":{"line":7,"column":232},"end":{"line":7,"column":286}}],"line":7},"2":{"loc":{"start":{"line":7,"column":407},"end":{"line":7,"column":475}},"type":"if","locations":[{"start":{"line":7,"column":407},"end":{"line":7,"column":475}},{"start":{"line":7,"column":407},"end":{"line":7,"column":475}}],"line":7},"3":{"loc":{"start":{"line":7,"column":476},"end":{"line":7,"column":536}},"type":"if","locations":[{"start":{"line":7,"column":476},"end":{"line":7,"column":536}},{"start":{"line":7,"column":476},"end":{"line":7,"column":536}}],"line":7},"4":{"loc":{"start":{"line":33,"column":46},"end":{"line":33,"column":92}},"type":"cond-expr","locations":[{"start":{"line":33,"column":70},"end":{"line":33,"column":73}},{"start":{"line":33,"column":76},"end":{"line":33,"column":92}}],"line":33},"5":{"loc":{"start":{"line":33,"column":46},"end":{"line":33,"column":67}},"type":"binary-expr","locations":[{"start":{"line":33,"column":46},"end":{"line":33,"column":49}},{"start":{"line":33,"column":53},"end":{"line":33,"column":67}}],"line":33},"6":{"loc":{"start":{"line":35,"column":50},"end":{"line":35,"column":151}},"type":"if","locations":[{"start":{"line":35,"column":50},"end":{"line":35,"column":151}},{"start":{"line":35,"column":50},"end":{"line":35,"column":151}}],"line":35},"7":{"loc":{"start":{"line":64,"column":8},"end":{"line":66,"column":9}},"type":"if","locations":[{"start":{"line":64,"column":8},"end":{"line":66,"column":9}},{"start":{"line":64,"column":8},"end":{"line":66,"column":9}}],"line":64},"8":{"loc":{"start":{"line":100,"column":6},"end":{"line":105,"column":7}},"type":"if","locations":[{"start":{"line":100,"column":6},"end":{"line":105,"column":7}},{"start":{"line":100,"column":6},"end":{"line":105,"column":7}}],"line":100},"9":{"loc":{"start":{"line":122,"column":6},"end":{"line":127,"column":7}},"type":"if","locations":[{"start":{"line":122,"column":6},"end":{"line":127,"column":7}},{"start":{"line":122,"column":6},"end":{"line":127,"column":7}}],"line":122},"10":{"loc":{"start":{"line":141,"column":6},"end":{"line":146,"column":7}},"type":"if","locations":[{"start":{"line":141,"column":6},"end":{"line":146,"column":7}},{"start":{"line":141,"column":6},"end":{"line":146,"column":7}}],"line":141},"11":{"loc":{"start":{"line":164,"column":8},"end":{"line":166,"column":9}},"type":"if","locations":[{"start":{"line":164,"column":8},"end":{"line":166,"column":9}},{"start":{"line":164,"column":8},"end":{"line":166,"column":9}}],"line":164}},"s":{"0":1,"1":1,"2":1,"3":1,"4":5,"5":5,"6":5,"7":5,"8":5,"9":5,"10":1,"11":1,"12":0,"13":1,"14":1,"15":1,"16":1,"17":1,"18":1,"19":1,"20":1,"21":1,"22":1,"23":1,"24":1,"25":1,"26":1,"27":1,"28":6,"29":0,"30":0,"31":1,"32":1,"33":0,"34":1,"35":2,"36":2,"37":2,"38":2,"39":2,"40":2,"41":2,"42":2,"43":2,"44":1,"45":1,"46":1,"47":7,"48":1,"49":1,"50":1,"51":1,"52":1,"53":1,"54":1,"55":1,"56":1,"57":1,"58":1,"59":2,"60":2,"61":2,"62":2,"63":0,"64":2,"65":2,"66":2,"67":2,"68":2,"69":4,"70":2,"71":0,"72":2,"73":2,"74":2,"75":2,"76":2,"77":0,"78":2,"79":2,"80":2,"81":2,"82":2,"83":2,"84":2,"85":2,"86":0,"87":2,"88":0,"89":1,"90":1},"f":{"0":1,"1":1,"2":1,"3":6,"4":0,"5":1,"6":0,"7":2,"8":2,"9":7,"10":2,"11":2,"12":4,"13":2,"14":2,"15":2},"b":{"0":[5,5],"1":[5,0],"2":[0,1],"3":[1,0],"4":[6,0],"5":[6,6],"6":[0,0],"7":[1,1],"8":[0,2],"9":[0,2],"10":[0,2],"11":[0,2]},"_coverageSchema":"43e27e138ebf9cfc5966b082cf9a028302ed4184","hash":"913d7136c48176a423366f3949afae58883a1ce6","contentHash":"fede825efdea8195d46dfe1752ea5b38e360c9176395ce0e32e53a4a1f35ea14"},"C:\\Users\\Dashboard\\bootcamp\\andela\\EpicMail\\server\\middleware\\validateMessage.js":{"path":"C:\\Users\\Dashboard\\bootcamp\\andela\\EpicMail\\server\\middleware\\validateMessage.js","statementMap":{"0":{"start":{"line":3,"column":0},"end":{"line":5,"column":3}},"1":{"start":{"line":7,"column":19},"end":{"line":7,"column":563}},"2":{"start":{"line":7,"column":76},"end":{"line":7,"column":347}},"3":{"start":{"line":7,"column":89},"end":{"line":7,"column":90}},"4":{"start":{"line":7,"column":134},"end":{"line":7,"column":142}},"5":{"start":{"line":7,"column":144},"end":{"line":7,"column":199}},"6":{"start":{"line":7,"column":200},"end":{"line":7,"column":231}},"7":{"start":{"line":7,"column":232},"end":{"line":7,"column":286}},"8":{"start":{"line":7,"column":259},"end":{"line":7,"column":286}},"9":{"start":{"line":7,"column":287},"end":{"line":7,"column":345}},"10":{"start":{"line":7,"column":350},"end":{"line":7,"column":559}},"11":{"start":{"line":7,"column":407},"end":{"line":7,"column":475}},"12":{"start":{"line":7,"column":423},"end":{"line":7,"column":475}},"13":{"start":{"line":7,"column":476},"end":{"line":7,"column":536}},"14":{"start":{"line":7,"column":493},"end":{"line":7,"column":536}},"15":{"start":{"line":7,"column":537},"end":{"line":7,"column":556}},"16":{"start":{"line":9,"column":11},"end":{"line":9,"column":25}},"17":{"start":{"line":11,"column":12},"end":{"line":11,"column":40}},"18":{"start":{"line":13,"column":14},"end":{"line":13,"column":40}},"19":{"start":{"line":15,"column":15},"end":{"line":15,"column":46}},"20":{"start":{"line":17,"column":39},"end":{"line":17,"column":93}},"21":{"start":{"line":19,"column":50},"end":{"line":19,"column":151}},"22":{"start":{"line":19,"column":92},"end":{"line":19,"column":149}},"23":{"start":{"line":27,"column":22},"end":{"line":56,"column":3}},"24":{"start":{"line":29,"column":4},"end":{"line":29,"column":43}},"25":{"start":{"line":32,"column":2},"end":{"line":53,"column":6}},"26":{"start":{"line":43,"column":19},"end":{"line":50,"column":7}},"27":{"start":{"line":51,"column":6},"end":{"line":51,"column":64}},"28":{"start":{"line":55,"column":2},"end":{"line":55,"column":25}},"29":{"start":{"line":58,"column":0},"end":{"line":58,"column":34}}},"fnMap":{"0":{"name":"(anonymous_0)","decl":{"start":{"line":7,"column":19},"end":{"line":7,"column":20}},"loc":{"start":{"line":7,"column":31},"end":{"line":7,"column":561}},"line":7},"1":{"name":"defineProperties","decl":{"start":{"line":7,"column":42},"end":{"line":7,"column":58}},"loc":{"start":{"line":7,"column":74},"end":{"line":7,"column":349}},"line":7},"2":{"name":"(anonymous_2)","decl":{"start":{"line":7,"column":357},"end":{"line":7,"column":358}},"loc":{"start":{"line":7,"column":405},"end":{"line":7,"column":558}},"line":7},"3":{"name":"_interopRequireDefault","decl":{"start":{"line":17,"column":9},"end":{"line":17,"column":31}},"loc":{"start":{"line":17,"column":37},"end":{"line":17,"column":95}},"line":17},"4":{"name":"_classCallCheck","decl":{"start":{"line":19,"column":9},"end":{"line":19,"column":24}},"loc":{"start":{"line":19,"column":48},"end":{"line":19,"column":153}},"line":19},"5":{"name":"(anonymous_5)","decl":{"start":{"line":27,"column":22},"end":{"line":27,"column":23}},"loc":{"start":{"line":27,"column":34},"end":{"line":56,"column":1}},"line":27},"6":{"name":"ValidateMessage","decl":{"start":{"line":28,"column":11},"end":{"line":28,"column":26}},"loc":{"start":{"line":28,"column":29},"end":{"line":30,"column":3}},"line":28},"7":{"name":"validateMessageData","decl":{"start":{"line":42,"column":20},"end":{"line":42,"column":39}},"loc":{"start":{"line":42,"column":56},"end":{"line":52,"column":5}},"line":42}},"branchMap":{"0":{"loc":{"start":{"line":7,"column":168},"end":{"line":7,"column":198}},"type":"binary-expr","locations":[{"start":{"line":7,"column":168},"end":{"line":7,"column":189}},{"start":{"line":7,"column":193},"end":{"line":7,"column":198}}],"line":7},"1":{"loc":{"start":{"line":7,"column":232},"end":{"line":7,"column":286}},"type":"if","locations":[{"start":{"line":7,"column":232},"end":{"line":7,"column":286}},{"start":{"line":7,"column":232},"end":{"line":7,"column":286}}],"line":7},"2":{"loc":{"start":{"line":7,"column":407},"end":{"line":7,"column":475}},"type":"if","locations":[{"start":{"line":7,"column":407},"end":{"line":7,"column":475}},{"start":{"line":7,"column":407},"end":{"line":7,"column":475}}],"line":7},"3":{"loc":{"start":{"line":7,"column":476},"end":{"line":7,"column":536}},"type":"if","locations":[{"start":{"line":7,"column":476},"end":{"line":7,"column":536}},{"start":{"line":7,"column":476},"end":{"line":7,"column":536}}],"line":7},"4":{"loc":{"start":{"line":17,"column":46},"end":{"line":17,"column":92}},"type":"cond-expr","locations":[{"start":{"line":17,"column":70},"end":{"line":17,"column":73}},{"start":{"line":17,"column":76},"end":{"line":17,"column":92}}],"line":17},"5":{"loc":{"start":{"line":17,"column":46},"end":{"line":17,"column":67}},"type":"binary-expr","locations":[{"start":{"line":17,"column":46},"end":{"line":17,"column":49}},{"start":{"line":17,"column":53},"end":{"line":17,"column":67}}],"line":17},"6":{"loc":{"start":{"line":19,"column":50},"end":{"line":19,"column":151}},"type":"if","locations":[{"start":{"line":19,"column":50},"end":{"line":19,"column":151}},{"start":{"line":19,"column":50},"end":{"line":19,"column":151}}],"line":19}},"s":{"0":1,"1":1,"2":1,"3":1,"4":1,"5":1,"6":1,"7":1,"8":1,"9":1,"10":1,"11":1,"12":0,"13":1,"14":1,"15":1,"16":1,"17":1,"18":1,"19":1,"20":2,"21":0,"22":0,"23":1,"24":0,"25":1,"26":13,"27":13,"28":1,"29":1},"f":{"0":1,"1":1,"2":1,"3":2,"4":0,"5":1,"6":0,"7":13},"b":{"0":[1,1],"1":[1,0],"2":[0,1],"3":[1,0],"4":[1,1],"5":[2,2],"6":[0,0]},"_coverageSchema":"43e27e138ebf9cfc5966b082cf9a028302ed4184","hash":"b9406331d1c1467abac2f743d38c4eb7d680f208","contentHash":"9c5e9fd7c1214727156f360a48e189f166ee637a6eea8fb8ffb955f7c1740513"},"C:\\Users\\Dashboard\\bootcamp\\andela\\EpicMail\\server\\middleware\\verifytoken.js":{"path":"C:\\Users\\Dashboard\\bootcamp\\andela\\EpicMail\\server\\middleware\\verifytoken.js","statementMap":{"0":{"start":{"line":3,"column":0},"end":{"line":5,"column":3}},"1":{"start":{"line":7,"column":19},"end":{"line":7,"column":563}},"2":{"start":{"line":7,"column":76},"end":{"line":7,"column":347}},"3":{"start":{"line":7,"column":89},"end":{"line":7,"column":90}},"4":{"start":{"line":7,"column":134},"end":{"line":7,"column":142}},"5":{"start":{"line":7,"column":144},"end":{"line":7,"column":199}},"6":{"start":{"line":7,"column":200},"end":{"line":7,"column":231}},"7":{"start":{"line":7,"column":232},"end":{"line":7,"column":286}},"8":{"start":{"line":7,"column":259},"end":{"line":7,"column":286}},"9":{"start":{"line":7,"column":287},"end":{"line":7,"column":345}},"10":{"start":{"line":7,"column":350},"end":{"line":7,"column":559}},"11":{"start":{"line":7,"column":407},"end":{"line":7,"column":475}},"12":{"start":{"line":7,"column":423},"end":{"line":7,"column":475}},"13":{"start":{"line":7,"column":476},"end":{"line":7,"column":536}},"14":{"start":{"line":7,"column":493},"end":{"line":7,"column":536}},"15":{"start":{"line":7,"column":537},"end":{"line":7,"column":556}},"16":{"start":{"line":9,"column":13},"end":{"line":9,"column":38}},"17":{"start":{"line":11,"column":14},"end":{"line":11,"column":44}},"18":{"start":{"line":13,"column":13},"end":{"line":13,"column":38}},"19":{"start":{"line":15,"column":14},"end":{"line":15,"column":44}},"20":{"start":{"line":17,"column":39},"end":{"line":17,"column":93}},"21":{"start":{"line":19,"column":50},"end":{"line":19,"column":151}},"22":{"start":{"line":19,"column":92},"end":{"line":19,"column":149}},"23":{"start":{"line":21,"column":24},"end":{"line":21,"column":57}},"24":{"start":{"line":23,"column":12},"end":{"line":54,"column":3}},"25":{"start":{"line":25,"column":4},"end":{"line":25,"column":33}},"26":{"start":{"line":28,"column":2},"end":{"line":51,"column":6}},"27":{"start":{"line":31,"column":6},"end":{"line":49,"column":7}},"28":{"start":{"line":32,"column":8},"end":{"line":34,"column":9}},"29":{"start":{"line":33,"column":10},"end":{"line":33,"column":70}},"30":{"start":{"line":35,"column":20},"end":{"line":35,"column":59}},"31":{"start":{"line":36,"column":27},"end":{"line":38,"column":10}},"32":{"start":{"line":37,"column":10},"end":{"line":37,"column":35}},"33":{"start":{"line":40,"column":8},"end":{"line":42,"column":9}},"34":{"start":{"line":41,"column":10},"end":{"line":41,"column":60}},"35":{"start":{"line":43,"column":8},"end":{"line":43,"column":22}},"36":{"start":{"line":45,"column":8},"end":{"line"
[...]
,"line":44},"10":{"name":"(anonymous_10)","decl":{"start":{"line":52,"column":67},"end":{"line":52,"column":68}},"loc":{"start":{"line":52,"column":83},"end":{"line":60,"column":3}},"line":52},"11":{"name":"(anonymous_11)","decl":{"start":{"line":53,"column":108},"end":{"line":53,"column":109}},"loc":{"start":{"line":53,"column":128},"end":{"line":59,"column":5}},"line":53}},"branchMap":{"0":{"loc":{"start":{"line":15,"column":46},"end":{"line":15,"column":92}},"type":"cond-expr","locations":[{"start":{"line":15,"column":70},"end":{"line":15,"column":73}},{"start":{"line":15,"column":76},"end":{"line":15,"column":92}}],"line":15},"1":{"loc":{"start":{"line":15,"column":46},"end":{"line":15,"column":67}},"type":"binary-expr","locations":[{"start":{"line":15,"column":46},"end":{"line":15,"column":49}},{"start":{"line":15,"column":53},"end":{"line":15,"column":67}}],"line":15},"2":{"loc":{"start":{"line":54,"column":6},"end":{"line":56,"column":7}},"type":"if","locations":[{"start":{"line":54,"column":6},"end":{"line":56,"column":7}},{"start":{"line":54,"column":6},"end":{"line":56,"column":7}}],"line":54}},"s":{"0":1,"1":1,"2":1,"3":1,"4":1,"5":1,"6":2,"7":1,"8":1,"9":1,"10":1,"11":1,"12":1,"13":1,"14":1,"15":1,"16":1,"17":1,"18":1,"19":1,"20":1,"21":1,"22":1,"23":1,"24":1,"25":1,"26":1,"27":1,"28":1,"29":1,"30":1,"31":1,"32":1,"33":0,"34":1,"35":1},"f":{"0":2,"1":1,"2":1,"3":1,"4":1,"5":1,"6":1,"7":1,"8":1,"9":1,"10":1,"11":1},"b":{"0":[1,1],"1":[2,2],"2":[0,1]},"_coverageSchema":"43e27e138ebf9cfc5966b082cf9a028302ed4184","hash":"da811cf254bf5881c8e382ed23214e4a4ea3d4c2","contentHash":"e230a3adedccafb36f1664eb029084e28807744ed746edf3899600645185b09b"},"C:\\Users\\Dashboard\\bootcamp\\andela\\EpicMail\\server\\test\\getReceivedMessage.js":{"path":"C:\\Users\\Dashboard\\bootcamp\\andela\\EpicMail\\server\\test\\getReceivedMessage.js","statementMap":{"0":{"start":{"line":3,"column":13},"end":{"line":3,"column":29}},"1":{"start":{"line":5,"column":12},"end":{"line":5,"column":27}},"2":{"start":{"line":7,"column":16},"end":{"line":7,"column":36}},"3":{"start":{"line":9,"column":17},"end":{"line":9,"column":50}},"4":{"start":{"line":11,"column":11},"end":{"line":11,"column":28}},"5":{"start":{"line":13,"column":12},"end":{"line":13,"column":40}},"6":{"start":{"line":15,"column":39},"end":{"line":15,"column":93}},"7":{"start":{"line":17,"column":0},"end":{"line":17,"column":35}},"8":{"start":{"line":18,"column":12},"end":{"line":18,"column":18}},"9":{"start":{"line":20,"column":0},"end":{"line":61,"column":3}},"10":{"start":{"line":21,"column":2},"end":{"line":27,"column":5}},"11":{"start":{"line":22,"column":4},"end":{"line":26,"column":7}},"12":{"start":{"line":24,"column":6},"end":{"line":24,"column":37}},"13":{"start":{"line":25,"column":6},"end":{"line":25,"column":16}},"14":{"start":{"line":28,"column":2},"end":{"line":34,"column":5}},"15":{"start":{"line":29,"column":4},"end":{"line":33,"column":7}},"16":{"start":{"line":30,"column":6},"end":{"line":30,"column":42}},"17":{"start":{"line":31,"column":6},"end":{"line":31,"column":82}},"18":{"start":{"line":32,"column":6},"end":{"line":32,"column":16}},"19":{"start":{"line":36,"column":2},"end":{"line":42,"column":5}},"20":{"start":{"line":37,"column":4},"end":{"line":41,"column":7}},"21":{"start":{"line":38,"column":6},"end":{"line":38,"column":42}},"22":{"start":{"line":39,"column":6},"end":{"line":39,"column":92}},"23":{"start":{"line":40,"column":6},"end":{"line":40,"column":16}},"24":{"start":{"line":43,"column":2},"end":{"line":50,"column":5}},"25":{"start":{"line":44,"column":4},"end":{"line":49,"column":7}},"26":{"start":{"line":45,"column":6},"end":{"line":45,"column":42}},"27":{"start":{"line":46,"column":6},"end":{"line":46,"column":71}},"28":{"start":{"line":47,"column":6},"end":{"line":47,"column":42}},"29":{"start":{"line":48,"column":6},"end":{"line":48,"column":16}},"30":{"start":{"line":52,"column":2},"end":{"line":60,"column":5}},"31":{"start":{"line":53,"column":4},"end":{"line":59,"column":7}},"32":{"start":{"line":54,"column":6},"end":{"line":56,"column":7}},"33":{"start":{"line":55,"column":8},"end":{"line":55,"column":68}},"34":{"start":{"line":57,"column":6},"end":{"line":57,"column":42}},"35":{"start":{"line":58,"column":6},"end":{"line":58,"column":16}}},"fnMap":{"0":{"name":"_interopRequireDefault","decl":{"start":{"line":15,"column":9},"end":{"line":15,"column":31}},"loc":{"start":{"line":15,"column":37},"end":{"line":15,"column":95}},"line":15},"1":{"name":"(anonymous_1)","decl":{"start":{"line":20,"column":44},"end":{"line":20,"column":45}},"loc":{"start":{"line":20,"column":56},"end":{"line":61,"column":1}},"line":20},"2":{"name":"(anonymous_2)","decl":{"start":{"line":21,"column":21},"end":{"line":21,"column":22}},"loc":{"start":{"line":21,"column":37},"end":{"line":27,"column":3}},"line":21},"3":{"name":"(anonymous_3)","decl":{"start":{"line":22,"column":137},"end":{"line":22,"column":138}},"loc":{"start":{"line":22,"column":157},"end":{"line":26,"column":5}},"line":22},"4":{"name":"(anonymous_4)","decl":{"start":{"line":28,"column":73},"end":{"line":28,"column":74}},"loc":{"start":{"line":28,"column":89},"end":{"line":34,"column":3}},"line":28},"5":{"name":"(anonymous_5)","decl":{"start":{"line":29,"column":117},"end":{"line":29,"column":118}},"loc":{"start":{"line":29,"column":137},"end":{"line":33,"column":5}},"line":29},"6":{"name":"(anonymous_6)","decl":{"start":{"line":36,"column":71},"end":{"line":36,"column":72}},"loc":{"start":{"line":36,"column":87},"end":{"line":42,"column":3}},"line":36},"7":{"name":"(anonymous_7)","decl":{"start":{"line":37,"column":66},"end":{"line":37,"column":67}},"loc":{"start":{"line":37,"column":86},"end":{"line":41,"column":5}},"line":37},"8":{"name":"(anonymous_8)","decl":{"start":{"line":43,"column":50},"end":{"line":43,"column":51}},"loc":{"start":{"line":43,"column":66},"end":{"line":50,"column":3}},"line":43},"9":{"name":"(anonymous_9)","decl":{"start":{"line":44,"column":106},"end":{"line":44,"column":107}},"loc":{"start":{"line":44,"column":126},"end":{"line":49,"column":5}},"line":44},"10":{"name":"(anonymous_10)","decl":{"start":{"line":52,"column":70},"end":{"line":52,"column":71}},"loc":{"start":{"line":52,"column":86},"end":{"line":60,"column":3}},"line":52},"11":{"name":"(anonymous_11)","decl":{"start":{"line":53,"column":106},"end":{"line":53,"column":107}},"loc":{"start":{"line":53,"column":126},"end":{"line":59,"column":5}},"line":53}},"branchMap":{"0":{"loc":{"start":{"line":15,"column":46},"end":{"line":15,"column":92}},"type":"cond-expr","locations":[{"start":{"line":15,"column":70},"end":{"line":15,"column":73}},{"start":{"line":15,"column":76},"end":{"line":15,"column":92}}],"line":15},"1":{"loc":{"start":{"line":15,"column":46},"end":{"line":15,"column":67}},"type":"binary-expr","locations":[{"start":{"line":15,"column":46},"end":{"line":15,"column":49}},{"start":{"line":15,"column":53},"end":{"line":15,"column":67}}],"line":15},"2":{"loc":{"start":{"line":54,"column":6},"end":{"line":56,"column":7}},"type":"if","locations":[{"start":{"line":54,"column":6},"end":{"line":56,"column":7}},{"start":{"line":54,"column":6},"end":{"line":56,"column":7}}],"line":54}},"s":{"0":1,"1":1,"2":1,"3":1,"4":1,"5":1,"6":2,"7":1,"8":1,"9":1,"10":1,"11":1,"12":1,"13":1,"14":1,"15":1,"16":1,"17":1,"18":1,"19":1,"20":1,"21":1,"22":1,"23":1,"24":1,"25":1,"26":1,"27":1,"28":1,"29":1,"30":1,"31":1,"32":1,"33":0,"34":1,"35":1},"f":{"0":2,"1":1,"2":1,"3":1,"4":1,"5":1,"6":1,"7":1,"8":1,"9":1,"10":1,"11":1},"b":{"0":[1,1],"1":[2,2],"2":[0,1]},"_coverageSchema":"43e27e138ebf9cfc5966b082cf9a028302ed4184","hash":"34f00afc117ffc20e17783570358478d717db42e","contentHash":"70772849b972b4adccea4eb56ef95a3384596e381a721b77610861412b945c5b"},"C:\\Users\\Dashboard\\bootcamp\\andela\\EpicMail\\server\\test\\getSentMessage.js":{"path":"C:\\Users\\Dashboard\\bootcamp\\andela\\EpicMail\\server\\test\\getSentMessage.js","statementMap":{"0":{"start":{"line":3,"column":13},"end":{"line":3,"column":29}},"1":{"start":{"line":5,"column":12},"end":{"line":5,"column":27}},"2":{"start":{"line":7,"column":16},"end":{"line":7,"column":36}},"3":{"start":{"line":9,"column":17},"end":{"line":9,"column":50}},"4":{"start":{"line":11,"column":11},"end":{"line":11,"column":28}},"5":{"start":{"line":13,"column":12},"end":{"line":13,"column":40}},"6":{"start":{"line":15,"column":39},"end":{"line":15,"column":93}},"7":{"start":{"line":17,"column":0},"end":{"line":17,"column":35}},"8":{"start":{"line":19,"column":12},"end":{"line":19,"column":18}},"9":{"start":{"line":21,"column":0},"end":{"line":64,"column":3}},"10":{"start":{"line":22,"column":2},"end":{"line":28,"column":5}},"11":{"start":{"line":23,"column":4},"end":{"line":27,"column":7}},"12":{"start":{"line":25,"column":6},"end":{"line":25,"column":37}},"13":{"start":{"line":26,"column":6},"end":{"line":26,"column":16}},"14":{"start":{"line":30,"column":2},"end":{"line":36,"column":5}},"15":{"start":{"line":31,"column":4},"end":{"line":35,"column":7}},"16":{"start":{"line":32,"column":6},"end":{"line":32,"column":42}},"17":{"start":{"line":33,"column":6},"end":{"line":33,"column":82}},"18":{"start":{"line":34,"column":6},"end":{"line":34,"column":16}},"19":{"start":{"line":38,"column":2},"end":{"line":44,"column":5}},"20":{"start":{"line":39,"column":4},"end":{"line":43,"column":7}},"21":{"start":{"line":40,"column":6},"end":{"line":40,"column":42}},"22":{"start":{"line":41,"column":6},"end":{"line":41,"column":92}},"23":{"start":{"line":42,"column":6},"end":{"line":42,"column":16}},"24":{"start":{"line":46,"column":2},"end":{"line":53,"column":5}},"25":{"start":{"line":47,"column":4},"end":{"line":52,"column":7}},"26":{"start":{"line":48,"column":6},"end":{"line":48,"column":42}},"27":{"start":{"line":49,"column":6},"end":{"line":49,"column":70}},"28":{"start":{"line":50,"column":6},"end":{"line":50,"column":42}},"29":{"start":{"line":51,"column":6},"end":{"line":51,"column":16}},"30":{"start":{"line":55,"column":2},"end":{"line":63,"column":5}},"31":{"start":{"line":56,"column":4},"end":{"line":62,"column":7}},"32":{"start":{"line":57,"column":6},"end":{"line":59,"column":7}},"33":{"start":{"line":58,"column":8},"end":{"line":58,"column":70}},"34":{"start":{"line":60,"column":6},"end":{"line":60,"column":42}},"35":{"start":{"line":61,"column":6},"end":{"line":61,"column":16}}},"fnMap":{"0":{"name":"_interopRequireDefault","decl":{"start":{"line":15,"column":9},"end":{"line":15,"column":31}},"loc":{"start":{"line":15,"column":37},"end":{"line":15,"column":95}},"line":15},"1":{"name":"(anonymous_1)","decl":{"start":{"line":21,"column":44},"end":{"line":21,"column":45}},"loc":{"start":{"line":21,"column":56},"end":{"line":64,"column":1}},"line":21},"2":{"name":"(anonymous_2)","decl":{"start":{"line":22,"column":21},"end":{"line":22,"column":22}},"loc":{"start":{"line":22,"column":37},"end":{"line":28,"column":3}},"line":22},"3":{"name":"(anonymous_3)","decl":{"start":{"line":23,"column":137},"end":{"line":23,"column":138}},"loc":{"start":{"line":23,"column":157},"end":{"line":27,"column":5}},"line":23},"4":{"name":"(anonymous_4)","decl":{"start":{"line":30,"column":73},"end":{"line":30,"column":74}},"loc":{"start":{"line":30,"column":89},"end":{"line":36,"column":3}},"line":30},"5":{"name":"(anonymous_5)","decl":{"start":{"line":31,"column":122},"end":{"line":31,"column":123}},"loc":{"start":{"line":31,"column":142},"end":{"line":35,"column":5}},"line":31},"6":{"name":"(anonymous_6)","decl":{"start":{"line":38,"column":71},"end":{"line":38,"column":72}},"loc":{"start":{"line":38,"column":87},"end":{"line":44,"column":3}},"line":38},"7":{"name":"(anonymous_7)","decl":{"start":{"line":39,"column":71},"end":{"line":39,"column":72}},"loc":{"start":{"line":39,"column":91},"end":{"line":43,"column":5}},"line":39},"8":{"name":"(anonymous_8)","decl":{"start":{"line":46,"column":50},"end":{"line":46,"column":51}},"loc":{"start":{"line":46,"column":66},"end":{"line":53,"column":3}},"line":46},"9":{"name":"(anonymous_9)","decl":{"start":{"line":47,"column":111},"end":{"line":47,"column":112}},"loc":{"start":{"line":47,"column":131},"end":{"line":52,"column":5}},"line":47},"10":{"name":"(anonymous_10)","decl":{"start":{"line":55,"column":50},"end":{"line":55,"column":51}},"loc":{"start":{"line":55,"column":66},"end":{"line":63,"column":3}},"line":55},"11":{"name":"(anonymous_11)","decl":{"start":{"line":56,"column":111},"end":{"line":56,"column":112}},"loc":{"start":{"line":56,"column":131},"end":{"line":62,"column":5}},"line":56}},"branchMap":{"0":{"loc":{"start":{"line":15,"column":46},"end":{"line":15,"column":92}},"type":"cond-expr","locations":[{"start":{"line":15,"column":70},"end":{"line":15,"column":73}},{"start":{"line":15,"column":76},"end":{"line":15,"column":92}}],"line":15},"1":{"loc":{"start":{"line":15,"column":46},"end":{"line":15,"column":67}},"type":"binary-expr","locations":[{"start":{"line":15,"column":46},"end":{"line":15,"column":49}},{"start":{"line":15,"column":53},"end":{"line":15,"column":67}}],"line":15},"2":{"loc":{"start":{"line":57,"column":6},"end":{"line":59,"column":7}},"type":"if","locations":[{"start":{"line":57,"column":6},"end":{"line":59,"column":7}},{"start":{"line":57,"column":6},"end":{"line":59,"column":7}}],"line":57}},"s":{"0":1,"1":1,"2":1,"3":1,"4":1,"5":1,"6":2,"7":1,"8":1,"9":1,"10":1,"11":1,"12":1,"13":1,"14":1,"15":1,"16":1,"17":1,"18":1,"19":1,"20":1,"21":1,"22":1,"23":1,"24":1,"25":1,"26":1,"27":1,"28":1,"29":1,"30":1,"31":1,"32":1,"33":0,"34":1,"35":1},"f":{"0":2,"1":1,"2":1,"3":1,"4":1,"5":1,"6":1,"7":1,"8":1,"9":1,"10":1,"11":1},"b":{"0":[1,1],"1":[2,2],"2":[0,1]},"_coverageSchema":"43e27e138ebf9cfc5966b082cf9a028302ed4184","hash":"06da0d0805e7871bdcb37bc4760653306b65ec18","contentHash":"0f53f89c4a9f0f9da2bd986fed3d9346572c50de72947fd1db773c3848425f00"},"C:\\Users\\Dashboard\\bootcamp\\andela\\EpicMail\\server\\test\\getUnreadMessage.js":{"path":"C:\\Users\\Dashboard\\bootcamp\\andela\\EpicMail\\server\\test\\getUnreadMessage.js","statementMap":{"0":{"start":{"line":3,"column":13},"end":{"line":3,"column":29}},"1":{"start":{"line":5,"column":12},"end":{"line":5,"column":27}},"2":{"start":{"line":7,"column":16},"end":{"line":7,"column":36}},"3":{"start":{"line":9,"column":17},"end":{"line":9,"column":50}},"4":{"start":{"line":11,"column":11},"end":{"line":11,"column":28}},"5":{"start":{"line":13,"column":12},"end":{"line":13,"column":40}},"6":{"start":{"line":15,"column":39},"end":{"line":15,"column":93}},"7":{"start":{"line":17,"column":0},"end":{"line":17,"column":35}},"8":{"start":{"line":19,"column":12},"end":{"line":19,"column":18}},"9":{"start":{"line":21,"column":0},"end":{"line":64,"column":3}},"10":{"start":{"line":22,"column":2},"end":{"line":28,"column":5}},"11":{"start":{"line":23,"column":4},"end":{"line":27,"column":7}},"12":{"start":{"line":25,"column":6},"end":{"line":25,"column":37}},"13":{"start":{"line":26,"column":6},"end":{"line":26,"column":16}},"14":{"start":{"line":30,"column":2},"end":{"line":36,"column":5}},"15":{"start":{"line":31,"column":4},"end":{"line":35,"column":7}},"16":{"start":{"line":32,"column":6},"end":{"line":32,"column":42}},"17":{"start":{"line":33,"column":6},"end":{"line":33,"column":82}},"18":{"start":{"line":34,"column":6},"end":{"line":34,"column":16}},"19":{"start":{"line":38,"column":2},"end":{"line":44,"column":5}},"20":{"start":{"line":39,"column":4},"end":{"line":43,"column":7}},"21":{"start":{"line":40,"column":6},"end":{"line":40,"column":42}},"22":{"start":{"line":41,"column":6},"end":{"line":41,"column":92}},"23":{"start":{"line":42,"column":6},"end":{"line":42,"column":16}},"24":{"start":{"line":46,"column":2},"end":{"line":53,"column":5}},"25":{"start":{"line":47,"column":4},"end":{"line":52,"column":7}},"26":{"start":{"line":48,"column":6},"end":{"line":48,"column":42}},"27":{"start":{"line":49,"column":6},"end":{"line":49,"column":72}},"28":{"start":{"line":50,"column":6},"end":{"line":50,"column":42}},"29":{"start":{"line":51,"column":6},"end":{"line":51,"column":16}},"30":{"start":{"line":55,"column":2},"end":{"line":63,"column":5}},"31":{"start":{"line":56,"column":4},"end":{"line":62,"column":7}},"32":{"start":{"line":57,"column":6},"end":{"line":59,"column":7}},"33":{"start":{"line":58,"column":8},"end":{"line":58,"column":66}},"34":{"start":{"line":60,"column":6},"end":{"line":60,"column":42}},"35":{"start":{"line":61,"column":6},"end":{"line":61,"column":16}}},"fnMap":{"0":{"name":"_interopRequireDefault","decl":{"start":{"line":15,"column":9},"end":{"line":15,"column":31}},"loc":{"start":{"line":15,"column":37},"end":{"line":15,"column":95}},"line":15},"1":{"name":"(anonymous_1)","decl":{"start":{"line":21,"column":44},"end":{"line":21,"column":45}},"loc":{"start":{"line":21,"column":56},"end":{"line":64,"column":1}},"line":21},"2":{"name":"(anonymous_2)","decl":{"start":{"line":22,"column":21},"end":{"line":22,"column":22}},"loc":{"start":{"line":22,"column":37},"end":{"line":28,"column":3}},"line":22},"3":{"name":"(anonymous_3)","decl":{"start":{"line":23,"column":137},"end":{"line":23,"column":138}},"loc":{"start":{"line":23,"column":157},"end":{"line":27,"column":5}},"line":23},"4":{"name":"(anonymous_4)","decl":{"start":{"line":30,"column":73},"end":{"line":30,"column":74}},"loc":{"start":{"line":30,"column":89},"end":{"line":36,"column":3}},"line":30},"5":{"name":"(anonymous_5)","decl":{"start":{"line":31,"column":124},"end":{"line":31,"column":125}},"loc":{"start":{"line":31,"column":144},"end":{"line":35,"column":5}},"line":31},"6":{"name":"(anonymous_6)","decl":{"start":{"line":38,"column":71},"end":{"line":38,"column":72}},"loc":{"start":{"line":38,"column":87},"end":{"line":44,"column":3}},"line":38},"7":{"name":"(anonymous_7)","decl":{"start":{"line":39,"column":73},"end":{"line":39,"column":74}},"loc":{"start":{"line":39,"column":93},"end":{"line":43,"column":5}},"line":39},"8":{"name":"(anonymous_8)","decl":{"start":{"line":46,"column":50},"end":{"line":46,"column":51}},"loc":{"start":{"line":46,"column":66},"end":{"line":53,"column":3}},"line":46},"9":{"name":"(anonymous_9)","decl":{"start":{"line":47,"column":113},"end":{"line":47,"column":114}},"loc":{"start":{"line":47,"column":133},"end":{"line":52,"column":5}},"line":47},"10":{"name":"(anonymous_10)","decl":{"start":{"line":55,"column":50},"end":{"line":55,"column":51}},"loc":{"start":{"line":55,"column":66},"end":{"line":63,"column":3}},"line":55},"11":{"name":"(anonymous_11)","decl":{"start":{"line":56,"column":113},"end":{"line":56,"column":114}},"loc":{"start":{"line":56,"column":133},"end":{"line":62,"column":5}},"line":56}},"branchMap":{"0":{"loc":{"start":{"line":15,"column":46},"end":{"line":15,"column":92}},"type":"cond-expr","locations":[{"start":{"line":15,"column":70},"end":{"line":15,"column":73}},{"start":{"line":15,"column":76},"end":{"line":15,"column":92}}],"line":15},"1":{"loc":{"start":{"line":15,"column":46},"end":{"line":15,"column":67}},"type":"binary-expr","locations":[{"start":{"line":15,"column":46},"end":{"line":15,"column":49}},{"start":{"line":15,"column":53},"end":{"line":15,"column":67}}],"line":15},"2":{"loc":{"start":{"line":57,"column":6},"end":{"line":59,"column":7}},"type":"if","locations":[{"start":{"line":57,"column":6},"end":{"line":59,"column":7}},{"start":{"line":57,"column":6},"end":{"line":59,"column":7}}],"line":57}},"s":{"0":1,"1":1,"2":1,"3":1,"4":1,"5":1,"6":2,"7":1,"8":1,"9":1,"10":1,"11":1,"12":1,"13":1,"14":1,"15":1,"16":1,"17":1,"18":1,"19":1,"20":1,"21":1,"22":1,"23":1,"24":1,"25":1,"26":1,"27":1,"28":1,"29":1,"30":1,"31":1,"32":1,"33":0,"34":1,"35":1},"f":{"0":2,"1":1,"2":1,"3":1,"4":1,"5":1,"6":1,"7":1,"8":1,"9":1,"10":1,"11":1},"b":{"0":[1,1],"1":[2,2],"2":[0,1]},"_coverageSchema":"43e27e138ebf9cfc5966b082cf9a028302ed4184","hash":"43971a4185380165263152bfba5dad06ea5692d9","contentHash":"8d553b74bfb50a4d5993a81ca63f973bd6ead74bac02629e046573996498164d"}}